<?xml version="1.0" encoding="utf-8"?><testsuites><testsuite name="pytest" errors="0" failures="190" skipped="0" tests="1510" time="336.136" timestamp="2023-05-31T00:31:46.356881" hostname="DESKTOP-81OAIKM"><testcase classname="tests.test_cpu" name="test_daveNES[C:/Users/David/Documents/Coding/daveNES/tests/ProcessorTests-main/nes6502/v1/69.json-i0]" time="0.120" /><testcase classname="tests.test_cpu" name="test_daveNES[C:/Users/David/Documents/Coding/daveNES/tests/ProcessorTests-main/nes6502/v1/69.json-i1]" time="0.156" /><testcase classname="tests.test_cpu" name="test_daveNES[C:/Users/David/Documents/Coding/daveNES/tests/ProcessorTests-main/nes6502/v1/69.json-i2]" time="0.122" /><testcase classname="tests.test_cpu" name="test_daveNES[C:/Users/David/Documents/Coding/daveNES/tests/ProcessorTests-main/nes6502/v1/69.json-i3]" time="0.164" /><testcase classname="tests.test_cpu" name="test_daveNES[C:/Users/David/Documents/Coding/daveNES/tests/ProcessorTests-main/nes6502/v1/69.json-i4]" time="0.120" /><testcase classname="tests.test_cpu" name="test_daveNES[C:/Users/David/Documents/Coding/daveNES/tests/ProcessorTests-main/nes6502/v1/69.json-i5]" time="0.156" /><testcase classname="tests.test_cpu" name="test_daveNES[C:/Users/David/Documents/Coding/daveNES/tests/ProcessorTests-main/nes6502/v1/69.json-i6]" time="0.123" /><testcase classname="tests.test_cpu" name="test_daveNES[C:/Users/David/Documents/Coding/daveNES/tests/ProcessorTests-main/nes6502/v1/69.json-i7]" time="0.165" /><testcase classname="tests.test_cpu" name="test_daveNES[C:/Users/David/Documents/Coding/daveNES/tests/ProcessorTests-main/nes6502/v1/69.json-i8]" time="0.118" /><testcase classname="tests.test_cpu" name="test_daveNES[C:/Users/David/Documents/Coding/daveNES/tests/ProcessorTests-main/nes6502/v1/69.json-i9]" time="0.157" /><testcase classname="tests.test_cpu" name="test_daveNES[C:/Users/David/Documents/Coding/daveNES/tests/ProcessorTests-main/nes6502/v1/65.json-i10]" time="0.135" /><testcase classname="tests.test_cpu" name="test_daveNES[C:/Users/David/Documents/Coding/daveNES/tests/ProcessorTests-main/nes6502/v1/65.json-i11]" time="0.160" /><testcase classname="tests.test_cpu" name="test_daveNES[C:/Users/David/Documents/Coding/daveNES/tests/ProcessorTests-main/nes6502/v1/65.json-i12]" time="0.169" /><testcase classname="tests.test_cpu" name="test_daveNES[C:/Users/David/Documents/Coding/daveNES/tests/ProcessorTests-main/nes6502/v1/65.json-i13]" time="0.170" /><testcase classname="tests.test_cpu" name="test_daveNES[C:/Users/David/Documents/Coding/daveNES/tests/ProcessorTests-main/nes6502/v1/65.json-i14]" time="0.173" /><testcase classname="tests.test_cpu" name="test_daveNES[C:/Users/David/Documents/Coding/daveNES/tests/ProcessorTests-main/nes6502/v1/65.json-i15]" time="0.178" /><testcase classname="tests.test_cpu" name="test_daveNES[C:/Users/David/Documents/Coding/daveNES/tests/ProcessorTests-main/nes6502/v1/65.json-i16]" time="0.131" /><testcase classname="tests.test_cpu" name="test_daveNES[C:/Users/David/Documents/Coding/daveNES/tests/ProcessorTests-main/nes6502/v1/65.json-i17]" time="0.164" /><testcase classname="tests.test_cpu" name="test_daveNES[C:/Users/David/Documents/Coding/daveNES/tests/ProcessorTests-main/nes6502/v1/65.json-i18]" time="0.169" /><testcase classname="tests.test_cpu" name="test_daveNES[C:/Users/David/Documents/Coding/daveNES/tests/ProcessorTests-main/nes6502/v1/65.json-i19]" time="0.170" /><testcase classname="tests.test_cpu" name="test_daveNES[C:/Users/David/Documents/Coding/daveNES/tests/ProcessorTests-main/nes6502/v1/75.json-i20]" time="0.190" /><testcase classname="tests.test_cpu" name="test_daveNES[C:/Users/David/Documents/Coding/daveNES/tests/ProcessorTests-main/nes6502/v1/75.json-i21]" time="0.182" /><testcase classname="tests.test_cpu" name="test_daveNES[C:/Users/David/Documents/Coding/daveNES/tests/ProcessorTests-main/nes6502/v1/75.json-i22]" time="0.182"><failure message="assert 240 == 112&#10; +  where 112 = &lt;cpu.MOS6502 object at 0x00000202FDF094B0&gt;.r_accumulator">i = 2, json_filename = 'C:/Users/David/Documents/Coding/daveNES/tests/ProcessorTests-main/nes6502/v1/75.json'

    @pytest.mark.parametrize("json_filename, i", zip(json_files_reshaped, inds))
    def test_daveNES(i, json_filename):
        print(f'ind: {i}, filename: {json_filename}')
        test = get_json(json_filename)[i]
        daveNES = init_daveNES(test)
    
        daveNES.step_program()
    
        assert test['final']['pc'] == daveNES.r_program_counter
        assert test['final']['s'] == daveNES.r_stack_pointer
&gt;       assert test['final']['a'] == daveNES.r_accumulator
E       assert 240 == 112
E        +  where 112 = &lt;cpu.MOS6502 object at 0x00000202FDF094B0&gt;.r_accumulator

tests\test_cpu.py:56: AssertionError</failure></testcase><testcase classname="tests.test_cpu" name="test_daveNES[C:/Users/David/Documents/Coding/daveNES/tests/ProcessorTests-main/nes6502/v1/75.json-i23]" time="0.176" /><testcase classname="tests.test_cpu" name="test_daveNES[C:/Users/David/Documents/Coding/daveNES/tests/ProcessorTests-main/nes6502/v1/75.json-i24]" time="0.225" /><testcase classname="tests.test_cpu" name="test_daveNES[C:/Users/David/Documents/Coding/daveNES/tests/ProcessorTests-main/nes6502/v1/75.json-i25]" time="0.197"><failure message="assert 34 == 105&#10; +  where 105 = &lt;cpu.MOS6502 object at 0x00000202FF427D30&gt;.r_accumulator">i = 5, json_filename = 'C:/Users/David/Documents/Coding/daveNES/tests/ProcessorTests-main/nes6502/v1/75.json'

    @pytest.mark.parametrize("json_filename, i", zip(json_files_reshaped, inds))
    def test_daveNES(i, json_filename):
        print(f'ind: {i}, filename: {json_filename}')
        test = get_json(json_filename)[i]
        daveNES = init_daveNES(test)
    
        daveNES.step_program()
    
        assert test['final']['pc'] == daveNES.r_program_counter
        assert test['final']['s'] == daveNES.r_stack_pointer
&gt;       assert test['final']['a'] == daveNES.r_accumulator
E       assert 34 == 105
E        +  where 105 = &lt;cpu.MOS6502 object at 0x00000202FF427D30&gt;.r_accumulator

tests\test_cpu.py:56: AssertionError</failure></testcase><testcase classname="tests.test_cpu" name="test_daveNES[C:/Users/David/Documents/Coding/daveNES/tests/ProcessorTests-main/nes6502/v1/75.json-i26]" time="0.190"><failure message="assert 53 == 198&#10; +  where 198 = &lt;cpu.MOS6502 object at 0x00000202FCA28070&gt;.r_accumulator">i = 6, json_filename = 'C:/Users/David/Documents/Coding/daveNES/tests/ProcessorTests-main/nes6502/v1/75.json'

    @pytest.mark.parametrize("json_filename, i", zip(json_files_reshaped, inds))
    def test_daveNES(i, json_filename):
        print(f'ind: {i}, filename: {json_filename}')
        test = get_json(json_filename)[i]
        daveNES = init_daveNES(test)
    
        daveNES.step_program()
    
        assert test['final']['pc'] == daveNES.r_program_counter
        assert test['final']['s'] == daveNES.r_stack_pointer
&gt;       assert test['final']['a'] == daveNES.r_accumulator
E       assert 53 == 198
E        +  where 198 = &lt;cpu.MOS6502 object at 0x00000202FCA28070&gt;.r_accumulator

tests\test_cpu.py:56: AssertionError</failure></testcase><testcase classname="tests.test_cpu" name="test_daveNES[C:/Users/David/Documents/Coding/daveNES/tests/ProcessorTests-main/nes6502/v1/75.json-i27]" time="0.188"><failure message="assert 251 == 39&#10; +  where 39 = &lt;cpu.MOS6502 object at 0x00000202FDF0A9E0&gt;.r_accumulator">i = 7, json_filename = 'C:/Users/David/Documents/Coding/daveNES/tests/ProcessorTests-main/nes6502/v1/75.json'

    @pytest.mark.parametrize("json_filename, i", zip(json_files_reshaped, inds))
    def test_daveNES(i, json_filename):
        print(f'ind: {i}, filename: {json_filename}')
        test = get_json(json_filename)[i]
        daveNES = init_daveNES(test)
    
        daveNES.step_program()
    
        assert test['final']['pc'] == daveNES.r_program_counter
        assert test['final']['s'] == daveNES.r_stack_pointer
&gt;       assert test['final']['a'] == daveNES.r_accumulator
E       assert 251 == 39
E        +  where 39 = &lt;cpu.MOS6502 object at 0x00000202FDF0A9E0&gt;.r_accumulator

tests\test_cpu.py:56: AssertionError</failure></testcase><testcase classname="tests.test_cpu" name="test_daveNES[C:/Users/David/Documents/Coding/daveNES/tests/ProcessorTests-main/nes6502/v1/75.json-i28]" time="0.185" /><testcase classname="tests.test_cpu" name="test_daveNES[C:/Users/David/Documents/Coding/daveNES/tests/ProcessorTests-main/nes6502/v1/75.json-i29]" time="0.180"><failure message="assert 249 == 17&#10; +  where 17 = &lt;cpu.MOS6502 object at 0x00000202FF133D60&gt;.r_accumulator">i = 9, json_filename = 'C:/Users/David/Documents/Coding/daveNES/tests/ProcessorTests-main/nes6502/v1/75.json'

    @pytest.mark.parametrize("json_filename, i", zip(json_files_reshaped, inds))
    def test_daveNES(i, json_filename):
        print(f'ind: {i}, filename: {json_filename}')
        test = get_json(json_filename)[i]
        daveNES = init_daveNES(test)
    
        daveNES.step_program()
    
        assert test['final']['pc'] == daveNES.r_program_counter
        assert test['final']['s'] == daveNES.r_stack_pointer
&gt;       assert test['final']['a'] == daveNES.r_accumulator
E       assert 249 == 17
E        +  where 17 = &lt;cpu.MOS6502 object at 0x00000202FF133D60&gt;.r_accumulator

tests\test_cpu.py:56: AssertionError</failure></testcase><testcase classname="tests.test_cpu" name="test_daveNES[C:/Users/David/Documents/Coding/daveNES/tests/ProcessorTests-main/nes6502/v1/6d.json-i30]" time="0.176" /><testcase classname="tests.test_cpu" name="test_daveNES[C:/Users/David/Documents/Coding/daveNES/tests/ProcessorTests-main/nes6502/v1/6d.json-i31]" time="0.231" /><testcase classname="tests.test_cpu" name="test_daveNES[C:/Users/David/Documents/Coding/daveNES/tests/ProcessorTests-main/nes6502/v1/6d.json-i32]" time="0.199" /><testcase classname="tests.test_cpu" name="test_daveNES[C:/Users/David/Documents/Coding/daveNES/tests/ProcessorTests-main/nes6502/v1/6d.json-i33]" time="0.194" /><testcase classname="tests.test_cpu" name="test_daveNES[C:/Users/David/Documents/Coding/daveNES/tests/ProcessorTests-main/nes6502/v1/6d.json-i34]" time="0.189" /><testcase classname="tests.test_cpu" name="test_daveNES[C:/Users/David/Documents/Coding/daveNES/tests/ProcessorTests-main/nes6502/v1/6d.json-i35]" time="0.183" /><testcase classname="tests.test_cpu" name="test_daveNES[C:/Users/David/Documents/Coding/daveNES/tests/ProcessorTests-main/nes6502/v1/6d.json-i36]" time="0.180" /><testcase classname="tests.test_cpu" name="test_daveNES[C:/Users/David/Documents/Coding/daveNES/tests/ProcessorTests-main/nes6502/v1/6d.json-i37]" time="0.180" /><testcase classname="tests.test_cpu" name="test_daveNES[C:/Users/David/Documents/Coding/daveNES/tests/ProcessorTests-main/nes6502/v1/6d.json-i38]" time="0.233" /><testcase classname="tests.test_cpu" name="test_daveNES[C:/Users/David/Documents/Coding/daveNES/tests/ProcessorTests-main/nes6502/v1/6d.json-i39]" time="0.200" /><testcase classname="tests.test_cpu" name="test_daveNES[C:/Users/David/Documents/Coding/daveNES/tests/ProcessorTests-main/nes6502/v1/7d.json-i40]" time="0.200" /><testcase classname="tests.test_cpu" name="test_daveNES[C:/Users/David/Documents/Coding/daveNES/tests/ProcessorTests-main/nes6502/v1/7d.json-i41]" time="0.195" /><testcase classname="tests.test_cpu" name="test_daveNES[C:/Users/David/Documents/Coding/daveNES/tests/ProcessorTests-main/nes6502/v1/7d.json-i42]" time="0.245" /><testcase classname="tests.test_cpu" name="test_daveNES[C:/Users/David/Documents/Coding/daveNES/tests/ProcessorTests-main/nes6502/v1/7d.json-i43]" time="0.205" /><testcase classname="tests.test_cpu" name="test_daveNES[C:/Users/David/Documents/Coding/daveNES/tests/ProcessorTests-main/nes6502/v1/7d.json-i44]" time="0.196" /><testcase classname="tests.test_cpu" name="test_daveNES[C:/Users/David/Documents/Coding/daveNES/tests/ProcessorTests-main/nes6502/v1/7d.json-i45]" time="0.257" /><testcase classname="tests.test_cpu" name="test_daveNES[C:/Users/David/Documents/Coding/daveNES/tests/ProcessorTests-main/nes6502/v1/7d.json-i46]" time="0.228" /><testcase classname="tests.test_cpu" name="test_daveNES[C:/Users/David/Documents/Coding/daveNES/tests/ProcessorTests-main/nes6502/v1/7d.json-i47]" time="0.218" /><testcase classname="tests.test_cpu" name="test_daveNES[C:/Users/David/Documents/Coding/daveNES/tests/ProcessorTests-main/nes6502/v1/7d.json-i48]" time="0.203" /><testcase classname="tests.test_cpu" name="test_daveNES[C:/Users/David/Documents/Coding/daveNES/tests/ProcessorTests-main/nes6502/v1/7d.json-i49]" time="0.261" /><testcase classname="tests.test_cpu" name="test_daveNES[C:/Users/David/Documents/Coding/daveNES/tests/ProcessorTests-main/nes6502/v1/79.json-i50]" time="0.220" /><testcase classname="tests.test_cpu" name="test_daveNES[C:/Users/David/Documents/Coding/daveNES/tests/ProcessorTests-main/nes6502/v1/79.json-i51]" time="0.219" /><testcase classname="tests.test_cpu" name="test_daveNES[C:/Users/David/Documents/Coding/daveNES/tests/ProcessorTests-main/nes6502/v1/79.json-i52]" time="0.257" /><testcase classname="tests.test_cpu" name="test_daveNES[C:/Users/David/Documents/Coding/daveNES/tests/ProcessorTests-main/nes6502/v1/79.json-i53]" time="0.211" /><testcase classname="tests.test_cpu" name="test_daveNES[C:/Users/David/Documents/Coding/daveNES/tests/ProcessorTests-main/nes6502/v1/79.json-i54]" time="0.195" /><testcase classname="tests.test_cpu" name="test_daveNES[C:/Users/David/Documents/Coding/daveNES/tests/ProcessorTests-main/nes6502/v1/79.json-i55]" time="0.250" /><testcase classname="tests.test_cpu" name="test_daveNES[C:/Users/David/Documents/Coding/daveNES/tests/ProcessorTests-main/nes6502/v1/79.json-i56]" time="0.211" /><testcase classname="tests.test_cpu" name="test_daveNES[C:/Users/David/Documents/Coding/daveNES/tests/ProcessorTests-main/nes6502/v1/79.json-i57]" time="0.200" /><testcase classname="tests.test_cpu" name="test_daveNES[C:/Users/David/Documents/Coding/daveNES/tests/ProcessorTests-main/nes6502/v1/79.json-i58]" time="0.195" /><testcase classname="tests.test_cpu" name="test_daveNES[C:/Users/David/Documents/Coding/daveNES/tests/ProcessorTests-main/nes6502/v1/79.json-i59]" time="0.243" /><testcase classname="tests.test_cpu" name="test_daveNES[C:/Users/David/Documents/Coding/daveNES/tests/ProcessorTests-main/nes6502/v1/61.json-i60]" time="0.283" /><testcase classname="tests.test_cpu" name="test_daveNES[C:/Users/David/Documents/Coding/daveNES/tests/ProcessorTests-main/nes6502/v1/61.json-i61]" time="0.230" /><testcase classname="tests.test_cpu" name="test_daveNES[C:/Users/David/Documents/Coding/daveNES/tests/ProcessorTests-main/nes6502/v1/61.json-i62]" time="0.272" /><testcase classname="tests.test_cpu" name="test_daveNES[C:/Users/David/Documents/Coding/daveNES/tests/ProcessorTests-main/nes6502/v1/61.json-i63]" time="0.296" /><testcase classname="tests.test_cpu" name="test_daveNES[C:/Users/David/Documents/Coding/daveNES/tests/ProcessorTests-main/nes6502/v1/61.json-i64]" time="0.226" /><testcase classname="tests.test_cpu" name="test_daveNES[C:/Users/David/Documents/Coding/daveNES/tests/ProcessorTests-main/nes6502/v1/61.json-i65]" time="0.254" /><testcase classname="tests.test_cpu" name="test_daveNES[C:/Users/David/Documents/Coding/daveNES/tests/ProcessorTests-main/nes6502/v1/61.json-i66]" time="0.261" /><testcase classname="tests.test_cpu" name="test_daveNES[C:/Users/David/Documents/Coding/daveNES/tests/ProcessorTests-main/nes6502/v1/61.json-i67]" time="0.271" /><testcase classname="tests.test_cpu" name="test_daveNES[C:/Users/David/Documents/Coding/daveNES/tests/ProcessorTests-main/nes6502/v1/61.json-i68]" time="0.284" /><testcase classname="tests.test_cpu" name="test_daveNES[C:/Users/David/Documents/Coding/daveNES/tests/ProcessorTests-main/nes6502/v1/61.json-i69]" time="0.227" /><testcase classname="tests.test_cpu" name="test_daveNES[C:/Users/David/Documents/Coding/daveNES/tests/ProcessorTests-main/nes6502/v1/71.json-i70]" time="0.258" /><testcase classname="tests.test_cpu" name="test_daveNES[C:/Users/David/Documents/Coding/daveNES/tests/ProcessorTests-main/nes6502/v1/71.json-i71]" time="0.277" /><testcase classname="tests.test_cpu" name="test_daveNES[C:/Users/David/Documents/Coding/daveNES/tests/ProcessorTests-main/nes6502/v1/71.json-i72]" time="0.240" /><testcase classname="tests.test_cpu" name="test_daveNES[C:/Users/David/Documents/Coding/daveNES/tests/ProcessorTests-main/nes6502/v1/71.json-i73]" time="0.267" /><testcase classname="tests.test_cpu" name="test_daveNES[C:/Users/David/Documents/Coding/daveNES/tests/ProcessorTests-main/nes6502/v1/71.json-i74]" time="0.217" /><testcase classname="tests.test_cpu" name="test_daveNES[C:/Users/David/Documents/Coding/daveNES/tests/ProcessorTests-main/nes6502/v1/71.json-i75]" time="0.269" /><testcase classname="tests.test_cpu" name="test_daveNES[C:/Users/David/Documents/Coding/daveNES/tests/ProcessorTests-main/nes6502/v1/71.json-i76]" time="0.286" /><testcase classname="tests.test_cpu" name="test_daveNES[C:/Users/David/Documents/Coding/daveNES/tests/ProcessorTests-main/nes6502/v1/71.json-i77]" time="0.252" /><testcase classname="tests.test_cpu" name="test_daveNES[C:/Users/David/Documents/Coding/daveNES/tests/ProcessorTests-main/nes6502/v1/71.json-i78]" time="0.282" /><testcase classname="tests.test_cpu" name="test_daveNES[C:/Users/David/Documents/Coding/daveNES/tests/ProcessorTests-main/nes6502/v1/71.json-i79]" time="0.288" /><testcase classname="tests.test_cpu" name="test_daveNES[C:/Users/David/Documents/Coding/daveNES/tests/ProcessorTests-main/nes6502/v1/29.json-i80]" time="0.126" /><testcase classname="tests.test_cpu" name="test_daveNES[C:/Users/David/Documents/Coding/daveNES/tests/ProcessorTests-main/nes6502/v1/29.json-i81]" time="0.172" /><testcase classname="tests.test_cpu" name="test_daveNES[C:/Users/David/Documents/Coding/daveNES/tests/ProcessorTests-main/nes6502/v1/29.json-i82]" time="0.125" /><testcase classname="tests.test_cpu" name="test_daveNES[C:/Users/David/Documents/Coding/daveNES/tests/ProcessorTests-main/nes6502/v1/29.json-i83]" time="0.167" /><testcase classname="tests.test_cpu" name="test_daveNES[C:/Users/David/Documents/Coding/daveNES/tests/ProcessorTests-main/nes6502/v1/29.json-i84]" time="0.146" /><testcase classname="tests.test_cpu" name="test_daveNES[C:/Users/David/Documents/Coding/daveNES/tests/ProcessorTests-main/nes6502/v1/29.json-i85]" time="0.133" /><testcase classname="tests.test_cpu" name="test_daveNES[C:/Users/David/Documents/Coding/daveNES/tests/ProcessorTests-main/nes6502/v1/29.json-i86]" time="0.182" /><testcase classname="tests.test_cpu" name="test_daveNES[C:/Users/David/Documents/Coding/daveNES/tests/ProcessorTests-main/nes6502/v1/29.json-i87]" time="0.125" /><testcase classname="tests.test_cpu" name="test_daveNES[C:/Users/David/Documents/Coding/daveNES/tests/ProcessorTests-main/nes6502/v1/29.json-i88]" time="0.157" /><testcase classname="tests.test_cpu" name="test_daveNES[C:/Users/David/Documents/Coding/daveNES/tests/ProcessorTests-main/nes6502/v1/29.json-i89]" time="0.126" /><testcase classname="tests.test_cpu" name="test_daveNES[C:/Users/David/Documents/Coding/daveNES/tests/ProcessorTests-main/nes6502/v1/25.json-i90]" time="0.169" /><testcase classname="tests.test_cpu" name="test_daveNES[C:/Users/David/Documents/Coding/daveNES/tests/ProcessorTests-main/nes6502/v1/25.json-i91]" time="0.174" /><testcase classname="tests.test_cpu" name="test_daveNES[C:/Users/David/Documents/Coding/daveNES/tests/ProcessorTests-main/nes6502/v1/25.json-i92]" time="0.181" /><testcase classname="tests.test_cpu" name="test_daveNES[C:/Users/David/Documents/Coding/daveNES/tests/ProcessorTests-main/nes6502/v1/25.json-i93]" time="0.194" /><testcase classname="tests.test_cpu" name="test_daveNES[C:/Users/David/Documents/Coding/daveNES/tests/ProcessorTests-main/nes6502/v1/25.json-i94]" time="0.198" /><testcase classname="tests.test_cpu" name="test_daveNES[C:/Users/David/Documents/Coding/daveNES/tests/ProcessorTests-main/nes6502/v1/25.json-i95]" time="0.141" /><testcase classname="tests.test_cpu" name="test_daveNES[C:/Users/David/Documents/Coding/daveNES/tests/ProcessorTests-main/nes6502/v1/25.json-i96]" time="0.166" /><testcase classname="tests.test_cpu" name="test_daveNES[C:/Users/David/Documents/Coding/daveNES/tests/ProcessorTests-main/nes6502/v1/25.json-i97]" time="0.176" /><testcase classname="tests.test_cpu" name="test_daveNES[C:/Users/David/Documents/Coding/daveNES/tests/ProcessorTests-main/nes6502/v1/25.json-i98]" time="0.179" /><testcase classname="tests.test_cpu" name="test_daveNES[C:/Users/David/Documents/Coding/daveNES/tests/ProcessorTests-main/nes6502/v1/25.json-i99]" time="0.191" /><testcase classname="tests.test_cpu" name="test_daveNES[C:/Users/David/Documents/Coding/daveNES/tests/ProcessorTests-main/nes6502/v1/35.json-i100]" time="0.203" /><testcase classname="tests.test_cpu" name="test_daveNES[C:/Users/David/Documents/Coding/daveNES/tests/ProcessorTests-main/nes6502/v1/35.json-i101]" time="0.203"><failure message="assert 38 == 0&#10; +  where 0 = &lt;cpu.MOS6502 object at 0x00000202FDF0A9E0&gt;.r_accumulator">i = 1, json_filename = 'C:/Users/David/Documents/Coding/daveNES/tests/ProcessorTests-main/nes6502/v1/35.json'

    @pytest.mark.parametrize("json_filename, i", zip(json_files_reshaped, inds))
    def test_daveNES(i, json_filename):
        print(f'ind: {i}, filename: {json_filename}')
        test = get_json(json_filename)[i]
        daveNES = init_daveNES(test)
    
        daveNES.step_program()
    
        assert test['final']['pc'] == daveNES.r_program_counter
        assert test['final']['s'] == daveNES.r_stack_pointer
&gt;       assert test['final']['a'] == daveNES.r_accumulator
E       assert 38 == 0
E        +  where 0 = &lt;cpu.MOS6502 object at 0x00000202FDF0A9E0&gt;.r_accumulator

tests\test_cpu.py:56: AssertionError</failure></testcase><testcase classname="tests.test_cpu" name="test_daveNES[C:/Users/David/Documents/Coding/daveNES/tests/ProcessorTests-main/nes6502/v1/35.json-i102]" time="0.207"><failure message="assert 70 == 0&#10; +  where 0 = &lt;cpu.MOS6502 object at 0x00000202FF427F40&gt;.r_accumulator">i = 2, json_filename = 'C:/Users/David/Documents/Coding/daveNES/tests/ProcessorTests-main/nes6502/v1/35.json'

    @pytest.mark.parametrize("json_filename, i", zip(json_files_reshaped, inds))
    def test_daveNES(i, json_filename):
        print(f'ind: {i}, filename: {json_filename}')
        test = get_json(json_filename)[i]
        daveNES = init_daveNES(test)
    
        daveNES.step_program()
    
        assert test['final']['pc'] == daveNES.r_program_counter
        assert test['final']['s'] == daveNES.r_stack_pointer
&gt;       assert test['final']['a'] == daveNES.r_accumulator
E       assert 70 == 0
E        +  where 0 = &lt;cpu.MOS6502 object at 0x00000202FF427F40&gt;.r_accumulator

tests\test_cpu.py:56: AssertionError</failure></testcase><testcase classname="tests.test_cpu" name="test_daveNES[C:/Users/David/Documents/Coding/daveNES/tests/ProcessorTests-main/nes6502/v1/35.json-i103]" time="0.196" /><testcase classname="tests.test_cpu" name="test_daveNES[C:/Users/David/Documents/Coding/daveNES/tests/ProcessorTests-main/nes6502/v1/35.json-i104]" time="0.193" /><testcase classname="tests.test_cpu" name="test_daveNES[C:/Users/David/Documents/Coding/daveNES/tests/ProcessorTests-main/nes6502/v1/35.json-i105]" time="0.299"><failure message="assert 32 == 0&#10; +  where 0 = &lt;cpu.MOS6502 object at 0x00000202FF427F40&gt;.r_accumulator">i = 5, json_filename = 'C:/Users/David/Documents/Coding/daveNES/tests/ProcessorTests-main/nes6502/v1/35.json'

    @pytest.mark.parametrize("json_filename, i", zip(json_files_reshaped, inds))
    def test_daveNES(i, json_filename):
        print(f'ind: {i}, filename: {json_filename}')
        test = get_json(json_filename)[i]
        daveNES = init_daveNES(test)
    
        daveNES.step_program()
    
        assert test['final']['pc'] == daveNES.r_program_counter
        assert test['final']['s'] == daveNES.r_stack_pointer
&gt;       assert test['final']['a'] == daveNES.r_accumulator
E       assert 32 == 0
E        +  where 0 = &lt;cpu.MOS6502 object at 0x00000202FF427F40&gt;.r_accumulator

tests\test_cpu.py:56: AssertionError</failure></testcase><testcase classname="tests.test_cpu" name="test_daveNES[C:/Users/David/Documents/Coding/daveNES/tests/ProcessorTests-main/nes6502/v1/35.json-i106]" time="0.234"><failure message="assert 9 == 0&#10; +  where 0 = &lt;cpu.MOS6502 object at 0x00000202FDF0A9E0&gt;.r_accumulator">i = 6, json_filename = 'C:/Users/David/Documents/Coding/daveNES/tests/ProcessorTests-main/nes6502/v1/35.json'

    @pytest.mark.parametrize("json_filename, i", zip(json_files_reshaped, inds))
    def test_daveNES(i, json_filename):
        print(f'ind: {i}, filename: {json_filename}')
        test = get_json(json_filename)[i]
        daveNES = init_daveNES(test)
    
        daveNES.step_program()
    
        assert test['final']['pc'] == daveNES.r_program_counter
        assert test['final']['s'] == daveNES.r_stack_pointer
&gt;       assert test['final']['a'] == daveNES.r_accumulator
E       assert 9 == 0
E        +  where 0 = &lt;cpu.MOS6502 object at 0x00000202FDF0A9E0&gt;.r_accumulator

tests\test_cpu.py:56: AssertionError</failure></testcase><testcase classname="tests.test_cpu" name="test_daveNES[C:/Users/David/Documents/Coding/daveNES/tests/ProcessorTests-main/nes6502/v1/35.json-i107]" time="0.236" /><testcase classname="tests.test_cpu" name="test_daveNES[C:/Users/David/Documents/Coding/daveNES/tests/ProcessorTests-main/nes6502/v1/35.json-i108]" time="0.215"><failure message="assert 134 == 0&#10; +  where 0 = &lt;cpu.MOS6502 object at 0x00000202FF427F40&gt;.r_accumulator">i = 8, json_filename = 'C:/Users/David/Documents/Coding/daveNES/tests/ProcessorTests-main/nes6502/v1/35.json'

    @pytest.mark.parametrize("json_filename, i", zip(json_files_reshaped, inds))
    def test_daveNES(i, json_filename):
        print(f'ind: {i}, filename: {json_filename}')
        test = get_json(json_filename)[i]
        daveNES = init_daveNES(test)
    
        daveNES.step_program()
    
        assert test['final']['pc'] == daveNES.r_program_counter
        assert test['final']['s'] == daveNES.r_stack_pointer
&gt;       assert test['final']['a'] == daveNES.r_accumulator
E       assert 134 == 0
E        +  where 0 = &lt;cpu.MOS6502 object at 0x00000202FF427F40&gt;.r_accumulator

tests\test_cpu.py:56: AssertionError</failure></testcase><testcase classname="tests.test_cpu" name="test_daveNES[C:/Users/David/Documents/Coding/daveNES/tests/ProcessorTests-main/nes6502/v1/35.json-i109]" time="0.201"><failure message="assert 192 == 0&#10; +  where 0 = &lt;cpu.MOS6502 object at 0x00000202FF133DC0&gt;.r_accumulator">i = 9, json_filename = 'C:/Users/David/Documents/Coding/daveNES/tests/ProcessorTests-main/nes6502/v1/35.json'

    @pytest.mark.parametrize("json_filename, i", zip(json_files_reshaped, inds))
    def test_daveNES(i, json_filename):
        print(f'ind: {i}, filename: {json_filename}')
        test = get_json(json_filename)[i]
        daveNES = init_daveNES(test)
    
        daveNES.step_program()
    
        assert test['final']['pc'] == daveNES.r_program_counter
        assert test['final']['s'] == daveNES.r_stack_pointer
&gt;       assert test['final']['a'] == daveNES.r_accumulator
E       assert 192 == 0
E        +  where 0 = &lt;cpu.MOS6502 object at 0x00000202FF133DC0&gt;.r_accumulator

tests\test_cpu.py:56: AssertionError</failure></testcase><testcase classname="tests.test_cpu" name="test_daveNES[C:/Users/David/Documents/Coding/daveNES/tests/ProcessorTests-main/nes6502/v1/2d.json-i110]" time="0.194" /><testcase classname="tests.test_cpu" name="test_daveNES[C:/Users/David/Documents/Coding/daveNES/tests/ProcessorTests-main/nes6502/v1/2d.json-i111]" time="0.187" /><testcase classname="tests.test_cpu" name="test_daveNES[C:/Users/David/Documents/Coding/daveNES/tests/ProcessorTests-main/nes6502/v1/2d.json-i112]" time="0.245" /><testcase classname="tests.test_cpu" name="test_daveNES[C:/Users/David/Documents/Coding/daveNES/tests/ProcessorTests-main/nes6502/v1/2d.json-i113]" time="0.209" /><testcase classname="tests.test_cpu" name="test_daveNES[C:/Users/David/Documents/Coding/daveNES/tests/ProcessorTests-main/nes6502/v1/2d.json-i114]" time="0.208" /><testcase classname="tests.test_cpu" name="test_daveNES[C:/Users/David/Documents/Coding/daveNES/tests/ProcessorTests-main/nes6502/v1/2d.json-i115]" time="0.197" /><testcase classname="tests.test_cpu" name="test_daveNES[C:/Users/David/Documents/Coding/daveNES/tests/ProcessorTests-main/nes6502/v1/2d.json-i116]" time="0.196" /><testcase classname="tests.test_cpu" name="test_daveNES[C:/Users/David/Documents/Coding/daveNES/tests/ProcessorTests-main/nes6502/v1/2d.json-i117]" time="0.207" /><testcase classname="tests.test_cpu" name="test_daveNES[C:/Users/David/Documents/Coding/daveNES/tests/ProcessorTests-main/nes6502/v1/2d.json-i118]" time="0.189" /><testcase classname="tests.test_cpu" name="test_daveNES[C:/Users/David/Documents/Coding/daveNES/tests/ProcessorTests-main/nes6502/v1/2d.json-i119]" time="0.279" /><testcase classname="tests.test_cpu" name="test_daveNES[C:/Users/David/Documents/Coding/daveNES/tests/ProcessorTests-main/nes6502/v1/3d.json-i120]" time="0.237" /><testcase classname="tests.test_cpu" name="test_daveNES[C:/Users/David/Documents/Coding/daveNES/tests/ProcessorTests-main/nes6502/v1/3d.json-i121]" time="0.239" /><testcase classname="tests.test_cpu" name="test_daveNES[C:/Users/David/Documents/Coding/daveNES/tests/ProcessorTests-main/nes6502/v1/3d.json-i122]" time="0.210" /><testcase classname="tests.test_cpu" name="test_daveNES[C:/Users/David/Documents/Coding/daveNES/tests/ProcessorTests-main/nes6502/v1/3d.json-i123]" time="0.280" /><testcase classname="tests.test_cpu" name="test_daveNES[C:/Users/David/Documents/Coding/daveNES/tests/ProcessorTests-main/nes6502/v1/3d.json-i124]" time="0.239" /><testcase classname="tests.test_cpu" name="test_daveNES[C:/Users/David/Documents/Coding/daveNES/tests/ProcessorTests-main/nes6502/v1/3d.json-i125]" time="0.201" /><testcase classname="tests.test_cpu" name="test_daveNES[C:/Users/David/Documents/Coding/daveNES/tests/ProcessorTests-main/nes6502/v1/3d.json-i126]" time="0.251" /><testcase classname="tests.test_cpu" name="test_daveNES[C:/Users/David/Documents/Coding/daveNES/tests/ProcessorTests-main/nes6502/v1/3d.json-i127]" time="0.212" /><testcase classname="tests.test_cpu" name="test_daveNES[C:/Users/David/Documents/Coding/daveNES/tests/ProcessorTests-main/nes6502/v1/3d.json-i128]" time="0.203" /><testcase classname="tests.test_cpu" name="test_daveNES[C:/Users/David/Documents/Coding/daveNES/tests/ProcessorTests-main/nes6502/v1/3d.json-i129]" time="0.260" /><testcase classname="tests.test_cpu" name="test_daveNES[C:/Users/David/Documents/Coding/daveNES/tests/ProcessorTests-main/nes6502/v1/39.json-i130]" time="0.219" /><testcase classname="tests.test_cpu" name="test_daveNES[C:/Users/David/Documents/Coding/daveNES/tests/ProcessorTests-main/nes6502/v1/39.json-i131]" time="0.213" /><testcase classname="tests.test_cpu" name="test_daveNES[C:/Users/David/Documents/Coding/daveNES/tests/ProcessorTests-main/nes6502/v1/39.json-i132]" time="0.196" /><testcase classname="tests.test_cpu" name="test_daveNES[C:/Users/David/Documents/Coding/daveNES/tests/ProcessorTests-main/nes6502/v1/39.json-i133]" time="0.243" /><testcase classname="tests.test_cpu" name="test_daveNES[C:/Users/David/Documents/Coding/daveNES/tests/ProcessorTests-main/nes6502/v1/39.json-i134]" time="0.210" /><testcase classname="tests.test_cpu" name="test_daveNES[C:/Users/David/Documents/Coding/daveNES/tests/ProcessorTests-main/nes6502/v1/39.json-i135]" time="0.207" /><testcase classname="tests.test_cpu" name="test_daveNES[C:/Users/David/Documents/Coding/daveNES/tests/ProcessorTests-main/nes6502/v1/39.json-i136]" time="0.336" /><testcase classname="tests.test_cpu" name="test_daveNES[C:/Users/David/Documents/Coding/daveNES/tests/ProcessorTests-main/nes6502/v1/39.json-i137]" time="0.239" /><testcase classname="tests.test_cpu" name="test_daveNES[C:/Users/David/Documents/Coding/daveNES/tests/ProcessorTests-main/nes6502/v1/39.json-i138]" time="0.219" /><testcase classname="tests.test_cpu" name="test_daveNES[C:/Users/David/Documents/Coding/daveNES/tests/ProcessorTests-main/nes6502/v1/39.json-i139]" time="0.276" /><testcase classname="tests.test_cpu" name="test_daveNES[C:/Users/David/Documents/Coding/daveNES/tests/ProcessorTests-main/nes6502/v1/21.json-i140]" time="0.231" /><testcase classname="tests.test_cpu" name="test_daveNES[C:/Users/David/Documents/Coding/daveNES/tests/ProcessorTests-main/nes6502/v1/21.json-i141]" time="0.262" /><testcase classname="tests.test_cpu" name="test_daveNES[C:/Users/David/Documents/Coding/daveNES/tests/ProcessorTests-main/nes6502/v1/21.json-i142]" time="0.275" /><testcase classname="tests.test_cpu" name="test_daveNES[C:/Users/David/Documents/Coding/daveNES/tests/ProcessorTests-main/nes6502/v1/21.json-i143]" time="0.287" /><testcase classname="tests.test_cpu" name="test_daveNES[C:/Users/David/Documents/Coding/daveNES/tests/ProcessorTests-main/nes6502/v1/21.json-i144]" time="0.236" /><testcase classname="tests.test_cpu" name="test_daveNES[C:/Users/David/Documents/Coding/daveNES/tests/ProcessorTests-main/nes6502/v1/21.json-i145]" time="0.264" /><testcase classname="tests.test_cpu" name="test_daveNES[C:/Users/David/Documents/Coding/daveNES/tests/ProcessorTests-main/nes6502/v1/21.json-i146]" time="0.280" /><testcase classname="tests.test_cpu" name="test_daveNES[C:/Users/David/Documents/Coding/daveNES/tests/ProcessorTests-main/nes6502/v1/21.json-i147]" time="0.302" /><testcase classname="tests.test_cpu" name="test_daveNES[C:/Users/David/Documents/Coding/daveNES/tests/ProcessorTests-main/nes6502/v1/21.json-i148]" time="0.229" /><testcase classname="tests.test_cpu" name="test_daveNES[C:/Users/David/Documents/Coding/daveNES/tests/ProcessorTests-main/nes6502/v1/21.json-i149]" time="0.260" /><testcase classname="tests.test_cpu" name="test_daveNES[C:/Users/David/Documents/Coding/daveNES/tests/ProcessorTests-main/nes6502/v1/31.json-i150]" time="0.277" /><testcase classname="tests.test_cpu" name="test_daveNES[C:/Users/David/Documents/Coding/daveNES/tests/ProcessorTests-main/nes6502/v1/31.json-i151]" time="0.215" /><testcase classname="tests.test_cpu" name="test_daveNES[C:/Users/David/Documents/Coding/daveNES/tests/ProcessorTests-main/nes6502/v1/31.json-i152]" time="0.262" /><testcase classname="tests.test_cpu" name="test_daveNES[C:/Users/David/Documents/Coding/daveNES/tests/ProcessorTests-main/nes6502/v1/31.json-i153]" time="0.277" /><testcase classname="tests.test_cpu" name="test_daveNES[C:/Users/David/Documents/Coding/daveNES/tests/ProcessorTests-main/nes6502/v1/31.json-i154]" time="0.222" /><testcase classname="tests.test_cpu" name="test_daveNES[C:/Users/David/Documents/Coding/daveNES/tests/ProcessorTests-main/nes6502/v1/31.json-i155]" time="0.267" /><testcase classname="tests.test_cpu" name="test_daveNES[C:/Users/David/Documents/Coding/daveNES/tests/ProcessorTests-main/nes6502/v1/31.json-i156]" time="0.285" /><testcase classname="tests.test_cpu" name="test_daveNES[C:/Users/David/Documents/Coding/daveNES/tests/ProcessorTests-main/nes6502/v1/31.json-i157]" time="0.225" /><testcase classname="tests.test_cpu" name="test_daveNES[C:/Users/David/Documents/Coding/daveNES/tests/ProcessorTests-main/nes6502/v1/31.json-i158]" time="0.266" /><testcase classname="tests.test_cpu" name="test_daveNES[C:/Users/David/Documents/Coding/daveNES/tests/ProcessorTests-main/nes6502/v1/31.json-i159]" time="0.228" /><testcase classname="tests.test_cpu" name="test_daveNES[C:/Users/David/Documents/Coding/daveNES/tests/ProcessorTests-main/nes6502/v1/0a.json-i160]" time="0.159" /><testcase classname="tests.test_cpu" name="test_daveNES[C:/Users/David/Documents/Coding/daveNES/tests/ProcessorTests-main/nes6502/v1/0a.json-i161]" time="0.117" /><testcase classname="tests.test_cpu" name="test_daveNES[C:/Users/David/Documents/Coding/daveNES/tests/ProcessorTests-main/nes6502/v1/0a.json-i162]" time="0.161" /><testcase classname="tests.test_cpu" name="test_daveNES[C:/Users/David/Documents/Coding/daveNES/tests/ProcessorTests-main/nes6502/v1/0a.json-i163]" time="0.120" /><testcase classname="tests.test_cpu" name="test_daveNES[C:/Users/David/Documents/Coding/daveNES/tests/ProcessorTests-main/nes6502/v1/0a.json-i164]" time="0.158" /><testcase classname="tests.test_cpu" name="test_daveNES[C:/Users/David/Documents/Coding/daveNES/tests/ProcessorTests-main/nes6502/v1/0a.json-i165]" time="0.122" /><testcase classname="tests.test_cpu" name="test_daveNES[C:/Users/David/Documents/Coding/daveNES/tests/ProcessorTests-main/nes6502/v1/0a.json-i166]" time="0.175" /><testcase classname="tests.test_cpu" name="test_daveNES[C:/Users/David/Documents/Coding/daveNES/tests/ProcessorTests-main/nes6502/v1/0a.json-i167]" time="0.143" /><testcase classname="tests.test_cpu" name="test_daveNES[C:/Users/David/Documents/Coding/daveNES/tests/ProcessorTests-main/nes6502/v1/0a.json-i168]" time="0.188" /><testcase classname="tests.test_cpu" name="test_daveNES[C:/Users/David/Documents/Coding/daveNES/tests/ProcessorTests-main/nes6502/v1/0a.json-i169]" time="0.134" /><testcase classname="tests.test_cpu" name="test_daveNES[C:/Users/David/Documents/Coding/daveNES/tests/ProcessorTests-main/nes6502/v1/06.json-i170]" time="0.206" /><testcase classname="tests.test_cpu" name="test_daveNES[C:/Users/David/Documents/Coding/daveNES/tests/ProcessorTests-main/nes6502/v1/06.json-i171]" time="0.294" /><testcase classname="tests.test_cpu" name="test_daveNES[C:/Users/David/Documents/Coding/daveNES/tests/ProcessorTests-main/nes6502/v1/06.json-i172]" time="0.215" /><testcase classname="tests.test_cpu" name="test_daveNES[C:/Users/David/Documents/Coding/daveNES/tests/ProcessorTests-main/nes6502/v1/06.json-i173]" time="0.206" /><testcase classname="tests.test_cpu" name="test_daveNES[C:/Users/David/Documents/Coding/daveNES/tests/ProcessorTests-main/nes6502/v1/06.json-i174]" time="0.204" /><testcase classname="tests.test_cpu" name="test_daveNES[C:/Users/David/Documents/Coding/daveNES/tests/ProcessorTests-main/nes6502/v1/06.json-i175]" time="0.201" /><testcase classname="tests.test_cpu" name="test_daveNES[C:/Users/David/Documents/Coding/daveNES/tests/ProcessorTests-main/nes6502/v1/06.json-i176]" time="0.201" /><testcase classname="tests.test_cpu" name="test_daveNES[C:/Users/David/Documents/Coding/daveNES/tests/ProcessorTests-main/nes6502/v1/06.json-i177]" time="0.202" /><testcase classname="tests.test_cpu" name="test_daveNES[C:/Users/David/Documents/Coding/daveNES/tests/ProcessorTests-main/nes6502/v1/06.json-i178]" time="0.198" /><testcase classname="tests.test_cpu" name="test_daveNES[C:/Users/David/Documents/Coding/daveNES/tests/ProcessorTests-main/nes6502/v1/06.json-i179]" time="0.200" /><testcase classname="tests.test_cpu" name="test_daveNES[C:/Users/David/Documents/Coding/daveNES/tests/ProcessorTests-main/nes6502/v1/16.json-i180]" time="0.208" /><testcase classname="tests.test_cpu" name="test_daveNES[C:/Users/David/Documents/Coding/daveNES/tests/ProcessorTests-main/nes6502/v1/16.json-i181]" time="0.264" /><testcase classname="tests.test_cpu" name="test_daveNES[C:/Users/David/Documents/Coding/daveNES/tests/ProcessorTests-main/nes6502/v1/16.json-i182]" time="0.218" /><testcase classname="tests.test_cpu" name="test_daveNES[C:/Users/David/Documents/Coding/daveNES/tests/ProcessorTests-main/nes6502/v1/16.json-i183]" time="0.207" /><testcase classname="tests.test_cpu" name="test_daveNES[C:/Users/David/Documents/Coding/daveNES/tests/ProcessorTests-main/nes6502/v1/16.json-i184]" time="0.260" /><testcase classname="tests.test_cpu" name="test_daveNES[C:/Users/David/Documents/Coding/daveNES/tests/ProcessorTests-main/nes6502/v1/16.json-i185]" time="0.216" /><testcase classname="tests.test_cpu" name="test_daveNES[C:/Users/David/Documents/Coding/daveNES/tests/ProcessorTests-main/nes6502/v1/16.json-i186]" time="0.212" /><testcase classname="tests.test_cpu" name="test_daveNES[C:/Users/David/Documents/Coding/daveNES/tests/ProcessorTests-main/nes6502/v1/16.json-i187]" time="0.276" /><testcase classname="tests.test_cpu" name="test_daveNES[C:/Users/David/Documents/Coding/daveNES/tests/ProcessorTests-main/nes6502/v1/16.json-i188]" time="0.226" /><testcase classname="tests.test_cpu" name="test_daveNES[C:/Users/David/Documents/Coding/daveNES/tests/ProcessorTests-main/nes6502/v1/16.json-i189]" time="0.228" /><testcase classname="tests.test_cpu" name="test_daveNES[C:/Users/David/Documents/Coding/daveNES/tests/ProcessorTests-main/nes6502/v1/0e.json-i190]" time="0.264" /><testcase classname="tests.test_cpu" name="test_daveNES[C:/Users/David/Documents/Coding/daveNES/tests/ProcessorTests-main/nes6502/v1/0e.json-i191]" time="0.220" /><testcase classname="tests.test_cpu" name="test_daveNES[C:/Users/David/Documents/Coding/daveNES/tests/ProcessorTests-main/nes6502/v1/0e.json-i192]" time="0.206" /><testcase classname="tests.test_cpu" name="test_daveNES[C:/Users/David/Documents/Coding/daveNES/tests/ProcessorTests-main/nes6502/v1/0e.json-i193]" time="0.260" /><testcase classname="tests.test_cpu" name="test_daveNES[C:/Users/David/Documents/Coding/daveNES/tests/ProcessorTests-main/nes6502/v1/0e.json-i194]" time="0.225" /><testcase classname="tests.test_cpu" name="test_daveNES[C:/Users/David/Documents/Coding/daveNES/tests/ProcessorTests-main/nes6502/v1/0e.json-i195]" time="0.206" /><testcase classname="tests.test_cpu" name="test_daveNES[C:/Users/David/Documents/Coding/daveNES/tests/ProcessorTests-main/nes6502/v1/0e.json-i196]" time="0.257" /><testcase classname="tests.test_cpu" name="test_daveNES[C:/Users/David/Documents/Coding/daveNES/tests/ProcessorTests-main/nes6502/v1/0e.json-i197]" time="0.213" /><testcase classname="tests.test_cpu" name="test_daveNES[C:/Users/David/Documents/Coding/daveNES/tests/ProcessorTests-main/nes6502/v1/0e.json-i198]" time="0.269" /><testcase classname="tests.test_cpu" name="test_daveNES[C:/Users/David/Documents/Coding/daveNES/tests/ProcessorTests-main/nes6502/v1/0e.json-i199]" time="0.220" /><testcase classname="tests.test_cpu" name="test_daveNES[C:/Users/David/Documents/Coding/daveNES/tests/ProcessorTests-main/nes6502/v1/1e.json-i200]" time="0.225" /><testcase classname="tests.test_cpu" name="test_daveNES[C:/Users/David/Documents/Coding/daveNES/tests/ProcessorTests-main/nes6502/v1/1e.json-i201]" time="0.268" /><testcase classname="tests.test_cpu" name="test_daveNES[C:/Users/David/Documents/Coding/daveNES/tests/ProcessorTests-main/nes6502/v1/1e.json-i202]" time="0.286" /><testcase classname="tests.test_cpu" name="test_daveNES[C:/Users/David/Documents/Coding/daveNES/tests/ProcessorTests-main/nes6502/v1/1e.json-i203]" time="0.228" /><testcase classname="tests.test_cpu" name="test_daveNES[C:/Users/David/Documents/Coding/daveNES/tests/ProcessorTests-main/nes6502/v1/1e.json-i204]" time="0.280" /><testcase classname="tests.test_cpu" name="test_daveNES[C:/Users/David/Documents/Coding/daveNES/tests/ProcessorTests-main/nes6502/v1/1e.json-i205]" time="0.229" /><testcase classname="tests.test_cpu" name="test_daveNES[C:/Users/David/Documents/Coding/daveNES/tests/ProcessorTests-main/nes6502/v1/1e.json-i206]" time="0.274" /><testcase classname="tests.test_cpu" name="test_daveNES[C:/Users/David/Documents/Coding/daveNES/tests/ProcessorTests-main/nes6502/v1/1e.json-i207]" time="0.220" /><testcase classname="tests.test_cpu" name="test_daveNES[C:/Users/David/Documents/Coding/daveNES/tests/ProcessorTests-main/nes6502/v1/1e.json-i208]" time="0.274" /><testcase classname="tests.test_cpu" name="test_daveNES[C:/Users/David/Documents/Coding/daveNES/tests/ProcessorTests-main/nes6502/v1/1e.json-i209]" time="0.292" /><testcase classname="tests.test_cpu" name="test_daveNES[C:/Users/David/Documents/Coding/daveNES/tests/ProcessorTests-main/nes6502/v1/90.json-i210]" time="0.136" /><testcase classname="tests.test_cpu" name="test_daveNES[C:/Users/David/Documents/Coding/daveNES/tests/ProcessorTests-main/nes6502/v1/90.json-i211]" time="0.177" /><testcase classname="tests.test_cpu" name="test_daveNES[C:/Users/David/Documents/Coding/daveNES/tests/ProcessorTests-main/nes6502/v1/90.json-i212]" time="0.185" /><testcase classname="tests.test_cpu" name="test_daveNES[C:/Users/David/Documents/Coding/daveNES/tests/ProcessorTests-main/nes6502/v1/90.json-i213]" time="0.137" /><testcase classname="tests.test_cpu" name="test_daveNES[C:/Users/David/Documents/Coding/daveNES/tests/ProcessorTests-main/nes6502/v1/90.json-i214]" time="0.166" /><testcase classname="tests.test_cpu" name="test_daveNES[C:/Users/David/Documents/Coding/daveNES/tests/ProcessorTests-main/nes6502/v1/90.json-i215]" time="0.199" /><testcase classname="tests.test_cpu" name="test_daveNES[C:/Users/David/Documents/Coding/daveNES/tests/ProcessorTests-main/nes6502/v1/90.json-i216]" time="0.163" /><testcase classname="tests.test_cpu" name="test_daveNES[C:/Users/David/Documents/Coding/daveNES/tests/ProcessorTests-main/nes6502/v1/90.json-i217]" time="0.200" /><testcase classname="tests.test_cpu" name="test_daveNES[C:/Users/David/Documents/Coding/daveNES/tests/ProcessorTests-main/nes6502/v1/90.json-i218]" time="0.188" /><testcase classname="tests.test_cpu" name="test_daveNES[C:/Users/David/Documents/Coding/daveNES/tests/ProcessorTests-main/nes6502/v1/90.json-i219]" time="0.198" /><testcase classname="tests.test_cpu" name="test_daveNES[C:/Users/David/Documents/Coding/daveNES/tests/ProcessorTests-main/nes6502/v1/b0.json-i220]" time="0.141" /><testcase classname="tests.test_cpu" name="test_daveNES[C:/Users/David/Documents/Coding/daveNES/tests/ProcessorTests-main/nes6502/v1/b0.json-i221]" time="0.188" /><testcase classname="tests.test_cpu" name="test_daveNES[C:/Users/David/Documents/Coding/daveNES/tests/ProcessorTests-main/nes6502/v1/b0.json-i222]" time="0.190" /><testcase classname="tests.test_cpu" name="test_daveNES[C:/Users/David/Documents/Coding/daveNES/tests/ProcessorTests-main/nes6502/v1/b0.json-i223]" time="0.134" /><testcase classname="tests.test_cpu" name="test_daveNES[C:/Users/David/Documents/Coding/daveNES/tests/ProcessorTests-main/nes6502/v1/b0.json-i224]" time="0.174" /><testcase classname="tests.test_cpu" name="test_daveNES[C:/Users/David/Documents/Coding/daveNES/tests/ProcessorTests-main/nes6502/v1/b0.json-i225]" time="0.182" /><testcase classname="tests.test_cpu" name="test_daveNES[C:/Users/David/Documents/Coding/daveNES/tests/ProcessorTests-main/nes6502/v1/b0.json-i226]" time="0.134" /><testcase classname="tests.test_cpu" name="test_daveNES[C:/Users/David/Documents/Coding/daveNES/tests/ProcessorTests-main/nes6502/v1/b0.json-i227]" time="0.170" /><testcase classname="tests.test_cpu" name="test_daveNES[C:/Users/David/Documents/Coding/daveNES/tests/ProcessorTests-main/nes6502/v1/b0.json-i228]" time="0.197" /><testcase classname="tests.test_cpu" name="test_daveNES[C:/Users/David/Documents/Coding/daveNES/tests/ProcessorTests-main/nes6502/v1/b0.json-i229]" time="0.191" /><testcase classname="tests.test_cpu" name="test_daveNES[C:/Users/David/Documents/Coding/daveNES/tests/ProcessorTests-main/nes6502/v1/f0.json-i230]" time="0.134" /><testcase classname="tests.test_cpu" name="test_daveNES[C:/Users/David/Documents/Coding/daveNES/tests/ProcessorTests-main/nes6502/v1/f0.json-i231]" time="0.187" /><testcase classname="tests.test_cpu" name="test_daveNES[C:/Users/David/Documents/Coding/daveNES/tests/ProcessorTests-main/nes6502/v1/f0.json-i232]" time="0.183" /><testcase classname="tests.test_cpu" name="test_daveNES[C:/Users/David/Documents/Coding/daveNES/tests/ProcessorTests-main/nes6502/v1/f0.json-i233]" time="0.135" /><testcase classname="tests.test_cpu" name="test_daveNES[C:/Users/David/Documents/Coding/daveNES/tests/ProcessorTests-main/nes6502/v1/f0.json-i234]" time="0.218" /><testcase classname="tests.test_cpu" name="test_daveNES[C:/Users/David/Documents/Coding/daveNES/tests/ProcessorTests-main/nes6502/v1/f0.json-i235]" time="0.203" /><testcase classname="tests.test_cpu" name="test_daveNES[C:/Users/David/Documents/Coding/daveNES/tests/ProcessorTests-main/nes6502/v1/f0.json-i236]" time="0.162" /><testcase classname="tests.test_cpu" name="test_daveNES[C:/Users/David/Documents/Coding/daveNES/tests/ProcessorTests-main/nes6502/v1/f0.json-i237]" time="0.191" /><testcase classname="tests.test_cpu" name="test_daveNES[C:/Users/David/Documents/Coding/daveNES/tests/ProcessorTests-main/nes6502/v1/f0.json-i238]" time="0.179" /><testcase classname="tests.test_cpu" name="test_daveNES[C:/Users/David/Documents/Coding/daveNES/tests/ProcessorTests-main/nes6502/v1/f0.json-i239]" time="0.189" /><testcase classname="tests.test_cpu" name="test_daveNES[C:/Users/David/Documents/Coding/daveNES/tests/ProcessorTests-main/nes6502/v1/24.json-i240]" time="0.141" /><testcase classname="tests.test_cpu" name="test_daveNES[C:/Users/David/Documents/Coding/daveNES/tests/ProcessorTests-main/nes6502/v1/24.json-i241]" time="0.182" /><testcase classname="tests.test_cpu" name="test_daveNES[C:/Users/David/Documents/Coding/daveNES/tests/ProcessorTests-main/nes6502/v1/24.json-i242]" time="0.181" /><testcase classname="tests.test_cpu" name="test_daveNES[C:/Users/David/Documents/Coding/daveNES/tests/ProcessorTests-main/nes6502/v1/24.json-i243]" time="0.185" /><testcase classname="tests.test_cpu" name="test_daveNES[C:/Users/David/Documents/Coding/daveNES/tests/ProcessorTests-main/nes6502/v1/24.json-i244]" time="0.187" /><testcase classname="tests.test_cpu" name="test_daveNES[C:/Users/David/Documents/Coding/daveNES/tests/ProcessorTests-main/nes6502/v1/24.json-i245]" time="0.138" /><testcase classname="tests.test_cpu" name="test_daveNES[C:/Users/David/Documents/Coding/daveNES/tests/ProcessorTests-main/nes6502/v1/24.json-i246]" time="0.178" /><testcase classname="tests.test_cpu" name="test_daveNES[C:/Users/David/Documents/Coding/daveNES/tests/ProcessorTests-main/nes6502/v1/24.json-i247]" time="0.184" /><testcase classname="tests.test_cpu" name="test_daveNES[C:/Users/David/Documents/Coding/daveNES/tests/ProcessorTests-main/nes6502/v1/24.json-i248]" time="0.180" /><testcase classname="tests.test_cpu" name="test_daveNES[C:/Users/David/Documents/Coding/daveNES/tests/ProcessorTests-main/nes6502/v1/24.json-i249]" time="0.186" /><testcase classname="tests.test_cpu" name="test_daveNES[C:/Users/David/Documents/Coding/daveNES/tests/ProcessorTests-main/nes6502/v1/2c.json-i250]" time="0.207" /><testcase classname="tests.test_cpu" name="test_daveNES[C:/Users/David/Documents/Coding/daveNES/tests/ProcessorTests-main/nes6502/v1/2c.json-i251]" time="0.203" /><testcase classname="tests.test_cpu" name="test_daveNES[C:/Users/David/Documents/Coding/daveNES/tests/ProcessorTests-main/nes6502/v1/2c.json-i252]" time="0.196" /><testcase classname="tests.test_cpu" name="test_daveNES[C:/Users/David/Documents/Coding/daveNES/tests/ProcessorTests-main/nes6502/v1/2c.json-i253]" time="0.194" /><testcase classname="tests.test_cpu" name="test_daveNES[C:/Users/David/Documents/Coding/daveNES/tests/ProcessorTests-main/nes6502/v1/2c.json-i254]" time="0.185" /><testcase classname="tests.test_cpu" name="test_daveNES[C:/Users/David/Documents/Coding/daveNES/tests/ProcessorTests-main/nes6502/v1/2c.json-i255]" time="0.246" /><testcase classname="tests.test_cpu" name="test_daveNES[C:/Users/David/Documents/Coding/daveNES/tests/ProcessorTests-main/nes6502/v1/2c.json-i256]" time="0.217" /><testcase classname="tests.test_cpu" name="test_daveNES[C:/Users/David/Documents/Coding/daveNES/tests/ProcessorTests-main/nes6502/v1/2c.json-i257]" time="0.208" /><testcase classname="tests.test_cpu" name="test_daveNES[C:/Users/David/Documents/Coding/daveNES/tests/ProcessorTests-main/nes6502/v1/2c.json-i258]" time="0.207" /><testcase classname="tests.test_cpu" name="test_daveNES[C:/Users/David/Documents/Coding/daveNES/tests/ProcessorTests-main/nes6502/v1/2c.json-i259]" time="0.206" /><testcase classname="tests.test_cpu" name="test_daveNES[C:/Users/David/Documents/Coding/daveNES/tests/ProcessorTests-main/nes6502/v1/30.json-i260]" time="0.185"><failure message="assert 41798 == 41799&#10; +  where 41799 = &lt;cpu.MOS6502 object at 0x00000202FF133DC0&gt;.r_program_counter">i = 0, json_filename = 'C:/Users/David/Documents/Coding/daveNES/tests/ProcessorTests-main/nes6502/v1/30.json'

    @pytest.mark.parametrize("json_filename, i", zip(json_files_reshaped, inds))
    def test_daveNES(i, json_filename):
        print(f'ind: {i}, filename: {json_filename}')
        test = get_json(json_filename)[i]
        daveNES = init_daveNES(test)
    
        daveNES.step_program()
    
&gt;       assert test['final']['pc'] == daveNES.r_program_counter
E       assert 41798 == 41799
E        +  where 41799 = &lt;cpu.MOS6502 object at 0x00000202FF133DC0&gt;.r_program_counter

tests\test_cpu.py:54: AssertionError</failure></testcase><testcase classname="tests.test_cpu" name="test_daveNES[C:/Users/David/Documents/Coding/daveNES/tests/ProcessorTests-main/nes6502/v1/30.json-i261]" time="0.194"><failure message="assert 39255 == 39256&#10; +  where 39256 = &lt;cpu.MOS6502 object at 0x0000020281904C70&gt;.r_program_counter">i = 1, json_filename = 'C:/Users/David/Documents/Coding/daveNES/tests/ProcessorTests-main/nes6502/v1/30.json'

    @pytest.mark.parametrize("json_filename, i", zip(json_files_reshaped, inds))
    def test_daveNES(i, json_filename):
        print(f'ind: {i}, filename: {json_filename}')
        test = get_json(json_filename)[i]
        daveNES = init_daveNES(test)
    
        daveNES.step_program()
    
&gt;       assert test['final']['pc'] == daveNES.r_program_counter
E       assert 39255 == 39256
E        +  where 39256 = &lt;cpu.MOS6502 object at 0x0000020281904C70&gt;.r_program_counter

tests\test_cpu.py:54: AssertionError</failure></testcase><testcase classname="tests.test_cpu" name="test_daveNES[C:/Users/David/Documents/Coding/daveNES/tests/ProcessorTests-main/nes6502/v1/30.json-i262]" time="0.139"><failure message="assert 15927 == 15928&#10; +  where 15928 = &lt;cpu.MOS6502 object at 0x0000020281904C70&gt;.r_program_counter">i = 2, json_filename = 'C:/Users/David/Documents/Coding/daveNES/tests/ProcessorTests-main/nes6502/v1/30.json'

    @pytest.mark.parametrize("json_filename, i", zip(json_files_reshaped, inds))
    def test_daveNES(i, json_filename):
        print(f'ind: {i}, filename: {json_filename}')
        test = get_json(json_filename)[i]
        daveNES = init_daveNES(test)
    
        daveNES.step_program()
    
&gt;       assert test['final']['pc'] == daveNES.r_program_counter
E       assert 15927 == 15928
E        +  where 15928 = &lt;cpu.MOS6502 object at 0x0000020281904C70&gt;.r_program_counter

tests\test_cpu.py:54: AssertionError</failure></testcase><testcase classname="tests.test_cpu" name="test_daveNES[C:/Users/David/Documents/Coding/daveNES/tests/ProcessorTests-main/nes6502/v1/30.json-i263]" time="0.168" /><testcase classname="tests.test_cpu" name="test_daveNES[C:/Users/David/Documents/Coding/daveNES/tests/ProcessorTests-main/nes6502/v1/30.json-i264]" time="0.182" /><testcase classname="tests.test_cpu" name="test_daveNES[C:/Users/David/Documents/Coding/daveNES/tests/ProcessorTests-main/nes6502/v1/30.json-i265]" time="0.132" /><testcase classname="tests.test_cpu" name="test_daveNES[C:/Users/David/Documents/Coding/daveNES/tests/ProcessorTests-main/nes6502/v1/30.json-i266]" time="0.180"><failure message="assert 39858 == 39859&#10; +  where 39859 = &lt;cpu.MOS6502 object at 0x0000020281904C70&gt;.r_program_counter">i = 6, json_filename = 'C:/Users/David/Documents/Coding/daveNES/tests/ProcessorTests-main/nes6502/v1/30.json'

    @pytest.mark.parametrize("json_filename, i", zip(json_files_reshaped, inds))
    def test_daveNES(i, json_filename):
        print(f'ind: {i}, filename: {json_filename}')
        test = get_json(json_filename)[i]
        daveNES = init_daveNES(test)
    
        daveNES.step_program()
    
&gt;       assert test['final']['pc'] == daveNES.r_program_counter
E       assert 39858 == 39859
E        +  where 39859 = &lt;cpu.MOS6502 object at 0x0000020281904C70&gt;.r_program_counter

tests\test_cpu.py:54: AssertionError</failure></testcase><testcase classname="tests.test_cpu" name="test_daveNES[C:/Users/David/Documents/Coding/daveNES/tests/ProcessorTests-main/nes6502/v1/30.json-i267]" time="0.183"><failure message="assert 51456 == 51457&#10; +  where 51457 = &lt;cpu.MOS6502 object at 0x00000202FF1BD5A0&gt;.r_program_counter">i = 7, json_filename = 'C:/Users/David/Documents/Coding/daveNES/tests/ProcessorTests-main/nes6502/v1/30.json'

    @pytest.mark.parametrize("json_filename, i", zip(json_files_reshaped, inds))
    def test_daveNES(i, json_filename):
        print(f'ind: {i}, filename: {json_filename}')
        test = get_json(json_filename)[i]
        daveNES = init_daveNES(test)
    
        daveNES.step_program()
    
&gt;       assert test['final']['pc'] == daveNES.r_program_counter
E       assert 51456 == 51457
E        +  where 51457 = &lt;cpu.MOS6502 object at 0x00000202FF1BD5A0&gt;.r_program_counter

tests\test_cpu.py:54: AssertionError</failure></testcase><testcase classname="tests.test_cpu" name="test_daveNES[C:/Users/David/Documents/Coding/daveNES/tests/ProcessorTests-main/nes6502/v1/30.json-i268]" time="0.189"><failure message="assert 30415 == 30416&#10; +  where 30416 = &lt;cpu.MOS6502 object at 0x0000020281904C70&gt;.r_program_counter">i = 8, json_filename = 'C:/Users/David/Documents/Coding/daveNES/tests/ProcessorTests-main/nes6502/v1/30.json'

    @pytest.mark.parametrize("json_filename, i", zip(json_files_reshaped, inds))
    def test_daveNES(i, json_filename):
        print(f'ind: {i}, filename: {json_filename}')
        test = get_json(json_filename)[i]
        daveNES = init_daveNES(test)
    
        daveNES.step_program()
    
&gt;       assert test['final']['pc'] == daveNES.r_program_counter
E       assert 30415 == 30416
E        +  where 30416 = &lt;cpu.MOS6502 object at 0x0000020281904C70&gt;.r_program_counter

tests\test_cpu.py:54: AssertionError</failure></testcase><testcase classname="tests.test_cpu" name="test_daveNES[C:/Users/David/Documents/Coding/daveNES/tests/ProcessorTests-main/nes6502/v1/30.json-i269]" time="0.136"><failure message="assert 21030 == 21031&#10; +  where 21031 = &lt;cpu.MOS6502 object at 0x0000020281904C70&gt;.r_program_counter">i = 9, json_filename = 'C:/Users/David/Documents/Coding/daveNES/tests/ProcessorTests-main/nes6502/v1/30.json'

    @pytest.mark.parametrize("json_filename, i", zip(json_files_reshaped, inds))
    def test_daveNES(i, json_filename):
        print(f'ind: {i}, filename: {json_filename}')
        test = get_json(json_filename)[i]
        daveNES = init_daveNES(test)
    
        daveNES.step_program()
    
&gt;       assert test['final']['pc'] == daveNES.r_program_counter
E       assert 21030 == 21031
E        +  where 21031 = &lt;cpu.MOS6502 object at 0x0000020281904C70&gt;.r_program_counter

tests\test_cpu.py:54: AssertionError</failure></testcase><testcase classname="tests.test_cpu" name="test_daveNES[C:/Users/David/Documents/Coding/daveNES/tests/ProcessorTests-main/nes6502/v1/d0.json-i270]" time="0.175" /><testcase classname="tests.test_cpu" name="test_daveNES[C:/Users/David/Documents/Coding/daveNES/tests/ProcessorTests-main/nes6502/v1/d0.json-i271]" time="0.184" /><testcase classname="tests.test_cpu" name="test_daveNES[C:/Users/David/Documents/Coding/daveNES/tests/ProcessorTests-main/nes6502/v1/d0.json-i272]" time="0.135" /><testcase classname="tests.test_cpu" name="test_daveNES[C:/Users/David/Documents/Coding/daveNES/tests/ProcessorTests-main/nes6502/v1/d0.json-i273]" time="0.169" /><testcase classname="tests.test_cpu" name="test_daveNES[C:/Users/David/Documents/Coding/daveNES/tests/ProcessorTests-main/nes6502/v1/d0.json-i274]" time="0.179" /><testcase classname="tests.test_cpu" name="test_daveNES[C:/Users/David/Documents/Coding/daveNES/tests/ProcessorTests-main/nes6502/v1/d0.json-i275]" time="0.137" /><testcase classname="tests.test_cpu" name="test_daveNES[C:/Users/David/Documents/Coding/daveNES/tests/ProcessorTests-main/nes6502/v1/d0.json-i276]" time="0.169" /><testcase classname="tests.test_cpu" name="test_daveNES[C:/Users/David/Documents/Coding/daveNES/tests/ProcessorTests-main/nes6502/v1/d0.json-i277]" time="0.176" /><testcase classname="tests.test_cpu" name="test_daveNES[C:/Users/David/Documents/Coding/daveNES/tests/ProcessorTests-main/nes6502/v1/d0.json-i278]" time="0.200" /><testcase classname="tests.test_cpu" name="test_daveNES[C:/Users/David/Documents/Coding/daveNES/tests/ProcessorTests-main/nes6502/v1/d0.json-i279]" time="0.135" /><testcase classname="tests.test_cpu" name="test_daveNES[C:/Users/David/Documents/Coding/daveNES/tests/ProcessorTests-main/nes6502/v1/10.json-i280]" time="0.194" /><testcase classname="tests.test_cpu" name="test_daveNES[C:/Users/David/Documents/Coding/daveNES/tests/ProcessorTests-main/nes6502/v1/10.json-i281]" time="0.189" /><testcase classname="tests.test_cpu" name="test_daveNES[C:/Users/David/Documents/Coding/daveNES/tests/ProcessorTests-main/nes6502/v1/10.json-i282]" time="0.136" /><testcase classname="tests.test_cpu" name="test_daveNES[C:/Users/David/Documents/Coding/daveNES/tests/ProcessorTests-main/nes6502/v1/10.json-i283]" time="0.169" /><testcase classname="tests.test_cpu" name="test_daveNES[C:/Users/David/Documents/Coding/daveNES/tests/ProcessorTests-main/nes6502/v1/10.json-i284]" time="0.187" /><testcase classname="tests.test_cpu" name="test_daveNES[C:/Users/David/Documents/Coding/daveNES/tests/ProcessorTests-main/nes6502/v1/10.json-i285]" time="0.135" /><testcase classname="tests.test_cpu" name="test_daveNES[C:/Users/David/Documents/Coding/daveNES/tests/ProcessorTests-main/nes6502/v1/10.json-i286]" time="0.195" /><testcase classname="tests.test_cpu" name="test_daveNES[C:/Users/David/Documents/Coding/daveNES/tests/ProcessorTests-main/nes6502/v1/10.json-i287]" time="0.203" /><testcase classname="tests.test_cpu" name="test_daveNES[C:/Users/David/Documents/Coding/daveNES/tests/ProcessorTests-main/nes6502/v1/10.json-i288]" time="0.209" /><testcase classname="tests.test_cpu" name="test_daveNES[C:/Users/David/Documents/Coding/daveNES/tests/ProcessorTests-main/nes6502/v1/10.json-i289]" time="0.137" /><testcase classname="tests.test_cpu" name="test_daveNES[C:/Users/David/Documents/Coding/daveNES/tests/ProcessorTests-main/nes6502/v1/00.json-i290]" time="0.297"><failure message="IndexError: index 65535 is out of bounds for axis 0 with size 65535">i = 0, json_filename = 'C:/Users/David/Documents/Coding/daveNES/tests/ProcessorTests-main/nes6502/v1/00.json'

    @pytest.mark.parametrize("json_filename, i", zip(json_files_reshaped, inds))
    def test_daveNES(i, json_filename):
        print(f'ind: {i}, filename: {json_filename}')
        test = get_json(json_filename)[i]
&gt;       daveNES = init_daveNES(test)

tests\test_cpu.py:50: 
_ _ _ _ _ _ _ _ _ _ _ _ _ _ _ _ _ _ _ _ _ _ _ _ _ _ _ _ _ _ _ _ _ _ _ _ _ _ _ _ _ _ _ _ _ _ _ _ _ _ _ _ _ _ _ _ _ _ _ _ _ _ _ _ _ _ _ _ _ _ _ _ _ _ _ _ _ _ _ _ _ _ _ _ _ _ _ _ _ _ _ _ _ _ _ _ _ _ _ _ _ _ _ _ _ _ _ _ _ _ _ _ _ _ _ _ _ _ _ _ _ _ _ _ _ _ _ _ _ _ _ _ _ _ _ _ _ _ _ _ _ _ _ _ _ _ _ _ _ _ _ _ _ _ _ _ _ _ _ _ _ _ _ _ _ _ _ _ _ _ _ _ _ _ _ _ _ _ _ _ _ _ _ _ _ _ _ _ _ _ _ _ _ _ _ _ _ _ _ _ _ _ _ _ _ _ _ _ _ _ _ _ _ _ _ 

test = {'cycles': [[59521, 0, 'read'], [59522, 53, 'read'], [498, 232, 'write'], [497, 131, 'write'], [496, 113, 'write'], [6... 59521, 'ram': [[59521, 0], [59522, 53], [59523, 38], [65534, 21], [65535, 35], [8981, 229]], ...}, 'name': '00 35 26'}

    def init_daveNES(test):
        daveNES = cpu.MOS6502(debug = False)
        daveNES.initialise_RAM()
    
        # Load test program
        for val in test['initial']['ram']:
            print(f'{val[0]}, {val[1]}')
&gt;           daveNES.ram.memory[val[0]] = np.uint8(val[1])
E           IndexError: index 65535 is out of bounds for axis 0 with size 65535

tests\test_cpu.py:35: IndexError</failure></testcase><testcase classname="tests.test_cpu" name="test_daveNES[C:/Users/David/Documents/Coding/daveNES/tests/ProcessorTests-main/nes6502/v1/00.json-i291]" time="0.304"><failure message="IndexError: index 65535 is out of bounds for axis 0 with size 65535">i = 1, json_filename = 'C:/Users/David/Documents/Coding/daveNES/tests/ProcessorTests-main/nes6502/v1/00.json'

    @pytest.mark.parametrize("json_filename, i", zip(json_files_reshaped, inds))
    def test_daveNES(i, json_filename):
        print(f'ind: {i}, filename: {json_filename}')
        test = get_json(json_filename)[i]
&gt;       daveNES = init_daveNES(test)

tests\test_cpu.py:50: 
_ _ _ _ _ _ _ _ _ _ _ _ _ _ _ _ _ _ _ _ _ _ _ _ _ _ _ _ _ _ _ _ _ _ _ _ _ _ _ _ _ _ _ _ _ _ _ _ _ _ _ _ _ _ _ _ _ _ _ _ _ _ _ _ _ _ _ _ _ _ _ _ _ _ _ _ _ _ _ _ _ _ _ _ _ _ _ _ _ _ _ _ _ _ _ _ _ _ _ _ _ _ _ _ _ _ _ _ _ _ _ _ _ _ _ _ _ _ _ _ _ _ _ _ _ _ _ _ _ _ _ _ _ _ _ _ _ _ _ _ _ _ _ _ _ _ _ _ _ _ _ _ _ _ _ _ _ _ _ _ _ _ _ _ _ _ _ _ _ _ _ _ _ _ _ _ _ _ _ _ _ _ _ _ _ _ _ _ _ _ _ _ _ _ _ _ _ _ _ _ _ _ _ _ _ _ _ _ _ _ _ _ _ _ _ 

test = {'cycles': [[8555, 0, 'read'], [8556, 201, 'read'], [332, 33, 'write'], [331, 109, 'write'], [330, 187, 'write'], [655...: 8555, 'ram': [[8555, 0], [8556, 201], [8557, 84], [65534, 41], [65535, 182], [46633, 106]], ...}, 'name': '00 c9 54'}

    def init_daveNES(test):
        daveNES = cpu.MOS6502(debug = False)
        daveNES.initialise_RAM()
    
        # Load test program
        for val in test['initial']['ram']:
            print(f'{val[0]}, {val[1]}')
&gt;           daveNES.ram.memory[val[0]] = np.uint8(val[1])
E           IndexError: index 65535 is out of bounds for axis 0 with size 65535

tests\test_cpu.py:35: IndexError</failure></testcase><testcase classname="tests.test_cpu" name="test_daveNES[C:/Users/David/Documents/Coding/daveNES/tests/ProcessorTests-main/nes6502/v1/00.json-i292]" time="0.299"><failure message="IndexError: index 65535 is out of bounds for axis 0 with size 65535">i = 2, json_filename = 'C:/Users/David/Documents/Coding/daveNES/tests/ProcessorTests-main/nes6502/v1/00.json'

    @pytest.mark.parametrize("json_filename, i", zip(json_files_reshaped, inds))
    def test_daveNES(i, json_filename):
        print(f'ind: {i}, filename: {json_filename}')
        test = get_json(json_filename)[i]
&gt;       daveNES = init_daveNES(test)

tests\test_cpu.py:50: 
_ _ _ _ _ _ _ _ _ _ _ _ _ _ _ _ _ _ _ _ _ _ _ _ _ _ _ _ _ _ _ _ _ _ _ _ _ _ _ _ _ _ _ _ _ _ _ _ _ _ _ _ _ _ _ _ _ _ _ _ _ _ _ _ _ _ _ _ _ _ _ _ _ _ _ _ _ _ _ _ _ _ _ _ _ _ _ _ _ _ _ _ _ _ _ _ _ _ _ _ _ _ _ _ _ _ _ _ _ _ _ _ _ _ _ _ _ _ _ _ _ _ _ _ _ _ _ _ _ _ _ _ _ _ _ _ _ _ _ _ _ _ _ _ _ _ _ _ _ _ _ _ _ _ _ _ _ _ _ _ _ _ _ _ _ _ _ _ _ _ _ _ _ _ _ _ _ _ _ _ _ _ _ _ _ _ _ _ _ _ _ _ _ _ _ _ _ _ _ _ _ _ _ _ _ _ _ _ _ _ _ _ _ _ _ 

test = {'cycles': [[510, 0, 'read'], [511, 79, 'read'], [352, 2, 'write'], [351, 0, 'write'], [350, 191, 'write'], [65534, 14...5, 'pc': 510, 'ram': [[510, 0], [511, 79], [512, 27], [65534, 149], [65535, 56], [14485, 6]], ...}, 'name': '00 4f 1b'}

    def init_daveNES(test):
        daveNES = cpu.MOS6502(debug = False)
        daveNES.initialise_RAM()
    
        # Load test program
        for val in test['initial']['ram']:
            print(f'{val[0]}, {val[1]}')
&gt;           daveNES.ram.memory[val[0]] = np.uint8(val[1])
E           IndexError: index 65535 is out of bounds for axis 0 with size 65535

tests\test_cpu.py:35: IndexError</failure></testcase><testcase classname="tests.test_cpu" name="test_daveNES[C:/Users/David/Documents/Coding/daveNES/tests/ProcessorTests-main/nes6502/v1/00.json-i293]" time="0.291"><failure message="IndexError: index 65535 is out of bounds for axis 0 with size 65535">i = 3, json_filename = 'C:/Users/David/Documents/Coding/daveNES/tests/ProcessorTests-main/nes6502/v1/00.json'

    @pytest.mark.parametrize("json_filename, i", zip(json_files_reshaped, inds))
    def test_daveNES(i, json_filename):
        print(f'ind: {i}, filename: {json_filename}')
        test = get_json(json_filename)[i]
&gt;       daveNES = init_daveNES(test)

tests\test_cpu.py:50: 
_ _ _ _ _ _ _ _ _ _ _ _ _ _ _ _ _ _ _ _ _ _ _ _ _ _ _ _ _ _ _ _ _ _ _ _ _ _ _ _ _ _ _ _ _ _ _ _ _ _ _ _ _ _ _ _ _ _ _ _ _ _ _ _ _ _ _ _ _ _ _ _ _ _ _ _ _ _ _ _ _ _ _ _ _ _ _ _ _ _ _ _ _ _ _ _ _ _ _ _ _ _ _ _ _ _ _ _ _ _ _ _ _ _ _ _ _ _ _ _ _ _ _ _ _ _ _ _ _ _ _ _ _ _ _ _ _ _ _ _ _ _ _ _ _ _ _ _ _ _ _ _ _ _ _ _ _ _ _ _ _ _ _ _ _ _ _ _ _ _ _ _ _ _ _ _ _ _ _ _ _ _ _ _ _ _ _ _ _ _ _ _ _ _ _ _ _ _ _ _ _ _ _ _ _ _ _ _ _ _ _ _ _ _ _ 

test = {'cycles': [[30402, 0, 'read'], [30403, 169, 'read'], [278, 118, 'write'], [277, 196, 'write'], [276, 177, 'write'], [...402, 'ram': [[30402, 0], [30403, 169], [30404, 211], [65534, 83], [65535, 210], [53843, 74]], ...}, 'name': '00 a9 d3'}

    def init_daveNES(test):
        daveNES = cpu.MOS6502(debug = False)
        daveNES.initialise_RAM()
    
        # Load test program
        for val in test['initial']['ram']:
            print(f'{val[0]}, {val[1]}')
&gt;           daveNES.ram.memory[val[0]] = np.uint8(val[1])
E           IndexError: index 65535 is out of bounds for axis 0 with size 65535

tests\test_cpu.py:35: IndexError</failure></testcase><testcase classname="tests.test_cpu" name="test_daveNES[C:/Users/David/Documents/Coding/daveNES/tests/ProcessorTests-main/nes6502/v1/00.json-i294]" time="0.318"><failure message="IndexError: index 65535 is out of bounds for axis 0 with size 65535">i = 4, json_filename = 'C:/Users/David/Documents/Coding/daveNES/tests/ProcessorTests-main/nes6502/v1/00.json'

    @pytest.mark.parametrize("json_filename, i", zip(json_files_reshaped, inds))
    def test_daveNES(i, json_filename):
        print(f'ind: {i}, filename: {json_filename}')
        test = get_json(json_filename)[i]
&gt;       daveNES = init_daveNES(test)

tests\test_cpu.py:50: 
_ _ _ _ _ _ _ _ _ _ _ _ _ _ _ _ _ _ _ _ _ _ _ _ _ _ _ _ _ _ _ _ _ _ _ _ _ _ _ _ _ _ _ _ _ _ _ _ _ _ _ _ _ _ _ _ _ _ _ _ _ _ _ _ _ _ _ _ _ _ _ _ _ _ _ _ _ _ _ _ _ _ _ _ _ _ _ _ _ _ _ _ _ _ _ _ _ _ _ _ _ _ _ _ _ _ _ _ _ _ _ _ _ _ _ _ _ _ _ _ _ _ _ _ _ _ _ _ _ _ _ _ _ _ _ _ _ _ _ _ _ _ _ _ _ _ _ _ _ _ _ _ _ _ _ _ _ _ _ _ _ _ _ _ _ _ _ _ _ _ _ _ _ _ _ _ _ _ _ _ _ _ _ _ _ _ _ _ _ _ _ _ _ _ _ _ _ _ _ _ _ _ _ _ _ _ _ _ _ _ _ _ _ _ _ 

test = {'cycles': [[60613, 0, 'read'], [60614, 101, 'read'], [278, 236, 'write'], [277, 199, 'write'], [276, 59, 'write'], [6...613, 'ram': [[60613, 0], [60614, 101], [60615, 123], [65534, 117], [65535, 70], [18037, 20]], ...}, 'name': '00 65 7b'}

    def init_daveNES(test):
        daveNES = cpu.MOS6502(debug = False)
        daveNES.initialise_RAM()
    
        # Load test program
        for val in test['initial']['ram']:
            print(f'{val[0]}, {val[1]}')
&gt;           daveNES.ram.memory[val[0]] = np.uint8(val[1])
E           IndexError: index 65535 is out of bounds for axis 0 with size 65535

tests\test_cpu.py:35: IndexError</failure></testcase><testcase classname="tests.test_cpu" name="test_daveNES[C:/Users/David/Documents/Coding/daveNES/tests/ProcessorTests-main/nes6502/v1/00.json-i295]" time="0.290"><failure message="IndexError: index 65535 is out of bounds for axis 0 with size 65535">i = 5, json_filename = 'C:/Users/David/Documents/Coding/daveNES/tests/ProcessorTests-main/nes6502/v1/00.json'

    @pytest.mark.parametrize("json_filename, i", zip(json_files_reshaped, inds))
    def test_daveNES(i, json_filename):
        print(f'ind: {i}, filename: {json_filename}')
        test = get_json(json_filename)[i]
&gt;       daveNES = init_daveNES(test)

tests\test_cpu.py:50: 
_ _ _ _ _ _ _ _ _ _ _ _ _ _ _ _ _ _ _ _ _ _ _ _ _ _ _ _ _ _ _ _ _ _ _ _ _ _ _ _ _ _ _ _ _ _ _ _ _ _ _ _ _ _ _ _ _ _ _ _ _ _ _ _ _ _ _ _ _ _ _ _ _ _ _ _ _ _ _ _ _ _ _ _ _ _ _ _ _ _ _ _ _ _ _ _ _ _ _ _ _ _ _ _ _ _ _ _ _ _ _ _ _ _ _ _ _ _ _ _ _ _ _ _ _ _ _ _ _ _ _ _ _ _ _ _ _ _ _ _ _ _ _ _ _ _ _ _ _ _ _ _ _ _ _ _ _ _ _ _ _ _ _ _ _ _ _ _ _ _ _ _ _ _ _ _ _ _ _ _ _ _ _ _ _ _ _ _ _ _ _ _ _ _ _ _ _ _ _ _ _ _ _ _ _ _ _ _ _ _ _ _ _ _ _ 

test = {'cycles': [[59404, 0, 'read'], [59405, 200, 'read'], [359, 232, 'write'], [358, 14, 'write'], [357, 53, 'write'], [65...04, 'ram': [[59404, 0], [59405, 200], [59406, 99], [65534, 222], [65535, 116], [29918, 170]], ...}, 'name': '00 c8 63'}

    def init_daveNES(test):
        daveNES = cpu.MOS6502(debug = False)
        daveNES.initialise_RAM()
    
        # Load test program
        for val in test['initial']['ram']:
            print(f'{val[0]}, {val[1]}')
&gt;           daveNES.ram.memory[val[0]] = np.uint8(val[1])
E           IndexError: index 65535 is out of bounds for axis 0 with size 65535

tests\test_cpu.py:35: IndexError</failure></testcase><testcase classname="tests.test_cpu" name="test_daveNES[C:/Users/David/Documents/Coding/daveNES/tests/ProcessorTests-main/nes6502/v1/00.json-i296]" time="0.292"><failure message="IndexError: index 65535 is out of bounds for axis 0 with size 65535">i = 6, json_filename = 'C:/Users/David/Documents/Coding/daveNES/tests/ProcessorTests-main/nes6502/v1/00.json'

    @pytest.mark.parametrize("json_filename, i", zip(json_files_reshaped, inds))
    def test_daveNES(i, json_filename):
        print(f'ind: {i}, filename: {json_filename}')
        test = get_json(json_filename)[i]
&gt;       daveNES = init_daveNES(test)

tests\test_cpu.py:50: 
_ _ _ _ _ _ _ _ _ _ _ _ _ _ _ _ _ _ _ _ _ _ _ _ _ _ _ _ _ _ _ _ _ _ _ _ _ _ _ _ _ _ _ _ _ _ _ _ _ _ _ _ _ _ _ _ _ _ _ _ _ _ _ _ _ _ _ _ _ _ _ _ _ _ _ _ _ _ _ _ _ _ _ _ _ _ _ _ _ _ _ _ _ _ _ _ _ _ _ _ _ _ _ _ _ _ _ _ _ _ _ _ _ _ _ _ _ _ _ _ _ _ _ _ _ _ _ _ _ _ _ _ _ _ _ _ _ _ _ _ _ _ _ _ _ _ _ _ _ _ _ _ _ _ _ _ _ _ _ _ _ _ _ _ _ _ _ _ _ _ _ _ _ _ _ _ _ _ _ _ _ _ _ _ _ _ _ _ _ _ _ _ _ _ _ _ _ _ _ _ _ _ _ _ _ _ _ _ _ _ _ _ _ _ _ 

test = {'cycles': [[531, 0, 'read'], [532, 211, 'read'], [336, 2, 'write'], [335, 21, 'write'], [334, 54, 'write'], [65534, 2...'pc': 531, 'ram': [[531, 0], [532, 211], [533, 208], [65534, 225], [65535, 14], [3809, 229]], ...}, 'name': '00 d3 d0'}

    def init_daveNES(test):
        daveNES = cpu.MOS6502(debug = False)
        daveNES.initialise_RAM()
    
        # Load test program
        for val in test['initial']['ram']:
            print(f'{val[0]}, {val[1]}')
&gt;           daveNES.ram.memory[val[0]] = np.uint8(val[1])
E           IndexError: index 65535 is out of bounds for axis 0 with size 65535

tests\test_cpu.py:35: IndexError</failure></testcase><testcase classname="tests.test_cpu" name="test_daveNES[C:/Users/David/Documents/Coding/daveNES/tests/ProcessorTests-main/nes6502/v1/00.json-i297]" time="0.299"><failure message="IndexError: index 65535 is out of bounds for axis 0 with size 65535">i = 7, json_filename = 'C:/Users/David/Documents/Coding/daveNES/tests/ProcessorTests-main/nes6502/v1/00.json'

    @pytest.mark.parametrize("json_filename, i", zip(json_files_reshaped, inds))
    def test_daveNES(i, json_filename):
        print(f'ind: {i}, filename: {json_filename}')
        test = get_json(json_filename)[i]
&gt;       daveNES = init_daveNES(test)

tests\test_cpu.py:50: 
_ _ _ _ _ _ _ _ _ _ _ _ _ _ _ _ _ _ _ _ _ _ _ _ _ _ _ _ _ _ _ _ _ _ _ _ _ _ _ _ _ _ _ _ _ _ _ _ _ _ _ _ _ _ _ _ _ _ _ _ _ _ _ _ _ _ _ _ _ _ _ _ _ _ _ _ _ _ _ _ _ _ _ _ _ _ _ _ _ _ _ _ _ _ _ _ _ _ _ _ _ _ _ _ _ _ _ _ _ _ _ _ _ _ _ _ _ _ _ _ _ _ _ _ _ _ _ _ _ _ _ _ _ _ _ _ _ _ _ _ _ _ _ _ _ _ _ _ _ _ _ _ _ _ _ _ _ _ _ _ _ _ _ _ _ _ _ _ _ _ _ _ _ _ _ _ _ _ _ _ _ _ _ _ _ _ _ _ _ _ _ _ _ _ _ _ _ _ _ _ _ _ _ _ _ _ _ _ _ _ _ _ _ _ _ 

test = {'cycles': [[12175, 0, 'read'], [12176, 136, 'read'], [336, 47, 'write'], [335, 145, 'write'], [334, 53, 'write'], [65...2175, 'ram': [[12175, 0], [12176, 136], [12177, 46], [65534, 40], [65535, 52], [13352, 196]], ...}, 'name': '00 88 2e'}

    def init_daveNES(test):
        daveNES = cpu.MOS6502(debug = False)
        daveNES.initialise_RAM()
    
        # Load test program
        for val in test['initial']['ram']:
            print(f'{val[0]}, {val[1]}')
&gt;           daveNES.ram.memory[val[0]] = np.uint8(val[1])
E           IndexError: index 65535 is out of bounds for axis 0 with size 65535

tests\test_cpu.py:35: IndexError</failure></testcase><testcase classname="tests.test_cpu" name="test_daveNES[C:/Users/David/Documents/Coding/daveNES/tests/ProcessorTests-main/nes6502/v1/00.json-i298]" time="0.295"><failure message="IndexError: index 65535 is out of bounds for axis 0 with size 65535">i = 8, json_filename = 'C:/Users/David/Documents/Coding/daveNES/tests/ProcessorTests-main/nes6502/v1/00.json'

    @pytest.mark.parametrize("json_filename, i", zip(json_files_reshaped, inds))
    def test_daveNES(i, json_filename):
        print(f'ind: {i}, filename: {json_filename}')
        test = get_json(json_filename)[i]
&gt;       daveNES = init_daveNES(test)

tests\test_cpu.py:50: 
_ _ _ _ _ _ _ _ _ _ _ _ _ _ _ _ _ _ _ _ _ _ _ _ _ _ _ _ _ _ _ _ _ _ _ _ _ _ _ _ _ _ _ _ _ _ _ _ _ _ _ _ _ _ _ _ _ _ _ _ _ _ _ _ _ _ _ _ _ _ _ _ _ _ _ _ _ _ _ _ _ _ _ _ _ _ _ _ _ _ _ _ _ _ _ _ _ _ _ _ _ _ _ _ _ _ _ _ _ _ _ _ _ _ _ _ _ _ _ _ _ _ _ _ _ _ _ _ _ _ _ _ _ _ _ _ _ _ _ _ _ _ _ _ _ _ _ _ _ _ _ _ _ _ _ _ _ _ _ _ _ _ _ _ _ _ _ _ _ _ _ _ _ _ _ _ _ _ _ _ _ _ _ _ _ _ _ _ _ _ _ _ _ _ _ _ _ _ _ _ _ _ _ _ _ _ _ _ _ _ _ _ _ _ _ 

test = {'cycles': [[43998, 0, 'read'], [43999, 103, 'read'], [299, 171, 'write'], [298, 224, 'write'], [297, 118, 'write'], [...98, 'ram': [[43998, 0], [43999, 103], [44000, 194], [65534, 46], [65535, 179], [45870, 252]], ...}, 'name': '00 67 c2'}

    def init_daveNES(test):
        daveNES = cpu.MOS6502(debug = False)
        daveNES.initialise_RAM()
    
        # Load test program
        for val in test['initial']['ram']:
            print(f'{val[0]}, {val[1]}')
&gt;           daveNES.ram.memory[val[0]] = np.uint8(val[1])
E           IndexError: index 65535 is out of bounds for axis 0 with size 65535

tests\test_cpu.py:35: IndexError</failure></testcase><testcase classname="tests.test_cpu" name="test_daveNES[C:/Users/David/Documents/Coding/daveNES/tests/ProcessorTests-main/nes6502/v1/00.json-i299]" time="0.298"><failure message="IndexError: index 65535 is out of bounds for axis 0 with size 65535">i = 9, json_filename = 'C:/Users/David/Documents/Coding/daveNES/tests/ProcessorTests-main/nes6502/v1/00.json'

    @pytest.mark.parametrize("json_filename, i", zip(json_files_reshaped, inds))
    def test_daveNES(i, json_filename):
        print(f'ind: {i}, filename: {json_filename}')
        test = get_json(json_filename)[i]
&gt;       daveNES = init_daveNES(test)

tests\test_cpu.py:50: 
_ _ _ _ _ _ _ _ _ _ _ _ _ _ _ _ _ _ _ _ _ _ _ _ _ _ _ _ _ _ _ _ _ _ _ _ _ _ _ _ _ _ _ _ _ _ _ _ _ _ _ _ _ _ _ _ _ _ _ _ _ _ _ _ _ _ _ _ _ _ _ _ _ _ _ _ _ _ _ _ _ _ _ _ _ _ _ _ _ _ _ _ _ _ _ _ _ _ _ _ _ _ _ _ _ _ _ _ _ _ _ _ _ _ _ _ _ _ _ _ _ _ _ _ _ _ _ _ _ _ _ _ _ _ _ _ _ _ _ _ _ _ _ _ _ _ _ _ _ _ _ _ _ _ _ _ _ _ _ _ _ _ _ _ _ _ _ _ _ _ _ _ _ _ _ _ _ _ _ _ _ _ _ _ _ _ _ _ _ _ _ _ _ _ _ _ _ _ _ _ _ _ _ _ _ _ _ _ _ _ _ _ _ _ _ 

test = {'cycles': [[13714, 0, 'read'], [13715, 169, 'read'], [467, 53, 'write'], [466, 148, 'write'], [465, 112, 'write'], [6...714, 'ram': [[13714, 0], [13715, 169], [13716, 14], [65534, 97], [65535, 158], [40545, 243]], ...}, 'name': '00 a9 0e'}

    def init_daveNES(test):
        daveNES = cpu.MOS6502(debug = False)
        daveNES.initialise_RAM()
    
        # Load test program
        for val in test['initial']['ram']:
            print(f'{val[0]}, {val[1]}')
&gt;           daveNES.ram.memory[val[0]] = np.uint8(val[1])
E           IndexError: index 65535 is out of bounds for axis 0 with size 65535

[...]
 classname="tests.test_cpu" name="test_daveNES[C:/Users/David/Documents/Coding/daveNES/tests/ProcessorTests-main/nes6502/v1/8a.json-i1489]" time="0.197" /><testcase classname="tests.test_cpu" name="test_daveNES[C:/Users/David/Documents/Coding/daveNES/tests/ProcessorTests-main/nes6502/v1/9a.json-i1490]" time="0.137" /><testcase classname="tests.test_cpu" name="test_daveNES[C:/Users/David/Documents/Coding/daveNES/tests/ProcessorTests-main/nes6502/v1/9a.json-i1491]" time="0.195" /><testcase classname="tests.test_cpu" name="test_daveNES[C:/Users/David/Documents/Coding/daveNES/tests/ProcessorTests-main/nes6502/v1/9a.json-i1492]" time="0.138" /><testcase classname="tests.test_cpu" name="test_daveNES[C:/Users/David/Documents/Coding/daveNES/tests/ProcessorTests-main/nes6502/v1/9a.json-i1493]" time="0.193" /><testcase classname="tests.test_cpu" name="test_daveNES[C:/Users/David/Documents/Coding/daveNES/tests/ProcessorTests-main/nes6502/v1/9a.json-i1494]" time="0.138" /><testcase classname="tests.test_cpu" name="test_daveNES[C:/Users/David/Documents/Coding/daveNES/tests/ProcessorTests-main/nes6502/v1/9a.json-i1495]" time="0.195" /><testcase classname="tests.test_cpu" name="test_daveNES[C:/Users/David/Documents/Coding/daveNES/tests/ProcessorTests-main/nes6502/v1/9a.json-i1496]" time="0.138" /><testcase classname="tests.test_cpu" name="test_daveNES[C:/Users/David/Documents/Coding/daveNES/tests/ProcessorTests-main/nes6502/v1/9a.json-i1497]" time="0.196" /><testcase classname="tests.test_cpu" name="test_daveNES[C:/Users/David/Documents/Coding/daveNES/tests/ProcessorTests-main/nes6502/v1/9a.json-i1498]" time="0.138" /><testcase classname="tests.test_cpu" name="test_daveNES[C:/Users/David/Documents/Coding/daveNES/tests/ProcessorTests-main/nes6502/v1/9a.json-i1499]" time="0.194" /><testcase classname="tests.test_cpu" name="test_daveNES[C:/Users/David/Documents/Coding/daveNES/tests/ProcessorTests-main/nes6502/v1/98.json-i1500]" time="0.139"><failure message="NotImplementedError">i = 0, json_filename = 'C:/Users/David/Documents/Coding/daveNES/tests/ProcessorTests-main/nes6502/v1/98.json'

    @pytest.mark.parametrize("json_filename, i", zip(json_files_reshaped, inds))
    def test_daveNES(i, json_filename):
        print(f'ind: {i}, filename: {json_filename}')
        test = get_json(json_filename)[i]
        daveNES = init_daveNES(test)
    
&gt;       daveNES.step_program()

tests\test_cpu.py:52: 
_ _ _ _ _ _ _ _ _ _ _ _ _ _ _ _ _ _ _ _ _ _ _ _ _ _ _ _ _ _ _ _ _ _ _ _ _ _ _ _ _ _ _ _ _ _ _ _ _ _ _ _ _ _ _ _ _ _ _ _ _ _ _ _ _ _ _ _ _ _ _ _ _ _ _ _ _ _ _ _ _ _ _ _ _ _ _ _ _ _ _ _ _ _ _ _ _ _ _ _ _ _ _ _ _ _ _ _ _ _ _ _ _ _ _ _ _ _ _ _ _ _ _ _ _ _ _ _ _ _ _ _ _ _ _ _ _ _ _ _ _ _ _ _ _ _ _ _ _ _ _ _ _ _ _ _ _ _ _ _ _ _ _ _ _ _ _ _ _ _ _ _ _ _ _ _ _ _ _ _ _ _ _ _ _ _ _ _ _ _ _ _ _ _ _ _ _ _ _ _ _ _ _ _ _ _ _ _ _ _ _ _ _ _ _ 
src\cpu.py:230: in step_program
    f(a) # run the opcode with the specified addressing mode
_ _ _ _ _ _ _ _ _ _ _ _ _ _ _ _ _ _ _ _ _ _ _ _ _ _ _ _ _ _ _ _ _ _ _ _ _ _ _ _ _ _ _ _ _ _ _ _ _ _ _ _ _ _ _ _ _ _ _ _ _ _ _ _ _ _ _ _ _ _ _ _ _ _ _ _ _ _ _ _ _ _ _ _ _ _ _ _ _ _ _ _ _ _ _ _ _ _ _ _ _ _ _ _ _ _ _ _ _ _ _ _ _ _ _ _ _ _ _ _ _ _ _ _ _ _ _ _ _ _ _ _ _ _ _ _ _ _ _ _ _ _ _ _ _ _ _ _ _ _ _ _ _ _ _ _ _ _ _ _ _ _ _ _ _ _ _ _ _ _ _ _ _ _ _ _ _ _ _ _ _ _ _ _ _ _ _ _ _ _ _ _ _ _ _ _ _ _ _ _ _ _ _ _ _ _ _ _ _ _ _ _ _ _ _ 

self = &lt;cpu.MOS6502 object at 0x00000202FF425A80&gt;, mode = None

    def TYA(self, mode: AddressingMode):
&gt;       raise NotImplementedError
E       NotImplementedError

src\cpu.py:794: NotImplementedError</failure></testcase><testcase classname="tests.test_cpu" name="test_daveNES[C:/Users/David/Documents/Coding/daveNES/tests/ProcessorTests-main/nes6502/v1/98.json-i1501]" time="0.195"><failure message="NotImplementedError">i = 1, json_filename = 'C:/Users/David/Documents/Coding/daveNES/tests/ProcessorTests-main/nes6502/v1/98.json'

    @pytest.mark.parametrize("json_filename, i", zip(json_files_reshaped, inds))
    def test_daveNES(i, json_filename):
        print(f'ind: {i}, filename: {json_filename}')
        test = get_json(json_filename)[i]
        daveNES = init_daveNES(test)
    
&gt;       daveNES.step_program()

tests\test_cpu.py:52: 
_ _ _ _ _ _ _ _ _ _ _ _ _ _ _ _ _ _ _ _ _ _ _ _ _ _ _ _ _ _ _ _ _ _ _ _ _ _ _ _ _ _ _ _ _ _ _ _ _ _ _ _ _ _ _ _ _ _ _ _ _ _ _ _ _ _ _ _ _ _ _ _ _ _ _ _ _ _ _ _ _ _ _ _ _ _ _ _ _ _ _ _ _ _ _ _ _ _ _ _ _ _ _ _ _ _ _ _ _ _ _ _ _ _ _ _ _ _ _ _ _ _ _ _ _ _ _ _ _ _ _ _ _ _ _ _ _ _ _ _ _ _ _ _ _ _ _ _ _ _ _ _ _ _ _ _ _ _ _ _ _ _ _ _ _ _ _ _ _ _ _ _ _ _ _ _ _ _ _ _ _ _ _ _ _ _ _ _ _ _ _ _ _ _ _ _ _ _ _ _ _ _ _ _ _ _ _ _ _ _ _ _ _ _ _ 
src\cpu.py:230: in step_program
    f(a) # run the opcode with the specified addressing mode
_ _ _ _ _ _ _ _ _ _ _ _ _ _ _ _ _ _ _ _ _ _ _ _ _ _ _ _ _ _ _ _ _ _ _ _ _ _ _ _ _ _ _ _ _ _ _ _ _ _ _ _ _ _ _ _ _ _ _ _ _ _ _ _ _ _ _ _ _ _ _ _ _ _ _ _ _ _ _ _ _ _ _ _ _ _ _ _ _ _ _ _ _ _ _ _ _ _ _ _ _ _ _ _ _ _ _ _ _ _ _ _ _ _ _ _ _ _ _ _ _ _ _ _ _ _ _ _ _ _ _ _ _ _ _ _ _ _ _ _ _ _ _ _ _ _ _ _ _ _ _ _ _ _ _ _ _ _ _ _ _ _ _ _ _ _ _ _ _ _ _ _ _ _ _ _ _ _ _ _ _ _ _ _ _ _ _ _ _ _ _ _ _ _ _ _ _ _ _ _ _ _ _ _ _ _ _ _ _ _ _ _ _ _ _ 

self = &lt;cpu.MOS6502 object at 0x00000202809FB1F0&gt;, mode = None

    def TYA(self, mode: AddressingMode):
&gt;       raise NotImplementedError
E       NotImplementedError

src\cpu.py:794: NotImplementedError</failure></testcase><testcase classname="tests.test_cpu" name="test_daveNES[C:/Users/David/Documents/Coding/daveNES/tests/ProcessorTests-main/nes6502/v1/98.json-i1502]" time="0.134"><failure message="NotImplementedError">i = 2, json_filename = 'C:/Users/David/Documents/Coding/daveNES/tests/ProcessorTests-main/nes6502/v1/98.json'

    @pytest.mark.parametrize("json_filename, i", zip(json_files_reshaped, inds))
    def test_daveNES(i, json_filename):
        print(f'ind: {i}, filename: {json_filename}')
        test = get_json(json_filename)[i]
        daveNES = init_daveNES(test)
    
&gt;       daveNES.step_program()

tests\test_cpu.py:52: 
_ _ _ _ _ _ _ _ _ _ _ _ _ _ _ _ _ _ _ _ _ _ _ _ _ _ _ _ _ _ _ _ _ _ _ _ _ _ _ _ _ _ _ _ _ _ _ _ _ _ _ _ _ _ _ _ _ _ _ _ _ _ _ _ _ _ _ _ _ _ _ _ _ _ _ _ _ _ _ _ _ _ _ _ _ _ _ _ _ _ _ _ _ _ _ _ _ _ _ _ _ _ _ _ _ _ _ _ _ _ _ _ _ _ _ _ _ _ _ _ _ _ _ _ _ _ _ _ _ _ _ _ _ _ _ _ _ _ _ _ _ _ _ _ _ _ _ _ _ _ _ _ _ _ _ _ _ _ _ _ _ _ _ _ _ _ _ _ _ _ _ _ _ _ _ _ _ _ _ _ _ _ _ _ _ _ _ _ _ _ _ _ _ _ _ _ _ _ _ _ _ _ _ _ _ _ _ _ _ _ _ _ _ _ _ 
src\cpu.py:230: in step_program
    f(a) # run the opcode with the specified addressing mode
_ _ _ _ _ _ _ _ _ _ _ _ _ _ _ _ _ _ _ _ _ _ _ _ _ _ _ _ _ _ _ _ _ _ _ _ _ _ _ _ _ _ _ _ _ _ _ _ _ _ _ _ _ _ _ _ _ _ _ _ _ _ _ _ _ _ _ _ _ _ _ _ _ _ _ _ _ _ _ _ _ _ _ _ _ _ _ _ _ _ _ _ _ _ _ _ _ _ _ _ _ _ _ _ _ _ _ _ _ _ _ _ _ _ _ _ _ _ _ _ _ _ _ _ _ _ _ _ _ _ _ _ _ _ _ _ _ _ _ _ _ _ _ _ _ _ _ _ _ _ _ _ _ _ _ _ _ _ _ _ _ _ _ _ _ _ _ _ _ _ _ _ _ _ _ _ _ _ _ _ _ _ _ _ _ _ _ _ _ _ _ _ _ _ _ _ _ _ _ _ _ _ _ _ _ _ _ _ _ _ _ _ _ _ _ 

self = &lt;cpu.MOS6502 object at 0x00000202809FB1F0&gt;, mode = None

    def TYA(self, mode: AddressingMode):
&gt;       raise NotImplementedError
E       NotImplementedError

src\cpu.py:794: NotImplementedError</failure></testcase><testcase classname="tests.test_cpu" name="test_daveNES[C:/Users/David/Documents/Coding/daveNES/tests/ProcessorTests-main/nes6502/v1/98.json-i1503]" time="0.187"><failure message="NotImplementedError">i = 3, json_filename = 'C:/Users/David/Documents/Coding/daveNES/tests/ProcessorTests-main/nes6502/v1/98.json'

    @pytest.mark.parametrize("json_filename, i", zip(json_files_reshaped, inds))
    def test_daveNES(i, json_filename):
        print(f'ind: {i}, filename: {json_filename}')
        test = get_json(json_filename)[i]
        daveNES = init_daveNES(test)
    
&gt;       daveNES.step_program()

tests\test_cpu.py:52: 
_ _ _ _ _ _ _ _ _ _ _ _ _ _ _ _ _ _ _ _ _ _ _ _ _ _ _ _ _ _ _ _ _ _ _ _ _ _ _ _ _ _ _ _ _ _ _ _ _ _ _ _ _ _ _ _ _ _ _ _ _ _ _ _ _ _ _ _ _ _ _ _ _ _ _ _ _ _ _ _ _ _ _ _ _ _ _ _ _ _ _ _ _ _ _ _ _ _ _ _ _ _ _ _ _ _ _ _ _ _ _ _ _ _ _ _ _ _ _ _ _ _ _ _ _ _ _ _ _ _ _ _ _ _ _ _ _ _ _ _ _ _ _ _ _ _ _ _ _ _ _ _ _ _ _ _ _ _ _ _ _ _ _ _ _ _ _ _ _ _ _ _ _ _ _ _ _ _ _ _ _ _ _ _ _ _ _ _ _ _ _ _ _ _ _ _ _ _ _ _ _ _ _ _ _ _ _ _ _ _ _ _ _ _ _ 
src\cpu.py:230: in step_program
    f(a) # run the opcode with the specified addressing mode
_ _ _ _ _ _ _ _ _ _ _ _ _ _ _ _ _ _ _ _ _ _ _ _ _ _ _ _ _ _ _ _ _ _ _ _ _ _ _ _ _ _ _ _ _ _ _ _ _ _ _ _ _ _ _ _ _ _ _ _ _ _ _ _ _ _ _ _ _ _ _ _ _ _ _ _ _ _ _ _ _ _ _ _ _ _ _ _ _ _ _ _ _ _ _ _ _ _ _ _ _ _ _ _ _ _ _ _ _ _ _ _ _ _ _ _ _ _ _ _ _ _ _ _ _ _ _ _ _ _ _ _ _ _ _ _ _ _ _ _ _ _ _ _ _ _ _ _ _ _ _ _ _ _ _ _ _ _ _ _ _ _ _ _ _ _ _ _ _ _ _ _ _ _ _ _ _ _ _ _ _ _ _ _ _ _ _ _ _ _ _ _ _ _ _ _ _ _ _ _ _ _ _ _ _ _ _ _ _ _ _ _ _ _ _ 

self = &lt;cpu.MOS6502 object at 0x00000202809FB1F0&gt;, mode = None

    def TYA(self, mode: AddressingMode):
&gt;       raise NotImplementedError
E       NotImplementedError

src\cpu.py:794: NotImplementedError</failure></testcase><testcase classname="tests.test_cpu" name="test_daveNES[C:/Users/David/Documents/Coding/daveNES/tests/ProcessorTests-main/nes6502/v1/98.json-i1504]" time="0.131"><failure message="NotImplementedError">i = 4, json_filename = 'C:/Users/David/Documents/Coding/daveNES/tests/ProcessorTests-main/nes6502/v1/98.json'

    @pytest.mark.parametrize("json_filename, i", zip(json_files_reshaped, inds))
    def test_daveNES(i, json_filename):
        print(f'ind: {i}, filename: {json_filename}')
        test = get_json(json_filename)[i]
        daveNES = init_daveNES(test)
    
&gt;       daveNES.step_program()

tests\test_cpu.py:52: 
_ _ _ _ _ _ _ _ _ _ _ _ _ _ _ _ _ _ _ _ _ _ _ _ _ _ _ _ _ _ _ _ _ _ _ _ _ _ _ _ _ _ _ _ _ _ _ _ _ _ _ _ _ _ _ _ _ _ _ _ _ _ _ _ _ _ _ _ _ _ _ _ _ _ _ _ _ _ _ _ _ _ _ _ _ _ _ _ _ _ _ _ _ _ _ _ _ _ _ _ _ _ _ _ _ _ _ _ _ _ _ _ _ _ _ _ _ _ _ _ _ _ _ _ _ _ _ _ _ _ _ _ _ _ _ _ _ _ _ _ _ _ _ _ _ _ _ _ _ _ _ _ _ _ _ _ _ _ _ _ _ _ _ _ _ _ _ _ _ _ _ _ _ _ _ _ _ _ _ _ _ _ _ _ _ _ _ _ _ _ _ _ _ _ _ _ _ _ _ _ _ _ _ _ _ _ _ _ _ _ _ _ _ _ _ 
src\cpu.py:230: in step_program
    f(a) # run the opcode with the specified addressing mode
_ _ _ _ _ _ _ _ _ _ _ _ _ _ _ _ _ _ _ _ _ _ _ _ _ _ _ _ _ _ _ _ _ _ _ _ _ _ _ _ _ _ _ _ _ _ _ _ _ _ _ _ _ _ _ _ _ _ _ _ _ _ _ _ _ _ _ _ _ _ _ _ _ _ _ _ _ _ _ _ _ _ _ _ _ _ _ _ _ _ _ _ _ _ _ _ _ _ _ _ _ _ _ _ _ _ _ _ _ _ _ _ _ _ _ _ _ _ _ _ _ _ _ _ _ _ _ _ _ _ _ _ _ _ _ _ _ _ _ _ _ _ _ _ _ _ _ _ _ _ _ _ _ _ _ _ _ _ _ _ _ _ _ _ _ _ _ _ _ _ _ _ _ _ _ _ _ _ _ _ _ _ _ _ _ _ _ _ _ _ _ _ _ _ _ _ _ _ _ _ _ _ _ _ _ _ _ _ _ _ _ _ _ _ _ 

self = &lt;cpu.MOS6502 object at 0x00000202809FB1F0&gt;, mode = None

    def TYA(self, mode: AddressingMode):
&gt;       raise NotImplementedError
E       NotImplementedError

src\cpu.py:794: NotImplementedError</failure></testcase><testcase classname="tests.test_cpu" name="test_daveNES[C:/Users/David/Documents/Coding/daveNES/tests/ProcessorTests-main/nes6502/v1/98.json-i1505]" time="0.138"><failure message="NotImplementedError">i = 5, json_filename = 'C:/Users/David/Documents/Coding/daveNES/tests/ProcessorTests-main/nes6502/v1/98.json'

    @pytest.mark.parametrize("json_filename, i", zip(json_files_reshaped, inds))
    def test_daveNES(i, json_filename):
        print(f'ind: {i}, filename: {json_filename}')
        test = get_json(json_filename)[i]
        daveNES = init_daveNES(test)
    
&gt;       daveNES.step_program()

tests\test_cpu.py:52: 
_ _ _ _ _ _ _ _ _ _ _ _ _ _ _ _ _ _ _ _ _ _ _ _ _ _ _ _ _ _ _ _ _ _ _ _ _ _ _ _ _ _ _ _ _ _ _ _ _ _ _ _ _ _ _ _ _ _ _ _ _ _ _ _ _ _ _ _ _ _ _ _ _ _ _ _ _ _ _ _ _ _ _ _ _ _ _ _ _ _ _ _ _ _ _ _ _ _ _ _ _ _ _ _ _ _ _ _ _ _ _ _ _ _ _ _ _ _ _ _ _ _ _ _ _ _ _ _ _ _ _ _ _ _ _ _ _ _ _ _ _ _ _ _ _ _ _ _ _ _ _ _ _ _ _ _ _ _ _ _ _ _ _ _ _ _ _ _ _ _ _ _ _ _ _ _ _ _ _ _ _ _ _ _ _ _ _ _ _ _ _ _ _ _ _ _ _ _ _ _ _ _ _ _ _ _ _ _ _ _ _ _ _ _ _ 
src\cpu.py:230: in step_program
    f(a) # run the opcode with the specified addressing mode
_ _ _ _ _ _ _ _ _ _ _ _ _ _ _ _ _ _ _ _ _ _ _ _ _ _ _ _ _ _ _ _ _ _ _ _ _ _ _ _ _ _ _ _ _ _ _ _ _ _ _ _ _ _ _ _ _ _ _ _ _ _ _ _ _ _ _ _ _ _ _ _ _ _ _ _ _ _ _ _ _ _ _ _ _ _ _ _ _ _ _ _ _ _ _ _ _ _ _ _ _ _ _ _ _ _ _ _ _ _ _ _ _ _ _ _ _ _ _ _ _ _ _ _ _ _ _ _ _ _ _ _ _ _ _ _ _ _ _ _ _ _ _ _ _ _ _ _ _ _ _ _ _ _ _ _ _ _ _ _ _ _ _ _ _ _ _ _ _ _ _ _ _ _ _ _ _ _ _ _ _ _ _ _ _ _ _ _ _ _ _ _ _ _ _ _ _ _ _ _ _ _ _ _ _ _ _ _ _ _ _ _ _ _ _ 

self = &lt;cpu.MOS6502 object at 0x00000202809FB1F0&gt;, mode = None

    def TYA(self, mode: AddressingMode):
&gt;       raise NotImplementedError
E       NotImplementedError

src\cpu.py:794: NotImplementedError</failure></testcase><testcase classname="tests.test_cpu" name="test_daveNES[C:/Users/David/Documents/Coding/daveNES/tests/ProcessorTests-main/nes6502/v1/98.json-i1506]" time="0.196"><failure message="NotImplementedError">i = 6, json_filename = 'C:/Users/David/Documents/Coding/daveNES/tests/ProcessorTests-main/nes6502/v1/98.json'

    @pytest.mark.parametrize("json_filename, i", zip(json_files_reshaped, inds))
    def test_daveNES(i, json_filename):
        print(f'ind: {i}, filename: {json_filename}')
        test = get_json(json_filename)[i]
        daveNES = init_daveNES(test)
    
&gt;       daveNES.step_program()

tests\test_cpu.py:52: 
_ _ _ _ _ _ _ _ _ _ _ _ _ _ _ _ _ _ _ _ _ _ _ _ _ _ _ _ _ _ _ _ _ _ _ _ _ _ _ _ _ _ _ _ _ _ _ _ _ _ _ _ _ _ _ _ _ _ _ _ _ _ _ _ _ _ _ _ _ _ _ _ _ _ _ _ _ _ _ _ _ _ _ _ _ _ _ _ _ _ _ _ _ _ _ _ _ _ _ _ _ _ _ _ _ _ _ _ _ _ _ _ _ _ _ _ _ _ _ _ _ _ _ _ _ _ _ _ _ _ _ _ _ _ _ _ _ _ _ _ _ _ _ _ _ _ _ _ _ _ _ _ _ _ _ _ _ _ _ _ _ _ _ _ _ _ _ _ _ _ _ _ _ _ _ _ _ _ _ _ _ _ _ _ _ _ _ _ _ _ _ _ _ _ _ _ _ _ _ _ _ _ _ _ _ _ _ _ _ _ _ _ _ _ _ 
src\cpu.py:230: in step_program
    f(a) # run the opcode with the specified addressing mode
_ _ _ _ _ _ _ _ _ _ _ _ _ _ _ _ _ _ _ _ _ _ _ _ _ _ _ _ _ _ _ _ _ _ _ _ _ _ _ _ _ _ _ _ _ _ _ _ _ _ _ _ _ _ _ _ _ _ _ _ _ _ _ _ _ _ _ _ _ _ _ _ _ _ _ _ _ _ _ _ _ _ _ _ _ _ _ _ _ _ _ _ _ _ _ _ _ _ _ _ _ _ _ _ _ _ _ _ _ _ _ _ _ _ _ _ _ _ _ _ _ _ _ _ _ _ _ _ _ _ _ _ _ _ _ _ _ _ _ _ _ _ _ _ _ _ _ _ _ _ _ _ _ _ _ _ _ _ _ _ _ _ _ _ _ _ _ _ _ _ _ _ _ _ _ _ _ _ _ _ _ _ _ _ _ _ _ _ _ _ _ _ _ _ _ _ _ _ _ _ _ _ _ _ _ _ _ _ _ _ _ _ _ _ _ 

self = &lt;cpu.MOS6502 object at 0x00000202809FB1F0&gt;, mode = None

    def TYA(self, mode: AddressingMode):
&gt;       raise NotImplementedError
E       NotImplementedError

src\cpu.py:794: NotImplementedError</failure></testcase><testcase classname="tests.test_cpu" name="test_daveNES[C:/Users/David/Documents/Coding/daveNES/tests/ProcessorTests-main/nes6502/v1/98.json-i1507]" time="0.135"><failure message="NotImplementedError">i = 7, json_filename = 'C:/Users/David/Documents/Coding/daveNES/tests/ProcessorTests-main/nes6502/v1/98.json'

    @pytest.mark.parametrize("json_filename, i", zip(json_files_reshaped, inds))
    def test_daveNES(i, json_filename):
        print(f'ind: {i}, filename: {json_filename}')
        test = get_json(json_filename)[i]
        daveNES = init_daveNES(test)
    
&gt;       daveNES.step_program()

tests\test_cpu.py:52: 
_ _ _ _ _ _ _ _ _ _ _ _ _ _ _ _ _ _ _ _ _ _ _ _ _ _ _ _ _ _ _ _ _ _ _ _ _ _ _ _ _ _ _ _ _ _ _ _ _ _ _ _ _ _ _ _ _ _ _ _ _ _ _ _ _ _ _ _ _ _ _ _ _ _ _ _ _ _ _ _ _ _ _ _ _ _ _ _ _ _ _ _ _ _ _ _ _ _ _ _ _ _ _ _ _ _ _ _ _ _ _ _ _ _ _ _ _ _ _ _ _ _ _ _ _ _ _ _ _ _ _ _ _ _ _ _ _ _ _ _ _ _ _ _ _ _ _ _ _ _ _ _ _ _ _ _ _ _ _ _ _ _ _ _ _ _ _ _ _ _ _ _ _ _ _ _ _ _ _ _ _ _ _ _ _ _ _ _ _ _ _ _ _ _ _ _ _ _ _ _ _ _ _ _ _ _ _ _ _ _ _ _ _ _ _ 
src\cpu.py:230: in step_program
    f(a) # run the opcode with the specified addressing mode
_ _ _ _ _ _ _ _ _ _ _ _ _ _ _ _ _ _ _ _ _ _ _ _ _ _ _ _ _ _ _ _ _ _ _ _ _ _ _ _ _ _ _ _ _ _ _ _ _ _ _ _ _ _ _ _ _ _ _ _ _ _ _ _ _ _ _ _ _ _ _ _ _ _ _ _ _ _ _ _ _ _ _ _ _ _ _ _ _ _ _ _ _ _ _ _ _ _ _ _ _ _ _ _ _ _ _ _ _ _ _ _ _ _ _ _ _ _ _ _ _ _ _ _ _ _ _ _ _ _ _ _ _ _ _ _ _ _ _ _ _ _ _ _ _ _ _ _ _ _ _ _ _ _ _ _ _ _ _ _ _ _ _ _ _ _ _ _ _ _ _ _ _ _ _ _ _ _ _ _ _ _ _ _ _ _ _ _ _ _ _ _ _ _ _ _ _ _ _ _ _ _ _ _ _ _ _ _ _ _ _ _ _ _ _ 

self = &lt;cpu.MOS6502 object at 0x00000202809FB1F0&gt;, mode = None

    def TYA(self, mode: AddressingMode):
&gt;       raise NotImplementedError
E       NotImplementedError

src\cpu.py:794: NotImplementedError</failure></testcase><testcase classname="tests.test_cpu" name="test_daveNES[C:/Users/David/Documents/Coding/daveNES/tests/ProcessorTests-main/nes6502/v1/98.json-i1508]" time="0.185"><failure message="NotImplementedError">i = 8, json_filename = 'C:/Users/David/Documents/Coding/daveNES/tests/ProcessorTests-main/nes6502/v1/98.json'

    @pytest.mark.parametrize("json_filename, i", zip(json_files_reshaped, inds))
    def test_daveNES(i, json_filename):
        print(f'ind: {i}, filename: {json_filename}')
        test = get_json(json_filename)[i]
        daveNES = init_daveNES(test)
    
&gt;       daveNES.step_program()

tests\test_cpu.py:52: 
_ _ _ _ _ _ _ _ _ _ _ _ _ _ _ _ _ _ _ _ _ _ _ _ _ _ _ _ _ _ _ _ _ _ _ _ _ _ _ _ _ _ _ _ _ _ _ _ _ _ _ _ _ _ _ _ _ _ _ _ _ _ _ _ _ _ _ _ _ _ _ _ _ _ _ _ _ _ _ _ _ _ _ _ _ _ _ _ _ _ _ _ _ _ _ _ _ _ _ _ _ _ _ _ _ _ _ _ _ _ _ _ _ _ _ _ _ _ _ _ _ _ _ _ _ _ _ _ _ _ _ _ _ _ _ _ _ _ _ _ _ _ _ _ _ _ _ _ _ _ _ _ _ _ _ _ _ _ _ _ _ _ _ _ _ _ _ _ _ _ _ _ _ _ _ _ _ _ _ _ _ _ _ _ _ _ _ _ _ _ _ _ _ _ _ _ _ _ _ _ _ _ _ _ _ _ _ _ _ _ _ _ _ _ _ 
src\cpu.py:230: in step_program
    f(a) # run the opcode with the specified addressing mode
_ _ _ _ _ _ _ _ _ _ _ _ _ _ _ _ _ _ _ _ _ _ _ _ _ _ _ _ _ _ _ _ _ _ _ _ _ _ _ _ _ _ _ _ _ _ _ _ _ _ _ _ _ _ _ _ _ _ _ _ _ _ _ _ _ _ _ _ _ _ _ _ _ _ _ _ _ _ _ _ _ _ _ _ _ _ _ _ _ _ _ _ _ _ _ _ _ _ _ _ _ _ _ _ _ _ _ _ _ _ _ _ _ _ _ _ _ _ _ _ _ _ _ _ _ _ _ _ _ _ _ _ _ _ _ _ _ _ _ _ _ _ _ _ _ _ _ _ _ _ _ _ _ _ _ _ _ _ _ _ _ _ _ _ _ _ _ _ _ _ _ _ _ _ _ _ _ _ _ _ _ _ _ _ _ _ _ _ _ _ _ _ _ _ _ _ _ _ _ _ _ _ _ _ _ _ _ _ _ _ _ _ _ _ _ 

self = &lt;cpu.MOS6502 object at 0x00000202809FB1F0&gt;, mode = None

    def TYA(self, mode: AddressingMode):
&gt;       raise NotImplementedError
E       NotImplementedError

src\cpu.py:794: NotImplementedError</failure></testcase><testcase classname="tests.test_cpu" name="test_daveNES[C:/Users/David/Documents/Coding/daveNES/tests/ProcessorTests-main/nes6502/v1/98.json-i1509]" time="0.132"><failure message="NotImplementedError">i = 9, json_filename = 'C:/Users/David/Documents/Coding/daveNES/tests/ProcessorTests-main/nes6502/v1/98.json'

    @pytest.mark.parametrize("json_filename, i", zip(json_files_reshaped, inds))
    def test_daveNES(i, json_filename):
        print(f'ind: {i}, filename: {json_filename}')
        test = get_json(json_filename)[i]
        daveNES = init_daveNES(test)
    
&gt;       daveNES.step_program()

tests\test_cpu.py:52: 
_ _ _ _ _ _ _ _ _ _ _ _ _ _ _ _ _ _ _ _ _ _ _ _ _ _ _ _ _ _ _ _ _ _ _ _ _ _ _ _ _ _ _ _ _ _ _ _ _ _ _ _ _ _ _ _ _ _ _ _ _ _ _ _ _ _ _ _ _ _ _ _ _ _ _ _ _ _ _ _ _ _ _ _ _ _ _ _ _ _ _ _ _ _ _ _ _ _ _ _ _ _ _ _ _ _ _ _ _ _ _ _ _ _ _ _ _ _ _ _ _ _ _ _ _ _ _ _ _ _ _ _ _ _ _ _ _ _ _ _ _ _ _ _ _ _ _ _ _ _ _ _ _ _ _ _ _ _ _ _ _ _ _ _ _ _ _ _ _ _ _ _ _ _ _ _ _ _ _ _ _ _ _ _ _ _ _ _ _ _ _ _ _ _ _ _ _ _ _ _ _ _ _ _ _ _ _ _ _ _ _ _ _ _ _ 
src\cpu.py:230: in step_program
    f(a) # run the opcode with the specified addressing mode
_ _ _ _ _ _ _ _ _ _ _ _ _ _ _ _ _ _ _ _ _ _ _ _ _ _ _ _ _ _ _ _ _ _ _ _ _ _ _ _ _ _ _ _ _ _ _ _ _ _ _ _ _ _ _ _ _ _ _ _ _ _ _ _ _ _ _ _ _ _ _ _ _ _ _ _ _ _ _ _ _ _ _ _ _ _ _ _ _ _ _ _ _ _ _ _ _ _ _ _ _ _ _ _ _ _ _ _ _ _ _ _ _ _ _ _ _ _ _ _ _ _ _ _ _ _ _ _ _ _ _ _ _ _ _ _ _ _ _ _ _ _ _ _ _ _ _ _ _ _ _ _ _ _ _ _ _ _ _ _ _ _ _ _ _ _ _ _ _ _ _ _ _ _ _ _ _ _ _ _ _ _ _ _ _ _ _ _ _ _ _ _ _ _ _ _ _ _ _ _ _ _ _ _ _ _ _ _ _ _ _ _ _ _ _ 

self = &lt;cpu.MOS6502 object at 0x00000202809FB1F0&gt;, mode = None

    def TYA(self, mode: AddressingMode):
&gt;       raise NotImplementedError
E       NotImplementedError

src\cpu.py:794: NotImplementedError</failure></testcase></testsuite></testsuites>