FAILED tests/test_cpu.py::test_daveNES[C:/Users/David/Documents/Coding/daveNES/tests/ProcessorTests-main/nes6502/v1/75.json-i22] - assert 240 == 112
FAILED tests/test_cpu.py::test_daveNES[C:/Users/David/Documents/Coding/daveNES/tests/ProcessorTests-main/nes6502/v1/75.json-i25] - assert 34 == 105
FAILED tests/test_cpu.py::test_daveNES[C:/Users/David/Documents/Coding/daveNES/tests/ProcessorTests-main/nes6502/v1/75.json-i26] - assert 53 == 198
FAILED tests/test_cpu.py::test_daveNES[C:/Users/David/Documents/Coding/daveNES/tests/ProcessorTests-main/nes6502/v1/75.json-i27] - assert 251 == 39
FAILED tests/test_cpu.py::test_daveNES[C:/Users/David/Documents/Coding/daveNES/tests/ProcessorTests-main/nes6502/v1/7d.json-i40] - AttributeError: 'int' object has no attribute 'astype'
FAILED tests/test_cpu.py::test_daveNES[C:/Users/David/Documents/Coding/daveNES/tests/ProcessorTests-main/nes6502/v1/7d.json-i41] - AttributeError: 'int' object has no attribute 'astype'
FAILED tests/test_cpu.py::test_daveNES[C:/Users/David/Documents/Coding/daveNES/tests/ProcessorTests-main/nes6502/v1/7d.json-i42] - AttributeError: 'int' object has no attribute 'astype'
FAILED tests/test_cpu.py::test_daveNES[C:/Users/David/Documents/Coding/daveNES/tests/ProcessorTests-main/nes6502/v1/7d.json-i43] - AttributeError: 'int' object has no attribute 'astype'
FAILED tests/test_cpu.py::test_daveNES[C:/Users/David/Documents/Coding/daveNES/tests/ProcessorTests-main/nes6502/v1/7d.json-i44] - AttributeError: 'int' object has no attribute 'astype'
FAILED tests/test_cpu.py::test_daveNES[C:/Users/David/Documents/Coding/daveNES/tests/ProcessorTests-main/nes6502/v1/7d.json-i45] - AttributeError: 'int' object has no attribute 'astype'
FAILED tests/test_cpu.py::test_daveNES[C:/Users/David/Documents/Coding/daveNES/tests/ProcessorTests-main/nes6502/v1/7d.json-i46] - AttributeError: 'int' object has no attribute 'astype'
FAILED tests/test_cpu.py::test_daveNES[C:/Users/David/Documents/Coding/daveNES/tests/ProcessorTests-main/nes6502/v1/7d.json-i47] - AttributeError: 'int' object has no attribute 'astype'
FAILED tests/test_cpu.py::test_daveNES[C:/Users/David/Documents/Coding/daveNES/tests/ProcessorTests-main/nes6502/v1/7d.json-i48] - AttributeError: 'int' object has no attribute 'astype'
FAILED tests/test_cpu.py::test_daveNES[C:/Users/David/Documents/Coding/daveNES/tests/ProcessorTests-main/nes6502/v1/7d.json-i49] - AttributeError: 'int' object has no attribute 'astype'
FAILED tests/test_cpu.py::test_daveNES[C:/Users/David/Documents/Coding/daveNES/tests/ProcessorTests-main/nes6502/v1/79.json-i50] - AttributeError: 'int' object has no attribute 'astype'
FAILED tests/test_cpu.py::test_daveNES[C:/Users/David/Documents/Coding/daveNES/tests/ProcessorTests-main/nes6502/v1/79.json-i51] - AttributeError: 'int' object has no attribute 'astype'
FAILED tests/test_cpu.py::test_daveNES[C:/Users/David/Documents/Coding/daveNES/tests/ProcessorTests-main/nes6502/v1/79.json-i52] - AttributeError: 'int' object has no attribute 'astype'
FAILED tests/test_cpu.py::test_daveNES[C:/Users/David/Documents/Coding/daveNES/tests/ProcessorTests-main/nes6502/v1/79.json-i53] - AttributeError: 'int' object has no attribute 'astype'
FAILED tests/test_cpu.py::test_daveNES[C:/Users/David/Documents/Coding/daveNES/tests/ProcessorTests-main/nes6502/v1/79.json-i54] - AttributeError: 'int' object has no attribute 'astype'
FAILED tests/test_cpu.py::test_daveNES[C:/Users/David/Documents/Coding/daveNES/tests/ProcessorTests-main/nes6502/v1/79.json-i55] - AttributeError: 'int' object has no attribute 'astype'
FAILED tests/test_cpu.py::test_daveNES[C:/Users/David/Documents/Coding/daveNES/tests/ProcessorTests-main/nes6502/v1/79.json-i56] - AttributeError: 'int' object has no attribute 'astype'
FAILED tests/test_cpu.py::test_daveNES[C:/Users/David/Documents/Coding/daveNES/tests/ProcessorTests-main/nes6502/v1/79.json-i57] - AttributeError: 'int' object has no attribute 'astype'
FAILED tests/test_cpu.py::test_daveNES[C:/Users/David/Documents/Coding/daveNES/tests/ProcessorTests-main/nes6502/v1/79.json-i58] - AttributeError: 'int' object has no attribute 'astype'
FAILED tests/test_cpu.py::test_daveNES[C:/Users/David/Documents/Coding/daveNES/tests/ProcessorTests-main/nes6502/v1/79.json-i59] - AttributeError: 'int' object has no attribute 'astype'
FAILED tests/test_cpu.py::test_daveNES[C:/Users/David/Documents/Coding/daveNES/tests/ProcessorTests-main/nes6502/v1/61.json-i60] - assert 73 == 201
FAILED tests/test_cpu.py::test_daveNES[C:/Users/David/Documents/Coding/daveNES/tests/ProcessorTests-main/nes6502/v1/61.json-i61] - assert 101 == 4
FAILED tests/test_cpu.py::test_daveNES[C:/Users/David/Documents/Coding/daveNES/tests/ProcessorTests-main/nes6502/v1/61.json-i62] - assert 62 == 206
FAILED tests/test_cpu.py::test_daveNES[C:/Users/David/Documents/Coding/daveNES/tests/ProcessorTests-main/nes6502/v1/61.json-i63] - assert 241 == 221
FAILED tests/test_cpu.py::test_daveNES[C:/Users/David/Documents/Coding/daveNES/tests/ProcessorTests-main/nes6502/v1/61.json-i64] - assert 149 == 54
FAILED tests/test_cpu.py::test_daveNES[C:/Users/David/Documents/Coding/daveNES/tests/ProcessorTests-main/nes6502/v1/61.json-i65] - assert 75 == 35
FAILED tests/test_cpu.py::test_daveNES[C:/Users/David/Documents/Coding/daveNES/tests/ProcessorTests-main/nes6502/v1/61.json-i68] - assert 160 == 169
FAILED tests/test_cpu.py::test_daveNES[C:/Users/David/Documents/Coding/daveNES/tests/ProcessorTests-main/nes6502/v1/61.json-i69] - assert 230 == 113
FAILED tests/test_cpu.py::test_daveNES[C:/Users/David/Documents/Coding/daveNES/tests/ProcessorTests-main/nes6502/v1/35.json-i101] - assert 38 == 0
FAILED tests/test_cpu.py::test_daveNES[C:/Users/David/Documents/Coding/daveNES/tests/ProcessorTests-main/nes6502/v1/35.json-i102] - assert 70 == 0
FAILED tests/test_cpu.py::test_daveNES[C:/Users/David/Documents/Coding/daveNES/tests/ProcessorTests-main/nes6502/v1/35.json-i105] - assert 32 == 0
FAILED tests/test_cpu.py::test_daveNES[C:/Users/David/Documents/Coding/daveNES/tests/ProcessorTests-main/nes6502/v1/35.json-i106] - assert 9 == 0
FAILED tests/test_cpu.py::test_daveNES[C:/Users/David/Documents/Coding/daveNES/tests/ProcessorTests-main/nes6502/v1/35.json-i108] - assert 134 == 0
FAILED tests/test_cpu.py::test_daveNES[C:/Users/David/Documents/Coding/daveNES/tests/ProcessorTests-main/nes6502/v1/35.json-i109] - assert 192 == 0
FAILED tests/test_cpu.py::test_daveNES[C:/Users/David/Documents/Coding/daveNES/tests/ProcessorTests-main/nes6502/v1/3d.json-i120] - AttributeError: 'int' object has no attribute 'astype'
FAILED tests/test_cpu.py::test_daveNES[C:/Users/David/Documents/Coding/daveNES/tests/ProcessorTests-main/nes6502/v1/3d.json-i121] - AttributeError: 'int' object has no attribute 'astype'
FAILED tests/test_cpu.py::test_daveNES[C:/Users/David/Documents/Coding/daveNES/tests/ProcessorTests-main/nes6502/v1/3d.json-i122] - AttributeError: 'int' object has no attribute 'astype'
FAILED tests/test_cpu.py::test_daveNES[C:/Users/David/Documents/Coding/daveNES/tests/ProcessorTests-main/nes6502/v1/3d.json-i123] - AttributeError: 'int' object has no attribute 'astype'
FAILED tests/test_cpu.py::test_daveNES[C:/Users/David/Documents/Coding/daveNES/tests/ProcessorTests-main/nes6502/v1/3d.json-i124] - AttributeError: 'int' object has no attribute 'astype'
FAILED tests/test_cpu.py::test_daveNES[C:/Users/David/Documents/Coding/daveNES/tests/ProcessorTests-main/nes6502/v1/3d.json-i125] - AttributeError: 'int' object has no attribute 'astype'
FAILED tests/test_cpu.py::test_daveNES[C:/Users/David/Documents/Coding/daveNES/tests/ProcessorTests-main/nes6502/v1/3d.json-i126] - AttributeError: 'int' object has no attribute 'astype'
FAILED tests/test_cpu.py::test_daveNES[C:/Users/David/Documents/Coding/daveNES/tests/ProcessorTests-main/nes6502/v1/3d.json-i127] - AttributeError: 'int' object has no attribute 'astype'
FAILED tests/test_cpu.py::test_daveNES[C:/Users/David/Documents/Coding/daveNES/tests/ProcessorTests-main/nes6502/v1/3d.json-i128] - AttributeError: 'int' object has no attribute 'astype'
FAILED tests/test_cpu.py::test_daveNES[C:/Users/David/Documents/Coding/daveNES/tests/ProcessorTests-main/nes6502/v1/3d.json-i129] - AttributeError: 'int' object has no attribute 'astype'
FAILED tests/test_cpu.py::test_daveNES[C:/Users/David/Documents/Coding/daveNES/tests/ProcessorTests-main/nes6502/v1/39.json-i130] - AttributeError: 'int' object has no attribute 'astype'
FAILED tests/test_cpu.py::test_daveNES[C:/Users/David/Documents/Coding/daveNES/tests/ProcessorTests-main/nes6502/v1/39.json-i131] - AttributeError: 'int' object has no attribute 'astype'
FAILED tests/test_cpu.py::test_daveNES[C:/Users/David/Documents/Coding/daveNES/tests/ProcessorTests-main/nes6502/v1/39.json-i132] - AttributeError: 'int' object has no attribute 'astype'
FAILED tests/test_cpu.py::test_daveNES[C:/Users/David/Documents/Coding/daveNES/tests/ProcessorTests-main/nes6502/v1/39.json-i133] - AttributeError: 'int' object has no attribute 'astype'
FAILED tests/test_cpu.py::test_daveNES[C:/Users/David/Documents/Coding/daveNES/tests/ProcessorTests-main/nes6502/v1/39.json-i134] - AttributeError: 'int' object has no attribute 'astype'
FAILED tests/test_cpu.py::test_daveNES[C:/Users/David/Documents/Coding/daveNES/tests/ProcessorTests-main/nes6502/v1/39.json-i135] - AttributeError: 'int' object has no attribute 'astype'
FAILED tests/test_cpu.py::test_daveNES[C:/Users/David/Documents/Coding/daveNES/tests/ProcessorTests-main/nes6502/v1/39.json-i136] - AttributeError: 'int' object has no attribute 'astype'
FAILED tests/test_cpu.py::test_daveNES[C:/Users/David/Documents/Coding/daveNES/tests/ProcessorTests-main/nes6502/v1/39.json-i137] - AttributeError: 'int' object has no attribute 'astype'
FAILED tests/test_cpu.py::test_daveNES[C:/Users/David/Documents/Coding/daveNES/tests/ProcessorTests-main/nes6502/v1/39.json-i138] - AttributeError: 'int' object has no attribute 'astype'
FAILED tests/test_cpu.py::test_daveNES[C:/Users/David/Documents/Coding/daveNES/tests/ProcessorTests-main/nes6502/v1/39.json-i139] - AttributeError: 'int' object has no attribute 'astype'
FAILED tests/test_cpu.py::test_daveNES[C:/Users/David/Documents/Coding/daveNES/tests/ProcessorTests-main/nes6502/v1/21.json-i140] - assert 2 == 0
FAILED tests/test_cpu.py::test_daveNES[C:/Users/David/Documents/Coding/daveNES/tests/ProcessorTests-main/nes6502/v1/21.json-i141] - assert 68 == 0
FAILED tests/test_cpu.py::test_daveNES[C:/Users/David/Documents/Coding/daveNES/tests/ProcessorTests-main/nes6502/v1/21.json-i142] - assert 149 == 0
FAILED tests/test_cpu.py::test_daveNES[C:/Users/David/Documents/Coding/daveNES/tests/ProcessorTests-main/nes6502/v1/21.json-i145] - assert 138 == 0
FAILED tests/test_cpu.py::test_daveNES[C:/Users/David/Documents/Coding/daveNES/tests/ProcessorTests-main/nes6502/v1/21.json-i146] - assert 16 == 0
FAILED tests/test_cpu.py::test_daveNES[C:/Users/David/Documents/Coding/daveNES/tests/ProcessorTests-main/nes6502/v1/21.json-i147] - assert 196 == 0
FAILED tests/test_cpu.py::test_daveNES[C:/Users/David/Documents/Coding/daveNES/tests/ProcessorTests-main/nes6502/v1/1e.json-i200] - AttributeError: 'int' object has no attribute 'astype'
FAILED tests/test_cpu.py::test_daveNES[C:/Users/David/Documents/Coding/daveNES/tests/ProcessorTests-main/nes6502/v1/1e.json-i201] - AttributeError: 'int' object has no attribute 'astype'
FAILED tests/test_cpu.py::test_daveNES[C:/Users/David/Documents/Coding/daveNES/tests/ProcessorTests-main/nes6502/v1/1e.json-i202] - AttributeError: 'int' object has no attribute 'astype'
FAILED tests/test_cpu.py::test_daveNES[C:/Users/David/Documents/Coding/daveNES/tests/ProcessorTests-main/nes6502/v1/1e.json-i203] - AttributeError: 'int' object has no attribute 'astype'
FAILED tests/test_cpu.py::test_daveNES[C:/Users/David/Documents/Coding/daveNES/tests/ProcessorTests-main/nes6502/v1/1e.json-i204] - AttributeError: 'int' object has no attribute 'astype'
FAILED tests/test_cpu.py::test_daveNES[C:/Users/David/Documents/Coding/daveNES/tests/ProcessorTests-main/nes6502/v1/1e.json-i205] - AttributeError: 'int' object has no attribute 'astype'
FAILED tests/test_cpu.py::test_daveNES[C:/Users/David/Documents/Coding/daveNES/tests/ProcessorTests-main/nes6502/v1/1e.json-i206] - AttributeError: 'int' object has no attribute 'astype'
FAILED tests/test_cpu.py::test_daveNES[C:/Users/David/Documents/Coding/daveNES/tests/ProcessorTests-main/nes6502/v1/1e.json-i207] - AttributeError: 'int' object has no attribute 'astype'
FAILED tests/test_cpu.py::test_daveNES[C:/Users/David/Documents/Coding/daveNES/tests/ProcessorTests-main/nes6502/v1/1e.json-i208] - AttributeError: 'int' object has no attribute 'astype'
FAILED tests/test_cpu.py::test_daveNES[C:/Users/David/Documents/Coding/daveNES/tests/ProcessorTests-main/nes6502/v1/1e.json-i209] - AttributeError: 'int' object has no attribute 'astype'
FAILED tests/test_cpu.py::test_daveNES[C:/Users/David/Documents/Coding/daveNES/tests/ProcessorTests-main/nes6502/v1/30.json-i260] - assert 41798 == 41799
FAILED tests/test_cpu.py::test_daveNES[C:/Users/David/Documents/Coding/daveNES/tests/ProcessorTests-main/nes6502/v1/30.json-i261] - assert 39255 == 39256
FAILED tests/test_cpu.py::test_daveNES[C:/Users/David/Documents/Coding/daveNES/tests/ProcessorTests-main/nes6502/v1/30.json-i262] - assert 15927 == 15928
FAILED tests/test_cpu.py::test_daveNES[C:/Users/David/Documents/Coding/daveNES/tests/ProcessorTests-main/nes6502/v1/30.json-i266] - assert 39858 == 39859
FAILED tests/test_cpu.py::test_daveNES[C:/Users/David/Documents/Coding/daveNES/tests/ProcessorTests-main/nes6502/v1/30.json-i267] - assert 51456 == 51457
FAILED tests/test_cpu.py::test_daveNES[C:/Users/David/Documents/Coding/daveNES/tests/ProcessorTests-main/nes6502/v1/30.json-i268] - assert 30415 == 30416
FAILED tests/test_cpu.py::test_daveNES[C:/Users/David/Documents/Coding/daveNES/tests/ProcessorTests-main/nes6502/v1/30.json-i269] - assert 21030 == 21031
FAILED tests/test_cpu.py::test_daveNES[C:/Users/David/Documents/Coding/daveNES/tests/ProcessorTests-main/nes6502/v1/00.json-i290] - IndexError: index 65535 is out of bounds for axis 0 with size 65535
FAILED tests/test_cpu.py::test_daveNES[C:/Users/David/Documents/Coding/daveNES/tests/ProcessorTests-main/nes6502/v1/00.json-i291] - IndexError: index 65535 is out of bounds for axis 0 with size 65535
FAILED tests/test_cpu.py::test_daveNES[C:/Users/David/Documents/Coding/daveNES/tests/ProcessorTests-main/nes6502/v1/00.json-i292] - IndexError: index 65535 is out of bounds for axis 0 with size 65535
FAILED tests/test_cpu.py::test_daveNES[C:/Users/David/Documents/Coding/daveNES/tests/ProcessorTests-main/nes6502/v1/00.json-i293] - IndexError: index 65535 is out of bounds for axis 0 with size 65535
FAILED tests/test_cpu.py::test_daveNES[C:/Users/David/Documents/Coding/daveNES/tests/ProcessorTests-main/nes6502/v1/00.json-i294] - IndexError: index 65535 is out of bounds for axis 0 with size 65535
FAILED tests/test_cpu.py::test_daveNES[C:/Users/David/Documents/Coding/daveNES/tests/ProcessorTests-main/nes6502/v1/00.json-i295] - IndexError: index 65535 is out of bounds for axis 0 with size 65535
FAILED tests/test_cpu.py::test_daveNES[C:/Users/David/Documents/Coding/daveNES/tests/ProcessorTests-main/nes6502/v1/00.json-i296] - IndexError: index 65535 is out of bounds for axis 0 with size 65535
FAILED tests/test_cpu.py::test_daveNES[C:/Users/David/Documents/Coding/daveNES/tests/ProcessorTests-main/nes6502/v1/00.json-i297] - IndexError: index 65535 is out of bounds for axis 0 with size 65535
FAILED tests/test_cpu.py::test_daveNES[C:/Users/David/Documents/Coding/daveNES/tests/ProcessorTests-main/nes6502/v1/00.json-i298] - IndexError: index 65535 is out of bounds for axis 0 with size 65535
FAILED tests/test_cpu.py::test_daveNES[C:/Users/David/Documents/Coding/daveNES/tests/ProcessorTests-main/nes6502/v1/00.json-i299] - IndexError: index 65535 is out of bounds for axis 0 with size 65535
FAILED tests/test_cpu.py::test_daveNES[C:/Users/David/Documents/Coding/daveNES/tests/ProcessorTests-main/nes6502/v1/dd.json-i400] - AttributeError: 'int' object has no attribute 'astype'
FAILED tests/test_cpu.py::test_daveNES[C:/Users/David/Documents/Coding/daveNES/tests/ProcessorTests-main/nes6502/v1/dd.json-i401] - AttributeError: 'int' object has no attribute 'astype'
FAILED tests/test_cpu.py::test_daveNES[C:/Users/David/Documents/Coding/daveNES/tests/ProcessorTests-main/nes6502/v1/dd.json-i402] - AttributeError: 'int' object has no attribute 'astype'
FAILED tests/test_cpu.py::test_daveNES[C:/Users/David/Documents/Coding/daveNES/tests/ProcessorTests-main/nes6502/v1/dd.json-i403] - AttributeError: 'int' object has no attribute 'astype'
FAILED tests/test_cpu.py::test_daveNES[C:/Users/David/Documents/Coding/daveNES/tests/ProcessorTests-main/nes6502/v1/dd.json-i404] - AttributeError: 'int' object has no attribute 'astype'
FAILED tests/test_cpu.py::test_daveNES[C:/Users/David/Documents/Coding/daveNES/tests/ProcessorTests-main/nes6502/v1/dd.json-i405] - AttributeError: 'int' object has no attribute 'astype'
FAILED tests/test_cpu.py::test_daveNES[C:/Users/David/Documents/Coding/daveNES/tests/ProcessorTests-main/nes6502/v1/dd.json-i406] - AttributeError: 'int' object has no attribute 'astype'
FAILED tests/test_cpu.py::test_daveNES[C:/Users/David/Documents/Coding/daveNES/tests/ProcessorTests-main/nes6502/v1/dd.json-i407] - AttributeError: 'int' object has no attribute 'astype'
FAILED tests/test_cpu.py::test_daveNES[C:/Users/David/Documents/Coding/daveNES/tests/ProcessorTests-main/nes6502/v1/dd.json-i408] - AttributeError: 'int' object has no attribute 'astype'
FAILED tests/test_cpu.py::test_daveNES[C:/Users/David/Documents/Coding/daveNES/tests/ProcessorTests-main/nes6502/v1/dd.json-i409] - AttributeError: 'int' object has no attribute 'astype'
FAILED tests/test_cpu.py::test_daveNES[C:/Users/David/Documents/Coding/daveNES/tests/ProcessorTests-main/nes6502/v1/d9.json-i410] - AttributeError: 'int' object has no attribute 'astype'
FAILED tests/test_cpu.py::test_daveNES[C:/Users/David/Documents/Coding/daveNES/tests/ProcessorTests-main/nes6502/v1/d9.json-i411] - AttributeError: 'int' object has no attribute 'astype'
FAILED tests/test_cpu.py::test_daveNES[C:/Users/David/Documents/Coding/daveNES/tests/ProcessorTests-main/nes6502/v1/d9.json-i412] - AttributeError: 'int' object has no attribute 'astype'
FAILED tests/test_cpu.py::test_daveNES[C:/Users/David/Documents/Coding/daveNES/tests/ProcessorTests-main/nes6502/v1/d9.json-i413] - AttributeError: 'int' object has no attribute 'astype'
FAILED tests/test_cpu.py::test_daveNES[C:/Users/David/Documents/Coding/daveNES/tests/ProcessorTests-main/nes6502/v1/d9.json-i414] - AttributeError: 'int' object has no attribute 'astype'
FAILED tests/test_cpu.py::test_daveNES[C:/Users/David/Documents/Coding/daveNES/tests/ProcessorTests-main/nes6502/v1/d9.json-i415] - AttributeError: 'int' object has no attribute 'astype'
FAILED tests/test_cpu.py::test_daveNES[C:/Users/David/Documents/Coding/daveNES/tests/ProcessorTests-main/nes6502/v1/d9.json-i416] - AttributeError: 'int' object has no attribute 'astype'
FAILED tests/test_cpu.py::test_daveNES[C:/Users/David/Documents/Coding/daveNES/tests/ProcessorTests-main/nes6502/v1/d9.json-i417] - AttributeError: 'int' object has no attribute 'astype'
FAILED tests/test_cpu.py::test_daveNES[C:/Users/David/Documents/Coding/daveNES/tests/ProcessorTests-main/nes6502/v1/d9.json-i418] - AttributeError: 'int' object has no attribute 'astype'
FAILED tests/test_cpu.py::test_daveNES[C:/Users/David/Documents/Coding/daveNES/tests/ProcessorTests-main/nes6502/v1/d9.json-i419] - AttributeError: 'int' object has no attribute 'astype'
FAILED tests/test_cpu.py::test_daveNES[C:/Users/David/Documents/Coding/daveNES/tests/ProcessorTests-main/nes6502/v1/de.json-i530] - AttributeError: 'int' object has no attribute 'astype'
FAILED tests/test_cpu.py::test_daveNES[C:/Users/David/Documents/Coding/daveNES/tests/ProcessorTests-main/nes6502/v1/de.json-i531] - AttributeError: 'int' object has no attribute 'astype'
FAILED tests/test_cpu.py::test_daveNES[C:/Users/David/Documents/Coding/daveNES/tests/ProcessorTests-main/nes6502/v1/de.json-i532] - AttributeError: 'int' object has no attribute 'astype'
FAILED tests/test_cpu.py::test_daveNES[C:/Users/David/Documents/Coding/daveNES/tests/ProcessorTests-main/nes6502/v1/de.json-i533] - AttributeError: 'int' object has no attribute 'astype'
FAILED tests/test_cpu.py::test_daveNES[C:/Users/David/Documents/Coding/daveNES/tests/ProcessorTests-main/nes6502/v1/de.json-i534] - AttributeError: 'int' object has no attribute 'astype'
FAILED tests/test_cpu.py::test_daveNES[C:/Users/David/Documents/Coding/daveNES/tests/ProcessorTests-main/nes6502/v1/de.json-i535] - AttributeError: 'int' object has no attribute 'astype'
FAILED tests/test_cpu.py::test_daveNES[C:/Users/David/Documents/Coding/daveNES/tests/ProcessorTests-main/nes6502/v1/de.json-i536] - AttributeError: 'int' object has no attribute 'astype'
FAILED tests/test_cpu.py::test_daveNES[C:/Users/David/Documents/Coding/daveNES/tests/ProcessorTests-main/nes6502/v1/de.json-i537] - AttributeError: 'int' object has no attribute 'astype'
FAILED tests/test_cpu.py::test_daveNES[C:/Users/David/Documents/Coding/daveNES/tests/ProcessorTests-main/nes6502/v1/de.json-i538] - AttributeError: 'int' object has no attribute 'astype'
FAILED tests/test_cpu.py::test_daveNES[C:/Users/David/Documents/Coding/daveNES/tests/ProcessorTests-main/nes6502/v1/de.json-i539] - AttributeError: 'int' object has no attribute 'astype'
FAILED tests/test_cpu.py::test_daveNES[C:/Users/David/Documents/Coding/daveNES/tests/ProcessorTests-main/nes6502/v1/55.json-i580] - assert 6 == 95
FAILED tests/test_cpu.py::test_daveNES[C:/Users/David/Documents/Coding/daveNES/tests/ProcessorTests-main/nes6502/v1/55.json-i581] - assert 232 == 65
FAILED tests/test_cpu.py::test_daveNES[C:/Users/David/Documents/Coding/daveNES/tests/ProcessorTests-main/nes6502/v1/55.json-i584] - assert 3 == 118
FAILED tests/test_cpu.py::test_daveNES[C:/Users/David/Documents/Coding/daveNES/tests/ProcessorTests-main/nes6502/v1/55.json-i585] - assert 204 == 175
FAILED tests/test_cpu.py::test_daveNES[C:/Users/David/Documents/Coding/daveNES/tests/ProcessorTests-main/nes6502/v1/55.json-i586] - assert 115 == 131
FAILED tests/test_cpu.py::test_daveNES[C:/Users/David/Documents/Coding/daveNES/tests/ProcessorTests-main/nes6502/v1/5d.json-i600] - AttributeError: 'int' object has no attribute 'astype'
FAILED tests/test_cpu.py::test_daveNES[C:/Users/David/Documents/Coding/daveNES/tests/ProcessorTests-main/nes6502/v1/5d.json-i601] - AttributeError: 'int' object has no attribute 'astype'
FAILED tests/test_cpu.py::test_daveNES[C:/Users/David/Documents/Coding/daveNES/tests/ProcessorTests-main/nes6502/v1/5d.json-i602] - AttributeError: 'int' object has no attribute 'astype'
FAILED tests/test_cpu.py::test_daveNES[C:/Users/David/Documents/Coding/daveNES/tests/ProcessorTests-main/nes6502/v1/5d.json-i603] - AttributeError: 'int' object has no attribute 'astype'
FAILED tests/test_cpu.py::test_daveNES[C:/Users/David/Documents/Coding/daveNES/tests/ProcessorTests-main/nes6502/v1/5d.json-i604] - AttributeError: 'int' object has no attribute 'astype'
FAILED tests/test_cpu.py::test_daveNES[C:/Users/David/Documents/Coding/daveNES/tests/ProcessorTests-main/nes6502/v1/5d.json-i605] - AttributeError: 'int' object has no attribute 'astype'
FAILED tests/test_cpu.py::test_daveNES[C:/Users/David/Documents/Coding/daveNES/tests/ProcessorTests-main/nes6502/v1/5d.json-i606] - AttributeError: 'int' object has no attribute 'astype'
FAILED tests/test_cpu.py::test_daveNES[C:/Users/David/Documents/Coding/daveNES/tests/ProcessorTests-main/nes6502/v1/5d.json-i607] - AttributeError: 'int' object has no attribute 'astype'
FAILED tests/test_cpu.py::test_daveNES[C:/Users/David/Documents/Coding/daveNES/tests/ProcessorTests-main/nes6502/v1/5d.json-i608] - AttributeError: 'int' object has no attribute 'astype'
FAILED tests/test_cpu.py::test_daveNES[C:/Users/David/Documents/Coding/daveNES/tests/ProcessorTests-main/nes6502/v1/5d.json-i609] - AttributeError: 'int' object has no attribute 'astype'
FAILED tests/test_cpu.py::test_daveNES[C:/Users/David/Documents/Coding/daveNES/tests/ProcessorTests-main/nes6502/v1/59.json-i610] - AttributeError: 'int' object has no attribute 'astype'
FAILED tests/test_cpu.py::test_daveNES[C:/Users/David/Documents/Coding/daveNES/tests/ProcessorTests-main/nes6502/v1/59.json-i611] - AttributeError: 'int' object has no attribute 'astype'
FAILED tests/test_cpu.py::test_daveNES[C:/Users/David/Documents/Coding/daveNES/tests/ProcessorTests-main/nes6502/v1/59.json-i612] - AttributeError: 'int' object has no attribute 'astype'
FAILED tests/test_cpu.py::test_daveNES[C:/Users/David/Documents/Coding/daveNES/tests/ProcessorTests-main/nes6502/v1/59.json-i613] - AttributeError: 'int' object has no attribute 'astype'
FAILED tests/test_cpu.py::test_daveNES[C:/Users/David/Documents/Coding/daveNES/tests/ProcessorTests-main/nes6502/v1/59.json-i614] - AttributeError: 'int' object has no attribute 'astype'
FAILED tests/test_cpu.py::test_daveNES[C:/Users/David/Documents/Coding/daveNES/tests/ProcessorTests-main/nes6502/v1/59.json-i615] - AttributeError: 'int' object has no attribute 'astype'
FAILED tests/test_cpu.py::test_daveNES[C:/Users/David/Documents/Coding/daveNES/tests/ProcessorTests-main/nes6502/v1/59.json-i616] - AttributeError: 'int' object has no attribute 'astype'
FAILED tests/test_cpu.py::test_daveNES[C:/Users/David/Documents/Coding/daveNES/tests/ProcessorTests-main/nes6502/v1/59.json-i617] - AttributeError: 'int' object has no attribute 'astype'
FAILED tests/test_cpu.py::test_daveNES[C:/Users/David/Documents/Coding/daveNES/tests/ProcessorTests-main/nes6502/v1/59.json-i618] - AttributeError: 'int' object has no attribute 'astype'
FAILED tests/test_cpu.py::test_daveNES[C:/Users/David/Documents/Coding/daveNES/tests/ProcessorTests-main/nes6502/v1/59.json-i619] - AttributeError: 'int' object has no attribute 'astype'
FAILED tests/test_cpu.py::test_daveNES[C:/Users/David/Documents/Coding/daveNES/tests/ProcessorTests-main/nes6502/v1/41.json-i621] - assert 220 == 65
FAILED tests/test_cpu.py::test_daveNES[C:/Users/David/Documents/Coding/daveNES/tests/ProcessorTests-main/nes6502/v1/41.json-i624] - assert 216 == 24
FAILED tests/test_cpu.py::test_daveNES[C:/Users/David/Documents/Coding/daveNES/tests/ProcessorTests-main/nes6502/v1/41.json-i625] - assert 169 == 120
FAILED tests/test_cpu.py::test_daveNES[C:/Users/David/Documents/Coding/daveNES/tests/ProcessorTests-main/nes6502/v1/41.json-i626] - assert 232 == 252
FAILED tests/test_cpu.py::test_daveNES[C:/Users/David/Documents/Coding/daveNES/tests/ProcessorTests-main/nes6502/v1/41.json-i627] - assert 217 == 203
FAILED tests/test_cpu.py::test_daveNES[C:/Users/David/Documents/Coding/daveNES/tests/ProcessorTests-main/nes6502/v1/41.json-i628] - assert 77 == 66
FAILED tests/test_cpu.py::test_daveNES[C:/Users/David/Documents/Coding/daveNES/tests/ProcessorTests-main/nes6502/v1/fe.json-i670] - AttributeError: 'int' object has no attribute 'astype'
FAILED tests/test_cpu.py::test_daveNES[C:/Users/David/Documents/Coding/daveNES/tests/ProcessorTests-main/nes6502/v1/fe.json-i671] - AttributeError: 'int' object has no attribute 'astype'
FAILED tests/test_cpu.py::test_daveNES[C:/Users/David/Documents/Coding/daveNES/tests/ProcessorTests-main/nes6502/v1/fe.json-i672] - AttributeError: 'int' object has no attribute 'astype'
FAILED tests/test_cpu.py::test_daveNES[C:/Users/David/Documents/Coding/daveNES/tests/ProcessorTests-main/nes6502/v1/fe.json-i673] - AttributeError: 'int' object has no attribute 'astype'
FAILED tests/test_cpu.py::test_daveNES[C:/Users/David/Documents/Coding/daveNES/tests/ProcessorTests-main/nes6502/v1/fe.json-i674] - AttributeError: 'int' object has no attribute 'astype'
FAILED tests/test_cpu.py::test_daveNES[C:/Users/David/Documents/Coding/daveNES/tests/ProcessorTests-main/nes6502/v1/fe.json-i675] - AttributeError: 'int' object has no attribute 'astype'
FAILED tests/test_cpu.py::test_daveNES[C:/Users/David/Documents/Coding/daveNES/tests/ProcessorTests-main/nes6502/v1/fe.json-i676] - AttributeError: 'int' object has no attribute 'astype'
FAILED tests/test_cpu.py::test_daveNES[C:/Users/David/Documents/Coding/daveNES/tests/ProcessorTests-main/nes6502/v1/fe.json-i677] - AttributeError: 'int' object has no attribute 'astype'
FAILED tests/test_cpu.py::test_daveNES[C:/Users/David/Documents/Coding/daveNES/tests/ProcessorTests-main/nes6502/v1/fe.json-i678] - AttributeError: 'int' object has no attribute 'astype'
FAILED tests/test_cpu.py::test_daveNES[C:/Users/David/Documents/Coding/daveNES/tests/ProcessorTests-main/nes6502/v1/fe.json-i679] - AttributeError: 'int' object has no attribute 'astype'
FAILED tests/test_cpu.py::test_daveNES[C:/Users/David/Documents/Coding/daveNES/tests/ProcessorTests-main/nes6502/v1/c8.json-i699] - assert 0 == 256
FAILED tests/test_cpu.py::test_daveNES[C:/Users/David/Documents/Coding/daveNES/tests/ProcessorTests-main/nes6502/v1/6c.json-i710] - NotImplementedError
FAILED tests/test_cpu.py::test_daveNES[C:/Users/David/Documents/Coding/daveNES/tests/ProcessorTests-main/nes6502/v1/6c.json-i711] - NotImplementedError
FAILED tests/test_cpu.py::test_daveNES[C:/Users/David/Documents/Coding/daveNES/tests/ProcessorTests-main/nes6502/v1/6c.json-i712] - NotImplementedError
FAILED tests/test_cpu.py::test_daveNES[C:/Users/David/Documents/Coding/daveNES/tests/ProcessorTests-main/nes6502/v1/6c.json-i713] - NotImplementedError
FAILED tests/test_cpu.py::test_daveNES[C:/Users/David/Documents/Coding/daveNES/tests/ProcessorTests-main/nes6502/v1/6c.json-i714] - NotImplementedError
FAILED tests/test_cpu.py::test_daveNES[C:/Users/David/Documents/Coding/daveNES/tests/ProcessorTests-main/nes6502/v1/6c.json-i715] - NotImplementedError
FAILED tests/test_cpu.py::test_daveNES[C:/Users/David/Documents/Coding/daveNES/tests/ProcessorTests-main/nes6502/v1/6c.json-i716] - NotImplementedError
FAILED tests/test_cpu.py::test_daveNES[C:/Users/David/Documents/Coding/daveNES/tests/ProcessorTests-main/nes6502/v1/6c.json-i717] - NotImplementedError
FAILED tests/test_cpu.py::test_daveNES[C:/Users/David/Documents/Coding/daveNES/tests/ProcessorTests-main/nes6502/v1/6c.json-i718] - NotImplementedError
FAILED tests/test_cpu.py::test_daveNES[C:/Users/David/Documents/Coding/daveNES/tests/ProcessorTests-main/nes6502/v1/6c.json-i719] - NotImplementedError
FAILED tests/test_cpu.py::test_daveNES[C:/Users/David/Documents/Coding/daveNES/tests/ProcessorTests-main/nes6502/v1/b5.json-i751] - assert 180 == 0
FAILED tests/test_cpu.py::test_daveNES[C:/Users/David/Documents/Coding/daveNES/tests/ProcessorTests-main/nes6502/v1/b5.json-i757] - assert 32 == 0
FAILED tests/test_cpu.py::test_daveNES[C:/Users/David/Documents/Coding/daveNES/tests/ProcessorTests-main/nes6502/v1/b5.json-i759] - assert 122 == 0
FAILED tests/test_cpu.py::test_daveNES[C:/Users/David/Documents/Coding/daveNES/tests/ProcessorTests-main/nes6502/v1/bd.json-i770] - AttributeError: 'int' object has no attribute 'astype'
FAILED tests/test_cpu.py::test_daveNES[C:/Users/David/Documents/Coding/daveNES/tests/ProcessorTests-main/nes6502/v1/bd.json-i771] - AttributeError: 'int' object has no attribute 'astype'
FAILED tests/test_cpu.py::test_daveNES[C:/Users/David/Documents/Coding/daveNES/tests/ProcessorTests-main/nes6502/v1/bd.json-i772] - AttributeError: 'int' object has no attribute 'astype'
FAILED tests/test_cpu.py::test_daveNES[C:/Users/David/Documents/Coding/daveNES/tests/ProcessorTests-main/nes6502/v1/bd.json-i773] - AttributeError: 'int' object has no attribute 'astype'
FAILED tests/test_cpu.py::test_daveNES[C:/Users/David/Documents/Coding/daveNES/tests/ProcessorTests-main/nes6502/v1/bd.json-i774] - AttributeError: 'int' object has no attribute 'astype'
FAILED tests/test_cpu.py::test_daveNES[C:/Users/David/Documents/Coding/daveNES/tests/ProcessorTests-main/nes6502/v1/bd.json-i775] - AttributeError: 'int' object has no attribute 'astype'
FAILED tests/test_cpu.py::test_daveNES[C:/Users/David/Documents/Coding/daveNES/tests/ProcessorTests-main/nes6502/v1/bd.json-i776] - AttributeError: 'int' object has no attribute 'astype'
FAILED tests/test_cpu.py::test_daveNES[C:/Users/David/Documents/Coding/daveNES/tests/ProcessorTests-main/nes6502/v1/bd.json-i777] - AttributeError: 'int' object has no attribute 'astype'
FAILED tests/test_cpu.py::test_daveNES[C:/Users/David/Documents/Coding/daveNES/tests/ProcessorTests-main/nes6502/v1/bd.json-i778] - AttributeError: 'int' object has no attribute 'astype'
FAILED tests/test_cpu.py::test_daveNES[C:/Users/David/Documents/Coding/daveNES/tests/ProcessorTests-main/nes6502/v1/bd.json-i779] - AttributeError: 'int' object has no attribute 'astype'
FAILED tests/test_cpu.py::test_daveNES[C:/Users/David/Documents/Coding/daveNES/tests/ProcessorTests-main/nes6502/v1/b9.json-i780] - AttributeError: 'int' object has no attribute 'astype'
FAILED tests/test_cpu.py::test_daveNES[C:/Users/David/Documents/Coding/daveNES/tests/ProcessorTests-main/nes6502/v1/b9.json-i781] - AttributeError: 'int' object has no attribute 'astype'
FAILED tests/test_cpu.py::test_daveNES[C:/Users/David/Documents/Coding/daveNES/tests/ProcessorTests-main/nes6502/v1/b9.json-i782] - AttributeError: 'int' object has no attribute 'astype'
FAILED tests/test_cpu.py::test_daveNES[C:/Users/David/Documents/Coding/daveNES/tests/ProcessorTests-main/nes6502/v1/b9.json-i783] - AttributeError: 'int' object has no attribute 'astype'
FAILED tests/test_cpu.py::test_daveNES[C:/Users/David/Documents/Coding/daveNES/tests/ProcessorTests-main/nes6502/v1/b9.json-i784] - AttributeError: 'int' object has no attribute 'astype'
FAILED tests/test_cpu.py::test_daveNES[C:/Users/David/Documents/Coding/daveNES/tests/ProcessorTests-main/nes6502/v1/b9.json-i785] - AttributeError: 'int' object has no attribute 'astype'
FAILED tests/test_cpu.py::test_daveNES[C:/Users/David/Documents/Coding/daveNES/tests/ProcessorTests-main/nes6502/v1/b9.json-i786] - AttributeError: 'int' object has no attribute 'astype'
FAILED tests/test_cpu.py::test_daveNES[C:/Users/David/Documents/Coding/daveNES/tests/ProcessorTests-main/nes6502/v1/b9.json-i787] - AttributeError: 'int' object has no attribute 'astype'
FAILED tests/test_cpu.py::test_daveNES[C:/Users/David/Documents/Coding/daveNES/tests/ProcessorTests-main/nes6502/v1/b9.json-i788] - AttributeError: 'int' object has no attribute 'astype'
FAILED tests/test_cpu.py::test_daveNES[C:/Users/David/Documents/Coding/daveNES/tests/ProcessorTests-main/nes6502/v1/b9.json-i789] - AttributeError: 'int' object has no attribute 'astype'
FAILED tests/test_cpu.py::test_daveNES[C:/Users/David/Documents/Coding/daveNES/tests/ProcessorTests-main/nes6502/v1/a1.json-i790] - assert 218 == 0
FAILED tests/test_cpu.py::test_daveNES[C:/Users/David/Documents/Coding/daveNES/tests/ProcessorTests-main/nes6502/v1/a1.json-i792] - assert 160 == 0
FAILED tests/test_cpu.py::test_daveNES[C:/Users/David/Documents/Coding/daveNES/tests/ProcessorTests-main/nes6502/v1/a1.json-i793] - assert 134 == 0
FAILED tests/test_cpu.py::test_daveNES[C:/Users/David/Documents/Coding/daveNES/tests/ProcessorTests-main/nes6502/v1/a1.json-i797] - assert 77 == 0
FAILED tests/test_cpu.py::test_daveNES[C:/Users/David/Documents/Coding/daveNES/tests/ProcessorTests-main/nes6502/v1/a1.json-i798] - assert 130 == 0
FAILED tests/test_cpu.py::test_daveNES[C:/Users/David/Documents/Coding/daveNES/tests/ProcessorTests-main/nes6502/v1/b6.json-i832] - assert 217 == 0
FAILED tests/test_cpu.py::test_daveNES[C:/Users/David/Documents/Coding/daveNES/tests/ProcessorTests-main/nes6502/v1/b6.json-i833] - assert 70 == 0
FAILED tests/test_cpu.py::test_daveNES[C:/Users/David/Documents/Coding/daveNES/tests/ProcessorTests-main/nes6502/v1/b6.json-i835] - assert 85 == 0
FAILED tests/test_cpu.py::test_daveNES[C:/Users/David/Documents/Coding/daveNES/tests/ProcessorTests-main/nes6502/v1/b6.json-i836] - assert 81 == 0
FAILED tests/test_cpu.py::test_daveNES[C:/Users/David/Documents/Coding/daveNES/tests/ProcessorTests-main/nes6502/v1/be.json-i850] - AttributeError: 'int' object has no attribute 'astype'
FAILED tests/test_cpu.py::test_daveNES[C:/Users/David/Documents/Coding/daveNES/tests/ProcessorTests-main/nes6502/v1/be.json-i851] - AttributeError: 'int' object has no attribute 'astype'
FAILED tests/test_cpu.py::test_daveNES[C:/Users/David/Documents/Coding/daveNES/tests/ProcessorTests-main/nes6502/v1/be.json-i852] - AttributeError: 'int' object has no attribute 'astype'
FAILED tests/test_cpu.py::test_daveNES[C:/Users/David/Documents/Coding/daveNES/tests/ProcessorTests-main/nes6502/v1/be.json-i853] - AttributeError: 'int' object has no attribute 'astype'
FAILED tests/test_cpu.py::test_daveNES[C:/Users/David/Documents/Coding/daveNES/tests/ProcessorTests-main/nes6502/v1/be.json-i854] - AttributeError: 'int' object has no attribute 'astype'
FAILED tests/test_cpu.py::test_daveNES[C:/Users/David/Documents/Coding/daveNES/tests/ProcessorTests-main/nes6502/v1/be.json-i855] - AttributeError: 'int' object has no attribute 'astype'
FAILED tests/test_cpu.py::test_daveNES[C:/Users/David/Documents/Coding/daveNES/tests/ProcessorTests-main/nes6502/v1/be.json-i856] - AttributeError: 'int' object has no attribute 'astype'
FAILED tests/test_cpu.py::test_daveNES[C:/Users/David/Documents/Coding/daveNES/tests/ProcessorTests-main/nes6502/v1/be.json-i857] - AttributeError: 'int' object has no attribute 'astype'
FAILED tests/test_cpu.py::test_daveNES[C:/Users/David/Documents/Coding/daveNES/tests/ProcessorTests-main/nes6502/v1/be.json-i858] - AttributeError: 'int' object has no attribute 'astype'
FAILED tests/test_cpu.py::test_daveNES[C:/Users/David/Documents/Coding/daveNES/tests/ProcessorTests-main/nes6502/v1/be.json-i859] - AttributeError: 'int' object has no attribute 'astype'
FAILED tests/test_cpu.py::test_daveNES[C:/Users/David/Documents/Coding/daveNES/tests/ProcessorTests-main/nes6502/v1/b4.json-i880] - assert 249 == 0
FAILED tests/test_cpu.py::test_daveNES[C:/Users/David/Documents/Coding/daveNES/tests/ProcessorTests-main/nes6502/v1/b4.json-i882] - assert 84 == 0
FAILED tests/test_cpu.py::test_daveNES[C:/Users/David/Documents/Coding/daveNES/tests/ProcessorTests-main/nes6502/v1/b4.json-i885] - assert 67 == 0
FAILED tests/test_cpu.py::test_daveNES[C:/Users/David/Documents/Coding/daveNES/tests/ProcessorTests-main/nes6502/v1/b4.json-i886] - assert 142 == 0
FAILED tests/test_cpu.py::test_daveNES[C:/Users/David/Documents/Coding/daveNES/tests/ProcessorTests-main/nes6502/v1/b4.json-i889] - assert 242 == 0
FAILED tests/test_cpu.py::test_daveNES[C:/Users/David/Documents/Coding/daveNES/tests/ProcessorTests-main/nes6502/v1/bc.json-i900] - AttributeError: 'int' object has no attribute 'astype'
FAILED tests/test_cpu.py::test_daveNES[C:/Users/David/Documents/Coding/daveNES/tests/ProcessorTests-main/nes6502/v1/bc.json-i901] - AttributeError: 'int' object has no attribute 'astype'
FAILED tests/test_cpu.py::test_daveNES[C:/Users/David/Documents/Coding/daveNES/tests/ProcessorTests-main/nes6502/v1/bc.json-i902] - AttributeError: 'int' object has no attribute 'astype'
FAILED tests/test_cpu.py::test_daveNES[C:/Users/David/Documents/Coding/daveNES/tests/ProcessorTests-main/nes6502/v1/bc.json-i903] - AttributeError: 'int' object has no attribute 'astype'
FAILED tests/test_cpu.py::test_daveNES[C:/Users/David/Documents/Coding/daveNES/tests/ProcessorTests-main/nes6502/v1/bc.json-i904] - AttributeError: 'int' object has no attribute 'astype'
FAILED tests/test_cpu.py::test_daveNES[C:/Users/David/Documents/Coding/daveNES/tests/ProcessorTests-main/nes6502/v1/bc.json-i905] - AttributeError: 'int' object has no attribute 'astype'
FAILED tests/test_cpu.py::test_daveNES[C:/Users/David/Documents/Coding/daveNES/tests/ProcessorTests-main/nes6502/v1/bc.json-i906] - AttributeError: 'int' object has no attribute 'astype'
FAILED tests/test_cpu.py::test_daveNES[C:/Users/David/Documents/Coding/daveNES/tests/ProcessorTests-main/nes6502/v1/bc.json-i907] - AttributeError: 'int' object has no attribute 'astype'
FAILED tests/test_cpu.py::test_daveNES[C:/Users/David/Documents/Coding/daveNES/tests/ProcessorTests-main/nes6502/v1/bc.json-i908] - AttributeError: 'int' object has no attribute 'astype'
FAILED tests/test_cpu.py::test_daveNES[C:/Users/David/Documents/Coding/daveNES/tests/ProcessorTests-main/nes6502/v1/bc.json-i909] - AttributeError: 'int' object has no attribute 'astype'
FAILED tests/test_cpu.py::test_daveNES[C:/Users/David/Documents/Coding/daveNES/tests/ProcessorTests-main/nes6502/v1/5e.json-i950] - AttributeError: 'int' object has no attribute 'astype'
FAILED tests/test_cpu.py::test_daveNES[C:/Users/David/Documents/Coding/daveNES/tests/ProcessorTests-main/nes6502/v1/5e.json-i951] - AttributeError: 'int' object has no attribute 'astype'
FAILED tests/test_cpu.py::test_daveNES[C:/Users/David/Documents/Coding/daveNES/tests/ProcessorTests-main/nes6502/v1/5e.json-i952] - AttributeError: 'int' object has no attribute 'astype'
FAILED tests/test_cpu.py::test_daveNES[C:/Users/David/Documents/Coding/daveNES/tests/ProcessorTests-main/nes6502/v1/5e.json-i953] - AttributeError: 'int' object has no attribute 'astype'
FAILED tests/test_cpu.py::test_daveNES[C:/Users/David/Documents/Coding/daveNES/tests/ProcessorTests-main/nes6502/v1/5e.json-i954] - AttributeError: 'int' object has no attribute 'astype'
FAILED tests/test_cpu.py::test_daveNES[C:/Users/David/Documents/Coding/daveNES/tests/ProcessorTests-main/nes6502/v1/5e.json-i955] - AttributeError: 'int' object has no attribute 'astype'
FAILED tests/test_cpu.py::test_daveNES[C:/Users/David/Documents/Coding/daveNES/tests/ProcessorTests-main/nes6502/v1/5e.json-i956] - AttributeError: 'int' object has no attribute 'astype'
FAILED tests/test_cpu.py::test_daveNES[C:/Users/David/Documents/Coding/daveNES/tests/ProcessorTests-main/nes6502/v1/5e.json-i957] - AttributeError: 'int' object has no attribute 'astype'
FAILED tests/test_cpu.py::test_daveNES[C:/Users/David/Documents/Coding/daveNES/tests/ProcessorTests-main/nes6502/v1/5e.json-i958] - AttributeError: 'int' object has no attribute 'astype'
FAILED tests/test_cpu.py::test_daveNES[C:/Users/David/Documents/Coding/daveNES/tests/ProcessorTests-main/nes6502/v1/5e.json-i959] - AttributeError: 'int' object has no attribute 'astype'
FAILED tests/test_cpu.py::test_daveNES[C:/Users/David/Documents/Coding/daveNES/tests/ProcessorTests-main/nes6502/v1/15.json-i990] - assert 255 == 35
FAILED tests/test_cpu.py::test_daveNES[C:/Users/David/Documents/Coding/daveNES/tests/ProcessorTests-main/nes6502/v1/15.json-i991] - assert 79 == 66
FAILED tests/test_cpu.py::test_daveNES[C:/Users/David/Documents/Coding/daveNES/tests/ProcessorTests-main/nes6502/v1/15.json-i992] - assert 191 == 31
FAILED tests/test_cpu.py::test_daveNES[C:/Users/David/Documents/Coding/daveNES/tests/ProcessorTests-main/nes6502/v1/15.json-i993] - assert 90 == 88
FAILED tests/test_cpu.py::test_daveNES[C:/Users/David/Documents/Coding/daveNES/tests/ProcessorTests-main/nes6502/v1/15.json-i994] - assert 185 == 137
FAILED tests/test_cpu.py::test_daveNES[C:/Users/David/Documents/Coding/daveNES/tests/ProcessorTests-main/nes6502/v1/15.json-i996] - assert 183 == 6
FAILED tests/test_cpu.py::test_daveNES[C:/Users/David/Documents/Coding/daveNES/tests/ProcessorTests-main/nes6502/v1/15.json-i997] - assert 120 == 112
FAILED tests/test_cpu.py::test_daveNES[C:/Users/David/Documents/Coding/daveNES/tests/ProcessorTests-main/nes6502/v1/15.json-i998] - assert 219 == 210
FAILED tests/test_cpu.py::test_daveNES[C:/Users/David/Documents/Coding/daveNES/tests/ProcessorTests-main/nes6502/v1/1d.json-i1010] - AttributeError: 'int' object has no attribute 'astype'
FAILED tests/test_cpu.py::test_daveNES[C:/Users/David/Documents/Coding/daveNES/tests/ProcessorTests-main/nes6502/v1/1d.json-i1011] - AttributeError: 'int' object has no attribute 'astype'
FAILED tests/test_cpu.py::test_daveNES[C:/Users/David/Documents/Coding/daveNES/tests/ProcessorTests-main/nes6502/v1/1d.json-i1012] - AttributeError: 'int' object has no attribute 'astype'
FAILED tests/test_cpu.py::test_daveNES[C:/Users/David/Documents/Coding/daveNES/tests/ProcessorTests-main/nes6502/v1/1d.json-i1013] - AttributeError: 'int' object has no attribute 'astype'
FAILED tests/test_cpu.py::test_daveNES[C:/Users/David/Documents/Coding/daveNES/tests/ProcessorTests-main/nes6502/v1/1d.json-i1014] - AttributeError: 'int' object has no attribute 'astype'
FAILED tests/test_cpu.py::test_daveNES[C:/Users/David/Documents/Coding/daveNES/tests/ProcessorTests-main/nes6502/v1/1d.json-i1015] - AttributeError: 'int' object has no attribute 'astype'
FAILED tests/test_cpu.py::test_daveNES[C:/Users/David/Documents/Coding/daveNES/tests/ProcessorTests-main/nes6502/v1/1d.json-i1016] - AttributeError: 'int' object has no attribute 'astype'
FAILED tests/test_cpu.py::test_daveNES[C:/Users/David/Documents/Coding/daveNES/tests/ProcessorTests-main/nes6502/v1/1d.json-i1017] - AttributeError: 'int' object has no attribute 'astype'
FAILED tests/test_cpu.py::test_daveNES[C:/Users/David/Documents/Coding/daveNES/tests/ProcessorTests-main/nes6502/v1/1d.json-i1018] - AttributeError: 'int' object has no attribute 'astype'
FAILED tests/test_cpu.py::test_daveNES[C:/Users/David/Documents/Coding/daveNES/tests/ProcessorTests-main/nes6502/v1/1d.json-i1019] - AttributeError: 'int' object has no attribute 'astype'
FAILED tests/test_cpu.py::test_daveNES[C:/Users/David/Documents/Coding/daveNES/tests/ProcessorTests-main/nes6502/v1/19.json-i1020] - AttributeError: 'int' object has no attribute 'astype'
FAILED tests/test_cpu.py::test_daveNES[C:/Users/David/Documents/Coding/daveNES/tests/ProcessorTests-main/nes6502/v1/19.json-i1021] - AttributeError: 'int' object has no attribute 'astype'
FAILED tests/test_cpu.py::test_daveNES[C:/Users/David/Documents/Coding/daveNES/tests/ProcessorTests-main/nes6502/v1/19.json-i1022] - AttributeError: 'int' object has no attribute 'astype'
FAILED tests/test_cpu.py::test_daveNES[C:/Users/David/Documents/Coding/daveNES/tests/ProcessorTests-main/nes6502/v1/19.json-i1023] - AttributeError: 'int' object has no attribute 'astype'
FAILED tests/test_cpu.py::test_daveNES[C:/Users/David/Documents/Coding/daveNES/tests/ProcessorTests-main/nes6502/v1/19.json-i1024] - AttributeError: 'int' object has no attribute 'astype'
FAILED tests/test_cpu.py::test_daveNES[C:/Users/David/Documents/Coding/daveNES/tests/ProcessorTests-main/nes6502/v1/19.json-i1025] - AttributeError: 'int' object has no attribute 'astype'
FAILED tests/test_cpu.py::test_daveNES[C:/Users/David/Documents/Coding/daveNES/tests/ProcessorTests-main/nes6502/v1/19.json-i1026] - AttributeError: 'int' object has no attribute 'astype'
FAILED tests/test_cpu.py::test_daveNES[C:/Users/David/Documents/Coding/daveNES/tests/ProcessorTests-main/nes6502/v1/19.json-i1027] - AttributeError: 'int' object has no attribute 'astype'
FAILED tests/test_cpu.py::test_daveNES[C:/Users/David/Documents/Coding/daveNES/tests/ProcessorTests-main/nes6502/v1/19.json-i1028] - AttributeError: 'int' object has no attribute 'astype'
FAILED tests/test_cpu.py::test_daveNES[C:/Users/David/Documents/Coding/daveNES/tests/ProcessorTests-main/nes6502/v1/19.json-i1029] - AttributeError: 'int' object has no attribute 'astype'
FAILED tests/test_cpu.py::test_daveNES[C:/Users/David/Documents/Coding/daveNES/tests/ProcessorTests-main/nes6502/v1/01.json-i1030] - assert 252 == 100
FAILED tests/test_cpu.py::test_daveNES[C:/Users/David/Documents/Coding/daveNES/tests/ProcessorTests-main/nes6502/v1/01.json-i1033] - assert 222 == 158
FAILED tests/test_cpu.py::test_daveNES[C:/Users/David/Documents/Coding/daveNES/tests/ProcessorTests-main/nes6502/v1/01.json-i1034] - assert 126 == 255
FAILED tests/test_cpu.py::test_daveNES[C:/Users/David/Documents/Coding/daveNES/tests/ProcessorTests-main/nes6502/v1/01.json-i1036] - assert 250 == 162
FAILED tests/test_cpu.py::test_daveNES[C:/Users/David/Documents/Coding/daveNES/tests/ProcessorTests-main/nes6502/v1/08.json-i1060] - NotImplementedError
FAILED tests/test_cpu.py::test_daveNES[C:/Users/David/Documents/Coding/daveNES/tests/ProcessorTests-main/nes6502/v1/08.json-i1061] - NotImplementedError
FAILED tests/test_cpu.py::test_daveNES[C:/Users/David/Documents/Coding/daveNES/tests/ProcessorTests-main/nes6502/v1/08.json-i1062] - NotImplementedError
FAILED tests/test_cpu.py::test_daveNES[C:/Users/David/Documents/Coding/daveNES/tests/ProcessorTests-main/nes6502/v1/08.json-i1063] - NotImplementedError
FAILED tests/test_cpu.py::test_daveNES[C:/Users/David/Documents/Coding/daveNES/tests/ProcessorTests-main/nes6502/v1/08.json-i1064] - NotImplementedError
FAILED tests/test_cpu.py::test_daveNES[C:/Users/David/Documents/Coding/daveNES/tests/ProcessorTests-main/nes6502/v1/08.json-i1065] - NotImplementedError
FAILED tests/test_cpu.py::test_daveNES[C:/Users/David/Documents/Coding/daveNES/tests/ProcessorTests-main/nes6502/v1/08.json-i1066] - NotImplementedError
FAILED tests/test_cpu.py::test_daveNES[C:/Users/David/Documents/Coding/daveNES/tests/ProcessorTests-main/nes6502/v1/08.json-i1067] - NotImplementedError
FAILED tests/test_cpu.py::test_daveNES[C:/Users/David/Documents/Coding/daveNES/tests/ProcessorTests-main/nes6502/v1/08.json-i1068] - NotImplementedError
FAILED tests/test_cpu.py::test_daveNES[C:/Users/David/Documents/Coding/daveNES/tests/ProcessorTests-main/nes6502/v1/08.json-i1069] - NotImplementedError
FAILED tests/test_cpu.py::test_daveNES[C:/Users/David/Documents/Coding/daveNES/tests/ProcessorTests-main/nes6502/v1/68.json-i1070] - assert 96 == 0
FAILED tests/test_cpu.py::test_daveNES[C:/Users/David/Documents/Coding/daveNES/tests/ProcessorTests-main/nes6502/v1/68.json-i1071] - assert 51 == 0
FAILED tests/test_cpu.py::test_daveNES[C:/Users/David/Documents/Coding/daveNES/tests/ProcessorTests-main/nes6502/v1/68.json-i1072] - assert 98 == 0
FAILED tests/test_cpu.py::test_daveNES[C:/Users/David/Documents/Coding/daveNES/tests/ProcessorTests-main/nes6502/v1/68.json-i1073] - assert 173 == 0
FAILED tests/test_cpu.py::test_daveNES[C:/Users/David/Documents/Coding/daveNES/tests/ProcessorTests-main/nes6502/v1/68.json-i1074] - assert 225 == 0
FAILED tests/test_cpu.py::test_daveNES[C:/Users/David/Documents/Coding/daveNES/tests/ProcessorTests-main/nes6502/v1/68.json-i1075] - assert 102 == 0
FAILED tests/test_cpu.py::test_daveNES[C:/Users/David/Documents/Coding/daveNES/tests/ProcessorTests-main/nes6502/v1/68.json-i1076] - assert 143 == 0
FAILED tests/test_cpu.py::test_daveNES[C:/Users/David/Documents/Coding/daveNES/tests/ProcessorTests-main/nes6502/v1/68.json-i1077] - assert 143 == 0
FAILED tests/test_cpu.py::test_daveNES[C:/Users/David/Documents/Coding/daveNES/tests/ProcessorTests-main/nes6502/v1/68.json-i1078] - assert 189 == 0
FAILED tests/test_cpu.py::test_daveNES[C:/Users/David/Documents/Coding/daveNES/tests/ProcessorTests-main/nes6502/v1/68.json-i1079] - assert 55 == 0
FAILED tests/test_cpu.py::test_daveNES[C:/Users/David/Documents/Coding/daveNES/tests/ProcessorTests-main/nes6502/v1/2a.json-i1090] - assert 19 == 137
FAILED tests/test_cpu.py::test_daveNES[C:/Users/David/Documents/Coding/daveNES/tests/ProcessorTests-main/nes6502/v1/2a.json-i1091] - assert 2 == 1
FAILED tests/test_cpu.py::test_daveNES[C:/Users/David/Documents/Coding/daveNES/tests/ProcessorTests-main/nes6502/v1/2a.json-i1092] - assert 7 == 3
FAILED tests/test_cpu.py::test_daveNES[C:/Users/David/Documents/Coding/daveNES/tests/ProcessorTests-main/nes6502/v1/2a.json-i1093] - assert 199 == 227
FAILED tests/test_cpu.py::test_daveNES[C:/Users/David/Documents/Coding/daveNES/tests/ProcessorTests-main/nes6502/v1/2a.json-i1094] - assert 0 == 128
FAILED tests/test_cpu.py::test_daveNES[C:/Users/David/Documents/Coding/daveNES/tests/ProcessorTests-main/nes6502/v1/2a.json-i1095] - assert 130 == 65
FAILED tests/test_cpu.py::test_daveNES[C:/Users/David/Documents/Coding/daveNES/tests/ProcessorTests-main/nes6502/v1/2a.json-i1096] - assert 20 == 10
FAILED tests/test_cpu.py::test_daveNES[C:/Users/David/Documents/Coding/daveNES/tests/ProcessorTests-main/nes6502/v1/2a.json-i1097] - assert 215 == 107
FAILED tests/test_cpu.py::test_daveNES[C:/Users/David/Documents/Coding/daveNES/tests/ProcessorTests-main/nes6502/v1/2a.json-i1098] - assert 182 == 219
FAILED tests/test_cpu.py::test_daveNES[C:/Users/David/Documents/Coding/daveNES/tests/ProcessorTests-main/nes6502/v1/2a.json-i1099] - assert 50 == 153
FAILED tests/test_cpu.py::test_daveNES[C:/Users/David/Documents/Coding/daveNES/tests/ProcessorTests-main/nes6502/v1/3e.json-i1130] - AttributeError: 'int' object has no attribute 'astype'
FAILED tests/test_cpu.py::test_daveNES[C:/Users/David/Documents/Coding/daveNES/tests/ProcessorTests-main/nes6502/v1/3e.json-i1131] - AttributeError: 'int' object has no attribute 'astype'
FAILED tests/test_cpu.py::test_daveNES[C:/Users/David/Documents/Coding/daveNES/tests/ProcessorTests-main/nes6502/v1/3e.json-i1132] - AttributeError: 'int' object has no attribute 'astype'
FAILED tests/test_cpu.py::test_daveNES[C:/Users/David/Documents/Coding/daveNES/tests/ProcessorTests-main/nes6502/v1/3e.json-i1133] - AttributeError: 'int' object has no attribute 'astype'
FAILED tests/test_cpu.py::test_daveNES[C:/Users/David/Documents/Coding/daveNES/tests/ProcessorTests-main/nes6502/v1/3e.json-i1134] - AttributeError: 'int' object has no attribute 'astype'
FAILED tests/test_cpu.py::test_daveNES[C:/Users/David/Documents/Coding/daveNES/tests/ProcessorTests-main/nes6502/v1/3e.json-i1135] - AttributeError: 'int' object has no attribute 'astype'
FAILED tests/test_cpu.py::test_daveNES[C:/Users/David/Documents/Coding/daveNES/tests/ProcessorTests-main/nes6502/v1/3e.json-i1136] - AttributeError: 'int' object has no attribute 'astype'
FAILED tests/test_cpu.py::test_daveNES[C:/Users/David/Documents/Coding/daveNES/tests/ProcessorTests-main/nes6502/v1/3e.json-i1137] - AttributeError: 'int' object has no attribute 'astype'
FAILED tests/test_cpu.py::test_daveNES[C:/Users/David/Documents/Coding/daveNES/tests/ProcessorTests-main/nes6502/v1/3e.json-i1138] - AttributeError: 'int' object has no attribute 'astype'
FAILED tests/test_cpu.py::test_daveNES[C:/Users/David/Documents/Coding/daveNES/tests/ProcessorTests-main/nes6502/v1/3e.json-i1139] - AttributeError: 'int' object has no attribute 'astype'
FAILED tests/test_cpu.py::test_daveNES[C:/Users/David/Documents/Coding/daveNES/tests/ProcessorTests-main/nes6502/v1/6a.json-i1140] - NotImplementedError
FAILED tests/test_cpu.py::test_daveNES[C:/Users/David/Documents/Coding/daveNES/tests/ProcessorTests-main/nes6502/v1/6a.json-i1141] - NotImplementedError
FAILED tests/test_cpu.py::test_daveNES[C:/Users/David/Documents/Coding/daveNES/tests/ProcessorTests-main/nes6502/v1/6a.json-i1142] - NotImplementedError
FAILED tests/test_cpu.py::test_daveNES[C:/Users/David/Documents/Coding/daveNES/tests/ProcessorTests-main/nes6502/v1/6a.json-i1143] - NotImplementedError
FAILED tests/test_cpu.py::test_daveNES[C:/Users/David/Documents/Coding/daveNES/tests/ProcessorTests-main/nes6502/v1/6a.json-i1144] - NotImplementedError
FAILED tests/test_cpu.py::test_daveNES[C:/Users/David/Documents/Coding/daveNES/tests/ProcessorTests-main/nes6502/v1/6a.json-i1145] - NotImplementedError
FAILED tests/test_cpu.py::test_daveNES[C:/Users/David/Documents/Coding/daveNES/tests/ProcessorTests-main/nes6502/v1/6a.json-i1146] - NotImplementedError
FAILED tests/test_cpu.py::test_daveNES[C:/Users/David/Documents/Coding/daveNES/tests/ProcessorTests-main/nes6502/v1/6a.json-i1147] - NotImplementedError
FAILED tests/test_cpu.py::test_daveNES[C:/Users/David/Documents/Coding/daveNES/tests/ProcessorTests-main/nes6502/v1/6a.json-i1148] - NotImplementedError
FAILED tests/test_cpu.py::test_daveNES[C:/Users/David/Documents/Coding/daveNES/tests/ProcessorTests-main/nes6502/v1/6a.json-i1149] - NotImplementedError
FAILED tests/test_cpu.py::test_daveNES[C:/Users/David/Documents/Coding/daveNES/tests/ProcessorTests-main/nes6502/v1/66.json-i1150] - NotImplementedError
FAILED tests/test_cpu.py::test_daveNES[C:/Users/David/Documents/Coding/daveNES/tests/ProcessorTests-main/nes6502/v1/66.json-i1151] - NotImplementedError
FAILED tests/test_cpu.py::test_daveNES[C:/Users/David/Documents/Coding/daveNES/tests/ProcessorTests-main/nes6502/v1/66.json-i1152] - NotImplementedError
FAILED tests/test_cpu.py::test_daveNES[C:/Users/David/Documents/Coding/daveNES/tests/ProcessorTests-main/nes6502/v1/66.json-i1153] - NotImplementedError
FAILED tests/test_cpu.py::test_daveNES[C:/Users/David/Documents/Coding/daveNES/tests/ProcessorTests-main/nes6502/v1/66.json-i1154] - NotImplementedError
FAILED tests/test_cpu.py::test_daveNES[C:/Users/David/Documents/Coding/daveNES/tests/ProcessorTests-main/nes6502/v1/66.json-i1155] - NotImplementedError
FAILED tests/test_cpu.py::test_daveNES[C:/Users/David/Documents/Coding/daveNES/tests/ProcessorTests-main/nes6502/v1/66.json-i1156] - NotImplementedError
FAILED tests/test_cpu.py::test_daveNES[C:/Users/David/Documents/Coding/daveNES/tests/ProcessorTests-main/nes6502/v1/66.json-i1157] - NotImplementedError
FAILED tests/test_cpu.py::test_daveNES[C:/Users/David/Documents/Coding/daveNES/tests/ProcessorTests-main/nes6502/v1/66.json-i1158] - NotImplementedError
FAILED tests/test_cpu.py::test_daveNES[C:/Users/David/Documents/Coding/daveNES/tests/ProcessorTests-main/nes6502/v1/66.json-i1159] - NotImplementedError
FAILED tests/test_cpu.py::test_daveNES[C:/Users/David/Documents/Coding/daveNES/tests/ProcessorTests-main/nes6502/v1/76.json-i1160] - NotImplementedError
FAILED tests/test_cpu.py::test_daveNES[C:/Users/David/Documents/Coding/daveNES/tests/ProcessorTests-main/nes6502/v1/76.json-i1161] - NotImplementedError
FAILED tests/test_cpu.py::test_daveNES[C:/Users/David/Documents/Coding/daveNES/tests/ProcessorTests-main/nes6502/v1/76.json-i1162] - NotImplementedError
FAILED tests/test_cpu.py::test_daveNES[C:/Users/David/Documents/Coding/daveNES/tests/ProcessorTests-main/nes6502/v1/76.json-i1163] - NotImplementedError
FAILED tests/test_cpu.py::test_daveNES[C:/Users/David/Documents/Coding/daveNES/tests/ProcessorTests-main/nes6502/v1/76.json-i1164] - NotImplementedError
FAILED tests/test_cpu.py::test_daveNES[C:/Users/David/Documents/Coding/daveNES/tests/ProcessorTests-main/nes6502/v1/76.json-i1165] - NotImplementedError
FAILED tests/test_cpu.py::test_daveNES[C:/Users/David/Documents/Coding/daveNES/tests/ProcessorTests-main/nes6502/v1/76.json-i1166] - NotImplementedError
FAILED tests/test_cpu.py::test_daveNES[C:/Users/David/Documents/Coding/daveNES/tests/ProcessorTests-main/nes6502/v1/76.json-i1167] - NotImplementedError
FAILED tests/test_cpu.py::test_daveNES[C:/Users/David/Documents/Coding/daveNES/tests/ProcessorTests-main/nes6502/v1/76.json-i1168] - NotImplementedError
FAILED tests/test_cpu.py::test_daveNES[C:/Users/David/Documents/Coding/daveNES/tests/ProcessorTests-main/nes6502/v1/76.json-i1169] - NotImplementedError
FAILED tests/test_cpu.py::test_daveNES[C:/Users/David/Documents/Coding/daveNES/tests/ProcessorTests-main/nes6502/v1/6e.json-i1170] - NotImplementedError
FAILED tests/test_cpu.py::test_daveNES[C:/Users/David/Documents/Coding/daveNES/tests/ProcessorTests-main/nes6502/v1/6e.json-i1171] - NotImplementedError
FAILED tests/test_cpu.py::test_daveNES[C:/Users/David/Documents/Coding/daveNES/tests/ProcessorTests-main/nes6502/v1/6e.json-i1172] - NotImplementedError
FAILED tests/test_cpu.py::test_daveNES[C:/Users/David/Documents/Coding/daveNES/tests/ProcessorTests-main/nes6502/v1/6e.json-i1173] - NotImplementedError
FAILED tests/test_cpu.py::test_daveNES[C:/Users/David/Documents/Coding/daveNES/tests/ProcessorTests-main/nes6502/v1/6e.json-i1174] - NotImplementedError
FAILED tests/test_cpu.py::test_daveNES[C:/Users/David/Documents/Coding/daveNES/tests/ProcessorTests-main/nes6502/v1/6e.json-i1175] - NotImplementedError
FAILED tests/test_cpu.py::test_daveNES[C:/Users/David/Documents/Coding/daveNES/tests/ProcessorTests-main/nes6502/v1/6e.json-i1176] - NotImplementedError
FAILED tests/test_cpu.py::test_daveNES[C:/Users/David/Documents/Coding/daveNES/tests/ProcessorTests-main/nes6502/v1/6e.json-i1177] - NotImplementedError
FAILED tests/test_cpu.py::test_daveNES[C:/Users/David/Documents/Coding/daveNES/tests/ProcessorTests-main/nes6502/v1/6e.json-i1178] - NotImplementedError
FAILED tests/test_cpu.py::test_daveNES[C:/Users/David/Documents/Coding/daveNES/tests/ProcessorTests-main/nes6502/v1/6e.json-i1179] - NotImplementedError
FAILED tests/test_cpu.py::test_daveNES[C:/Users/David/Documents/Coding/daveNES/tests/ProcessorTests-main/nes6502/v1/7e.json-i1180] - NotImplementedError
FAILED tests/test_cpu.py::test_daveNES[C:/Users/David/Documents/Coding/daveNES/tests/ProcessorTests-main/nes6502/v1/7e.json-i1181] - NotImplementedError
FAILED tests/test_cpu.py::test_daveNES[C:/Users/David/Documents/Coding/daveNES/tests/ProcessorTests-main/nes6502/v1/7e.json-i1182] - NotImplementedError
FAILED tests/test_cpu.py::test_daveNES[C:/Users/David/Documents/Coding/daveNES/tests/ProcessorTests-main/nes6502/v1/7e.json-i1183] - NotImplementedError
FAILED tests/test_cpu.py::test_daveNES[C:/Users/David/Documents/Coding/daveNES/tests/ProcessorTests-main/nes6502/v1/7e.json-i1184] - NotImplementedError
FAILED tests/test_cpu.py::test_daveNES[C:/Users/David/Documents/Coding/daveNES/tests/ProcessorTests-main/nes6502/v1/7e.json-i1185] - NotImplementedError
FAILED tests/test_cpu.py::test_daveNES[C:/Users/David/Documents/Coding/daveNES/tests/ProcessorTests-main/nes6502/v1/7e.json-i1186] - NotImplementedError
FAILED tests/test_cpu.py::test_daveNES[C:/Users/David/Documents/Coding/daveNES/tests/ProcessorTests-main/nes6502/v1/7e.json-i1187] - NotImplementedError
FAILED tests/test_cpu.py::test_daveNES[C:/Users/David/Documents/Coding/daveNES/tests/ProcessorTests-main/nes6502/v1/7e.json-i1188] - NotImplementedError
FAILED tests/test_cpu.py::test_daveNES[C:/Users/David/Documents/Coding/daveNES/tests/ProcessorTests-main/nes6502/v1/7e.json-i1189] - NotImplementedError
FAILED tests/test_cpu.py::test_daveNES[C:/Users/David/Documents/Coding/daveNES/tests/ProcessorTests-main/nes6502/v1/40.json-i1190] - NotImplementedError
FAILED tests/test_cpu.py::test_daveNES[C:/Users/David/Documents/Coding/daveNES/tests/ProcessorTests-main/nes6502/v1/40.json-i1191] - NotImplementedError
FAILED tests/test_cpu.py::test_daveNES[C:/Users/David/Documents/Coding/daveNES/tests/ProcessorTests-main/nes6502/v1/40.json-i1192] - NotImplementedError
FAILED tests/test_cpu.py::test_daveNES[C:/Users/David/Documents/Coding/daveNES/tests/ProcessorTests-main/nes6502/v1/40.json-i1193] - NotImplementedError
FAILED tests/test_cpu.py::test_daveNES[C:/Users/David/Documents/Coding/daveNES/tests/ProcessorTests-main/nes6502/v1/40.json-i1194] - NotImplementedError
FAILED tests/test_cpu.py::test_daveNES[C:/Users/David/Documents/Coding/daveNES/tests/ProcessorTests-main/nes6502/v1/40.json-i1195] - NotImplementedError
FAILED tests/test_cpu.py::test_daveNES[C:/Users/David/Documents/Coding/daveNES/tests/ProcessorTests-main/nes6502/v1/40.json-i1196] - NotImplementedError
FAILED tests/test_cpu.py::test_daveNES[C:/Users/David/Documents/Coding/daveNES/tests/ProcessorTests-main/nes6502/v1/40.json-i1197] - NotImplementedError
FAILED tests/test_cpu.py::test_daveNES[C:/Users/David/Documents/Coding/daveNES/tests/ProcessorTests-main/nes6502/v1/40.json-i1198] - NotImplementedError
FAILED tests/test_cpu.py::test_daveNES[C:/Users/David/Documents/Coding/daveNES/tests/ProcessorTests-main/nes6502/v1/40.json-i1199] - NotImplementedError
FAILED tests/test_cpu.py::test_daveNES[C:/Users/David/Documents/Coding/daveNES/tests/ProcessorTests-main/nes6502/v1/60.json-i1200] - assert 55752 == 1
FAILED tests/test_cpu.py::test_daveNES[C:/Users/David/Documents/Coding/daveNES/tests/ProcessorTests-main/nes6502/v1/60.json-i1201] - assert 44996 == 1
FAILED tests/test_cpu.py::test_daveNES[C:/Users/David/Documents/Coding/daveNES/tests/ProcessorTests-main/nes6502/v1/60.json-i1202] - assert 32240 == 1
FAILED tests/test_cpu.py::test_daveNES[C:/Users/David/Documents/Coding/daveNES/tests/ProcessorTests-main/nes6502/v1/60.json-i1203] - assert 60328 == 1
FAILED tests/test_cpu.py::test_daveNES[C:/Users/David/Documents/Coding/daveNES/tests/ProcessorTests-main/nes6502/v1/60.json-i1204] - assert 39492 == 1
FAILED tests/test_cpu.py::test_daveNES[C:/Users/David/Documents/Coding/daveNES/tests/ProcessorTests-main/nes6502/v1/60.json-i1205] - assert 58525 == 1
FAILED tests/test_cpu.py::test_daveNES[C:/Users/David/Documents/Coding/daveNES/tests/ProcessorTests-main/nes6502/v1/60.json-i1206] - assert 59037 == 1
FAILED tests/test_cpu.py::test_daveNES[C:/Users/David/Documents/Coding/daveNES/tests/ProcessorTests-main/nes6502/v1/60.json-i1207] - assert 26773 == 1
FAILED tests/test_cpu.py::test_daveNES[C:/Users/David/Documents/Coding/daveNES/tests/ProcessorTests-main/nes6502/v1/60.json-i1208] - assert 12899 == 1
FAILED tests/test_cpu.py::test_daveNES[C:/Users/David/Documents/Coding/daveNES/tests/ProcessorTests-main/nes6502/v1/60.json-i1209] - assert 35093 == 1
FAILED tests/test_cpu.py::test_daveNES[C:/Users/David/Documents/Coding/daveNES/tests/ProcessorTests-main/nes6502/v1/f5.json-i1231] - assert 193 == 87
FAILED tests/test_cpu.py::test_daveNES[C:/Users/David/Documents/Coding/daveNES/tests/ProcessorTests-main/nes6502/v1/f5.json-i1232] - assert 130 == 21
FAILED tests/test_cpu.py::test_daveNES[C:/Users/David/Documents/Coding/daveNES/tests/ProcessorTests-main/nes6502/v1/f5.json-i1234] - assert 55 == 175
FAILED tests/test_cpu.py::test_daveNES[C:/Users/David/Documents/Coding/daveNES/tests/ProcessorTests-main/nes6502/v1/f5.json-i1236] - assert 171 == 139
FAILED tests/test_cpu.py::test_daveNES[C:/Users/David/Documents/Coding/daveNES/tests/ProcessorTests-main/nes6502/v1/f5.json-i1237] - assert 227 == 13
FAILED tests/test_cpu.py::test_daveNES[C:/Users/David/Documents/Coding/daveNES/tests/ProcessorTests-main/nes6502/v1/f5.json-i1239] - assert 48 == 240
FAILED tests/test_cpu.py::test_daveNES[C:/Users/David/Documents/Coding/daveNES/tests/ProcessorTests-main/nes6502/v1/fd.json-i1250] - AttributeError: 'int' object has no attribute 'astype'
FAILED tests/test_cpu.py::test_daveNES[C:/Users/David/Documents/Coding/daveNES/tests/ProcessorTests-main/nes6502/v1/fd.json-i1251] - AttributeError: 'int' object has no attribute 'astype'
FAILED tests/test_cpu.py::test_daveNES[C:/Users/David/Documents/Coding/daveNES/tests/ProcessorTests-main/nes6502/v1/fd.json-i1252] - AttributeError: 'int' object has no attribute 'astype'
FAILED tests/test_cpu.py::test_daveNES[C:/Users/David/Documents/Coding/daveNES/tests/ProcessorTests-main/nes6502/v1/fd.json-i1253] - AttributeError: 'int' object has no attribute 'astype'
FAILED tests/test_cpu.py::test_daveNES[C:/Users/David/Documents/Coding/daveNES/tests/ProcessorTests-main/nes6502/v1/fd.json-i1254] - AttributeError: 'int' object has no attribute 'astype'
FAILED tests/test_cpu.py::test_daveNES[C:/Users/David/Documents/Coding/daveNES/tests/ProcessorTests-main/nes6502/v1/fd.json-i1255] - AttributeError: 'int' object has no attribute 'astype'
FAILED tests/test_cpu.py::test_daveNES[C:/Users/David/Documents/Coding/daveNES/tests/ProcessorTests-main/nes6502/v1/fd.json-i1256] - AttributeError: 'int' object has no attribute 'astype'
FAILED tests/test_cpu.py::test_daveNES[C:/Users/David/Documents/Coding/daveNES/tests/ProcessorTests-main/nes6502/v1/fd.json-i1257] - AttributeError: 'int' object has no attribute 'astype'
FAILED tests/test_cpu.py::test_daveNES[C:/Users/David/Documents/Coding/daveNES/tests/ProcessorTests-main/nes6502/v1/fd.json-i1258] - AttributeError: 'int' object has no attribute 'astype'
FAILED tests/test_cpu.py::test_daveNES[C:/Users/David/Documents/Coding/daveNES/tests/ProcessorTests-main/nes6502/v1/fd.json-i1259] - AttributeError: 'int' object has no attribute 'astype'
FAILED tests/test_cpu.py::test_daveNES[C:/Users/David/Documents/Coding/daveNES/tests/ProcessorTests-main/nes6502/v1/f9.json-i1260] - AttributeError: 'int' object has no attribute 'astype'
FAILED tests/test_cpu.py::test_daveNES[C:/Users/David/Documents/Coding/daveNES/tests/ProcessorTests-main/nes6502/v1/f9.json-i1261] - AttributeError: 'int' object has no attribute 'astype'
FAILED tests/test_cpu.py::test_daveNES[C:/Users/David/Documents/Coding/daveNES/tests/ProcessorTests-main/nes6502/v1/f9.json-i1262] - AttributeError: 'int' object has no attribute 'astype'
FAILED tests/test_cpu.py::test_daveNES[C:/Users/David/Documents/Coding/daveNES/tests/ProcessorTests-main/nes6502/v1/f9.json-i1263] - AttributeError: 'int' object has no attribute 'astype'
FAILED tests/test_cpu.py::test_daveNES[C:/Users/David/Documents/Coding/daveNES/tests/ProcessorTests-main/nes6502/v1/f9.json-i1264] - AttributeError: 'int' object has no attribute 'astype'
FAILED tests/test_cpu.py::test_daveNES[C:/Users/David/Documents/Coding/daveNES/tests/ProcessorTests-main/nes6502/v1/f9.json-i1265] - AttributeError: 'int' object has no attribute 'astype'
FAILED tests/test_cpu.py::test_daveNES[C:/Users/David/Documents/Coding/daveNES/tests/ProcessorTests-main/nes6502/v1/f9.json-i1266] - AttributeError: 'int' object has no attribute 'astype'
FAILED tests/test_cpu.py::test_daveNES[C:/Users/David/Documents/Coding/daveNES/tests/ProcessorTests-main/nes6502/v1/f9.json-i1267] - AttributeError: 'int' object has no attribute 'astype'
FAILED tests/test_cpu.py::test_daveNES[C:/Users/David/Documents/Coding/daveNES/tests/ProcessorTests-main/nes6502/v1/f9.json-i1268] - AttributeError: 'int' object has no attribute 'astype'
FAILED tests/test_cpu.py::test_daveNES[C:/Users/David/Documents/Coding/daveNES/tests/ProcessorTests-main/nes6502/v1/f9.json-i1269] - AttributeError: 'int' object has no attribute 'astype'
FAILED tests/test_cpu.py::test_daveNES[C:/Users/David/Documents/Coding/daveNES/tests/ProcessorTests-main/nes6502/v1/e1.json-i1272] - assert 210 == 178
FAILED tests/test_cpu.py::test_daveNES[C:/Users/David/Documents/Coding/daveNES/tests/ProcessorTests-main/nes6502/v1/e1.json-i1273] - assert 61 == 186
FAILED tests/test_cpu.py::test_daveNES[C:/Users/David/Documents/Coding/daveNES/tests/ProcessorTests-main/nes6502/v1/e1.json-i1275] - assert 228 == 180
FAILED tests/test_cpu.py::test_daveNES[C:/Users/David/Documents/Coding/daveNES/tests/ProcessorTests-main/nes6502/v1/e1.json-i1276] - assert 86 == 70
FAILED tests/test_cpu.py::test_daveNES[C:/Users/David/Documents/Coding/daveNES/tests/ProcessorTests-main/nes6502/v1/e1.json-i1278] - assert 180 == 22
FAILED tests/test_cpu.py::test_daveNES[C:/Users/David/Documents/Coding/daveNES/tests/ProcessorTests-main/nes6502/v1/e1.json-i1279] - assert 117 == 69
FAILED tests/test_cpu.py::test_daveNES[C:/Users/David/Documents/Coding/daveNES/tests/ProcessorTests-main/nes6502/v1/9d.json-i1350] - AttributeError: 'int' object has no attribute 'astype'
FAILED tests/test_cpu.py::test_daveNES[C:/Users/David/Documents/Coding/daveNES/tests/ProcessorTests-main/nes6502/v1/9d.json-i1351] - AttributeError: 'int' object has no attribute 'astype'
FAILED tests/test_cpu.py::test_daveNES[C:/Users/David/Documents/Coding/daveNES/tests/ProcessorTests-main/nes6502/v1/9d.json-i1352] - AttributeError: 'int' object has no attribute 'astype'
FAILED tests/test_cpu.py::test_daveNES[C:/Users/David/Documents/Coding/daveNES/tests/ProcessorTests-main/nes6502/v1/9d.json-i1353] - AttributeError: 'int' object has no attribute 'astype'
FAILED tests/test_cpu.py::test_daveNES[C:/Users/David/Documents/Coding/daveNES/tests/ProcessorTests-main/nes6502/v1/9d.json-i1354] - AttributeError: 'int' object has no attribute 'astype'
FAILED tests/test_cpu.py::test_daveNES[C:/Users/David/Documents/Coding/daveNES/tests/ProcessorTests-main/nes6502/v1/9d.json-i1355] - AttributeError: 'int' object has no attribute 'astype'
FAILED tests/test_cpu.py::test_daveNES[C:/Users/David/Documents/Coding/daveNES/tests/ProcessorTests-main/nes6502/v1/9d.json-i1356] - AttributeError: 'int' object has no attribute 'astype'
FAILED tests/test_cpu.py::test_daveNES[C:/Users/David/Documents/Coding/daveNES/tests/ProcessorTests-main/nes6502/v1/9d.json-i1357] - AttributeError: 'int' object has no attribute 'astype'
FAILED tests/test_cpu.py::test_daveNES[C:/Users/David/Documents/Coding/daveNES/tests/ProcessorTests-main/nes6502/v1/9d.json-i1358] - AttributeError: 'int' object has no attribute 'astype'
FAILED tests/test_cpu.py::test_daveNES[C:/Users/David/Documents/Coding/daveNES/tests/ProcessorTests-main/nes6502/v1/9d.json-i1359] - AttributeError: 'int' object has no attribute 'astype'
FAILED tests/test_cpu.py::test_daveNES[C:/Users/David/Documents/Coding/daveNES/tests/ProcessorTests-main/nes6502/v1/99.json-i1360] - AttributeError: 'int' object has no attribute 'astype'
FAILED tests/test_cpu.py::test_daveNES[C:/Users/David/Documents/Coding/daveNES/tests/ProcessorTests-main/nes6502/v1/99.json-i1361] - AttributeError: 'int' object has no attribute 'astype'
FAILED tests/test_cpu.py::test_daveNES[C:/Users/David/Documents/Coding/daveNES/tests/ProcessorTests-main/nes6502/v1/99.json-i1362] - AttributeError: 'int' object has no attribute 'astype'
FAILED tests/test_cpu.py::test_daveNES[C:/Users/David/Documents/Coding/daveNES/tests/ProcessorTests-main/nes6502/v1/99.json-i1363] - AttributeError: 'int' object has no attribute 'astype'
FAILED tests/test_cpu.py::test_daveNES[C:/Users/David/Documents/Coding/daveNES/tests/ProcessorTests-main/nes6502/v1/99.json-i1364] - AttributeError: 'int' object has no attribute 'astype'
FAILED tests/test_cpu.py::test_daveNES[C:/Users/David/Documents/Coding/daveNES/tests/ProcessorTests-main/nes6502/v1/99.json-i1365] - AttributeError: 'int' object has no attribute 'astype'
FAILED tests/test_cpu.py::test_daveNES[C:/Users/David/Documents/Coding/daveNES/tests/ProcessorTests-main/nes6502/v1/99.json-i1366] - AttributeError: 'int' object has no attribute 'astype'
FAILED tests/test_cpu.py::test_daveNES[C:/Users/David/Documents/Coding/daveNES/tests/ProcessorTests-main/nes6502/v1/99.json-i1367] - AttributeError: 'int' object has no attribute 'astype'
FAILED tests/test_cpu.py::test_daveNES[C:/Users/David/Documents/Coding/daveNES/tests/ProcessorTests-main/nes6502/v1/99.json-i1368] - AttributeError: 'int' object has no attribute 'astype'
FAILED tests/test_cpu.py::test_daveNES[C:/Users/David/Documents/Coding/daveNES/tests/ProcessorTests-main/nes6502/v1/99.json-i1369] - AttributeError: 'int' object has no attribute 'astype'
FAILED tests/test_cpu.py::test_daveNES[C:/Users/David/Documents/Coding/daveNES/tests/ProcessorTests-main/nes6502/v1/ba.json-i1470] - NotImplementedError
FAILED tests/test_cpu.py::test_daveNES[C:/Users/David/Documents/Coding/daveNES/tests/ProcessorTests-main/nes6502/v1/ba.json-i1471] - NotImplementedError
FAILED tests/test_cpu.py::test_daveNES[C:/Users/David/Documents/Coding/daveNES/tests/ProcessorTests-main/nes6502/v1/ba.json-i1472] - NotImplementedError
FAILED tests/test_cpu.py::test_daveNES[C:/Users/David/Documents/Coding/daveNES/tests/ProcessorTests-main/nes6502/v1/ba.json-i1473] - NotImplementedError
FAILED tests/test_cpu.py::test_daveNES[C:/Users/David/Documents/Coding/daveNES/tests/ProcessorTests-main/nes6502/v1/ba.json-i1474] - NotImplementedError
FAILED tests/test_cpu.py::test_daveNES[C:/Users/David/Documents/Coding/daveNES/tests/ProcessorTests-main/nes6502/v1/ba.json-i1475] - NotImplementedError
FAILED tests/test_cpu.py::test_daveNES[C:/Users/David/Documents/Coding/daveNES/tests/ProcessorTests-main/nes6502/v1/ba.json-i1476] - NotImplementedError
FAILED tests/test_cpu.py::test_daveNES[C:/Users/David/Documents/Coding/daveNES/tests/ProcessorTests-main/nes6502/v1/ba.json-i1477] - NotImplementedError
FAILED tests/test_cpu.py::test_daveNES[C:/Users/David/Documents/Coding/daveNES/tests/ProcessorTests-main/nes6502/v1/ba.json-i1478] - NotImplementedError
FAILED tests/test_cpu.py::test_daveNES[C:/Users/David/Documents/Coding/daveNES/tests/ProcessorTests-main/nes6502/v1/ba.json-i1479] - NotImplementedError
FAILED tests/test_cpu.py::test_daveNES[C:/Users/David/Documents/Coding/daveNES/tests/ProcessorTests-main/nes6502/v1/98.json-i1500] - NotImplementedError
FAILED tests/test_cpu.py::test_daveNES[C:/Users/David/Documents/Coding/daveNES/tests/ProcessorTests-main/nes6502/v1/98.json-i1501] - NotImplementedError
FAILED tests/test_cpu.py::test_daveNES[C:/Users/David/Documents/Coding/daveNES/tests/ProcessorTests-main/nes6502/v1/98.json-i1502] - NotImplementedError
FAILED tests/test_cpu.py::test_daveNES[C:/Users/David/Documents/Coding/daveNES/tests/ProcessorTests-main/nes6502/v1/98.json-i1503] - NotImplementedError
FAILED tests/test_cpu.py::test_daveNES[C:/Users/David/Documents/Coding/daveNES/tests/ProcessorTests-main/nes6502/v1/98.json-i1504] - NotImplementedError
FAILED tests/test_cpu.py::test_daveNES[C:/Users/David/Documents/Coding/daveNES/tests/ProcessorTests-main/nes6502/v1/98.json-i1505] - NotImplementedError
FAILED tests/test_cpu.py::test_daveNES[C:/Users/David/Documents/Coding/daveNES/tests/ProcessorTests-main/nes6502/v1/98.json-i1506] - NotImplementedError
FAILED tests/test_cpu.py::test_daveNES[C:/Users/David/Documents/Coding/daveNES/tests/ProcessorTests-main/nes6502/v1/98.json-i1507] - NotImplementedError
FAILED tests/test_cpu.py::test_daveNES[C:/Users/David/Documents/Coding/daveNES/tests/ProcessorTests-main/nes6502/v1/98.json-i1508] - NotImplementedError
FAILED tests/test_cpu.py::test_daveNES[C:/Users/David/Documents/Coding/daveNES/tests/ProcessorTests-main/nes6502/v1/98.json-i1509] - NotImplementedError